[ 2018-02-23T09:05:03+08:00 ] 124.202.207.110 /index.php/Admin/Equipment/index/p/1
INFO: [ app_init ] --START--
INFO: Run Behavior\BuildLiteBehavior [ RunTime:0.000006s ]
INFO: [ app_init ] --END-- [ RunTime:0.000169s ]
INFO: [ app_begin ] --START--
INFO: Run Behavior\ReadHtmlCacheBehavior [ RunTime:0.000238s ]
INFO: [ app_begin ] --END-- [ RunTime:0.000254s ]
SQL: SHOW COLUMNS FROM `sw_auth_group_access` [ RunTime:0.0028s ]
SQL: SELECT `uid`,`group_id`,`title`,`rules` FROM sw_auth_group_access a INNER JOIN sw_auth_group g on a.group_id=g.id  WHERE ( a.uid='3' and g.status='1' )  [ RunTime:0.0027s ]
SQL: SHOW COLUMNS FROM `sw_auth_rule` [ RunTime:0.0027s ]
SQL: SELECT `condition`,`name` FROM `sw_auth_rule` WHERE `id` IN ('1','14','143','144','6','2','3','15','16','17','18','4','20','21','7','8','10','19','150','152','147','155','156','148','157','158','159') AND `type` = 1 AND `status` = 1  [ RunTime:0.0026s ]
SQL: SHOW COLUMNS FROM `sw_auth_rule` [ RunTime:0.0027s ]
SQL: SELECT * FROM `sw_auth_rule` WHERE ( pid=0 )  [ RunTime:0.0025s ]
SQL: SELECT * FROM `sw_auth_rule` WHERE `pid` = 1 AND `state` = 0  [ RunTime:0.0025s ]
SQL: SELECT * FROM `sw_auth_rule` WHERE `pid` = 6 AND `state` = 0  [ RunTime:0.0025s ]
SQL: SELECT * FROM `sw_auth_rule` WHERE `pid` = 147 AND `state` = 0  [ RunTime:0.0026s ]
SQL: SELECT * FROM `sw_auth_rule` WHERE `pid` = 148 AND `state` = 0  [ RunTime:0.0025s ]
SQL: SELECT * FROM `sw_auth_rule` WHERE `pid` = 157 AND `state` = 0  [ RunTime:0.0025s ]
SQL: SELECT * FROM `sw_auth_rule` WHERE `pid` = 158 AND `state` = 0  [ RunTime:0.0025s ]
SQL: SELECT * FROM `sw_auth_rule` WHERE `pid` = 159 AND `state` = 0  [ RunTime:0.0025s ]
NOTIC: [8] Undefined index: limit /data/www/ph3.yichiot.com/Application/Admin/Controller/EquipmentController.class.php 第 17 行.
NOTIC: [8] Undefined index:  /data/www/ph3.yichiot.com/Application/Admin/Controller/EquipmentController.class.php 第 19 行.
NOTIC: [8] Undefined index: dw /data/www/ph3.yichiot.com/Application/Admin/Controller/EquipmentController.class.php 第 21 行.
NOTIC: [8] Undefined index: range /data/www/ph3.yichiot.com/Application/Admin/Controller/EquipmentController.class.php 第 44 行.
SQL: SHOW COLUMNS FROM `sw_equipment` [ RunTime:0.0028s ]
SQL: SELECT COUNT(*) AS tp_count FROM `sw_equipment` WHERE ( 1=1 ) LIMIT 1   [ RunTime:0.0025s ]
NOTIC: [8] Undefined variable: the_first /data/www/ph3.yichiot.com/ThinkPHP/Library/Think/Page.class.php 第 148 行.
NOTIC: [8] Undefined variable: the_end /data/www/ph3.yichiot.com/ThinkPHP/Library/Think/Page.class.php 第 148 行.
SQL: SELECT * FROM `sw_equipment` WHERE ( 1=1 ) LIMIT 0,5   [ RunTime:0.0026s ]
SQL: SHOW COLUMNS FROM `sw_user` [ RunTime:0.0027s ]
SQL: SELECT `id`,`username` FROM `sw_user`  [ RunTime:0.0025s ]
INFO: [ view_parse ] --START--
INFO: [ template_filter ] --START--
INFO: Run Behavior\ContentReplaceBehavior [ RunTime:0.000076s ]
INFO: [ template_filter ] --END-- [ RunTime:0.000095s ]
INFO: Run Behavior\ParseTemplateBehavior [ RunTime:0.007137s ]
INFO: [ view_parse ] --END-- [ RunTime:0.007157s ]
INFO: [ view_filter ] --START--
INFO: Run Behavior\WriteHtmlCacheBehavior [ RunTime:0.000197s ]
INFO: [ view_filter ] --END-- [ RunTime:0.000212s ]
INFO: [ app_end ] --START--
INFO: Run Behavior\ShowPageTraceBehavior [ RunTime:0.000305s ]
INFO: [ app_end ] --END-- [ RunTime:0.000318s ]

[ 2018-02-23T15:40:12+08:00 ] 124.202.207.110 /index.php/Admin/Equipment/index/p/1
INFO: [ app_init ] --START--
INFO: Run Behavior\BuildLiteBehavior [ RunTime:0.000006s ]
INFO: [ app_init ] --END-- [ RunTime:0.000175s ]
INFO: [ app_begin ] --START--
INFO: Run Behavior\ReadHtmlCacheBehavior [ RunTime:0.000234s ]
INFO: [ app_begin ] --END-- [ RunTime:0.000250s ]
SQL: SHOW COLUMNS FROM `sw_auth_group_access` [ RunTime:0.0032s ]
SQL: SELECT `uid`,`group_id`,`title`,`rules` FROM sw_auth_group_access a INNER JOIN sw_auth_group g on a.group_id=g.id  WHERE ( a.uid='3' and g.status='1' )  [ RunTime:0.0032s ]
SQL: SHOW COLUMNS FROM `sw_auth_rule` [ RunTime:0.0031s ]
SQL: SELECT `condition`,`name` FROM `sw_auth_rule` WHERE `id` IN ('1','14','143','144','6','2','3','15','16','17','18','4','20','21','7','8','10','19','150','152','147','155','156','148','157','158','159') AND `type` = 1 AND `status` = 1  [ RunTime:0.0030s ]
SQL: SHOW COLUMNS FROM `sw_auth_rule` [ RunTime:0.0031s ]
SQL: SELECT * FROM `sw_auth_rule` WHERE ( pid=0 )  [ RunTime:0.0029s ]
SQL: SELECT * FROM `sw_auth_rule` WHERE `pid` = 1 AND `state` = 0  [ RunTime:0.0029s ]
SQL: SELECT * FROM `sw_auth_rule` WHERE `pid` = 6 AND `state` = 0  [ RunTime:0.0029s ]
SQL: SELECT * FROM `sw_auth_rule` WHERE `pid` = 147 AND `state` = 0  [ RunTime:0.0029s ]
SQL: SELECT * FROM `sw_auth_rule` WHERE `pid` = 148 AND `state` = 0  [ RunTime:0.0029s ]
SQL: SELECT * FROM `sw_auth_rule` WHERE `pid` = 157 AND `state` = 0  [ RunTime:0.0029s ]
SQL: SELECT * FROM `sw_auth_rule` WHERE `pid` = 158 AND `state` = 0  [ RunTime:0.0030s ]
SQL: SELECT * FROM `sw_auth_rule` WHERE `pid` = 159 AND `state` = 0  [ RunTime:0.0029s ]
NOTIC: [8] Undefined index: limit /data/www/ph3.yichiot.com/Application/Admin/Controller/EquipmentController.class.php 第 17 行.
NOTIC: [8] Undefined index:  /data/www/ph3.yichiot.com/Application/Admin/Controller/EquipmentController.class.php 第 19 行.
NOTIC: [8] Undefined index: dw /data/www/ph3.yichiot.com/Application/Admin/Controller/EquipmentController.class.php 第 21 行.
NOTIC: [8] Undefined index: range /data/www/ph3.yichiot.com/Application/Admin/Controller/EquipmentController.class.php 第 44 行.
SQL: SHOW COLUMNS FROM `sw_equipment` [ RunTime:0.0032s ]
SQL: SELECT COUNT(*) AS tp_count FROM `sw_equipment` WHERE ( 1=1 ) LIMIT 1   [ RunTime:0.0030s ]
NOTIC: [8] Undefined variable: the_first /data/www/ph3.yichiot.com/ThinkPHP/Library/Think/Page.class.php 第 148 行.
NOTIC: [8] Undefined variable: the_end /data/www/ph3.yichiot.com/ThinkPHP/Library/Think/Page.class.php 第 148 行.
SQL: SELECT * FROM `sw_equipment` WHERE ( 1=1 ) LIMIT 0,5   [ RunTime:0.0030s ]
SQL: SHOW COLUMNS FROM `sw_user` [ RunTime:0.0032s ]
SQL: SELECT `id`,`username` FROM `sw_user`  [ RunTime:0.0030s ]
INFO: [ view_parse ] --START--
INFO: [ template_filter ] --START--
INFO: Run Behavior\ContentReplaceBehavior [ RunTime:0.000075s ]
INFO: [ template_filter ] --END-- [ RunTime:0.000093s ]
INFO: Run Behavior\ParseTemplateBehavior [ RunTime:0.006885s ]
INFO: [ view_parse ] --END-- [ RunTime:0.006903s ]
INFO: [ view_filter ] --START--
INFO: Run Behavior\WriteHtmlCacheBehavior [ RunTime:0.000072s ]
INFO: [ view_filter ] --END-- [ RunTime:0.000084s ]
INFO: [ app_end ] --START--
INFO: Run Behavior\ShowPageTraceBehavior [ RunTime:0.000336s ]
INFO: [ app_end ] --END-- [ RunTime:0.000351s ]

[ 2018-02-23T15:40:34+08:00 ] 124.202.207.110 /index.php/Admin/Equipment/index/p/1
INFO: [ app_init ] --START--
INFO: Run Behavior\BuildLiteBehavior [ RunTime:0.000006s ]
INFO: [ app_init ] --END-- [ RunTime:0.000172s ]
INFO: [ app_begin ] --START--
INFO: Run Behavior\ReadHtmlCacheBehavior [ RunTime:0.000237s ]
INFO: [ app_begin ] --END-- [ RunTime:0.000253s ]
SQL: SHOW COLUMNS FROM `sw_auth_group_access` [ RunTime:0.0028s ]
SQL: SELECT `uid`,`group_id`,`title`,`rules` FROM sw_auth_group_access a INNER JOIN sw_auth_group g on a.group_id=g.id  WHERE ( a.uid='3' and g.status='1' )  [ RunTime:0.0027s ]
SQL: SHOW COLUMNS FROM `sw_auth_rule` [ RunTime:0.0028s ]
SQL: SELECT `condition`,`name` FROM `sw_auth_rule` WHERE `id` IN ('1','14','143','144','6','2','3','15','16','17','18','4','20','21','7','8','10','19','150','152','147','155','156','148','157','158','159') AND `type` = 1 AND `status` = 1  [ RunTime:0.0026s ]
SQL: SHOW COLUMNS FROM `sw_auth_rule` [ RunTime:0.0027s ]
SQL: SELECT * FROM `sw_auth_rule` WHERE ( pid=0 )  [ RunTime:0.0025s ]
SQL: SELECT * FROM `sw_auth_rule` WHERE `pid` = 1 AND `state` = 0  [ RunTime:0.0025s ]
SQL: SELECT * FROM `sw_auth_rule` WHERE `pid` = 6 AND `state` = 0  [ RunTime:0.0025s ]
SQL: SELECT * FROM `sw_auth_rule` WHERE `pid` = 147 AND `state` = 0  [ RunTime:0.0025s ]
SQL: SELECT * FROM `sw_auth_rule` WHERE `pid` = 148 AND `state` = 0  [ RunTime:0.0025s ]
SQL: SELECT * FROM `sw_auth_rule` WHERE `pid` = 157 AND `state` = 0  [ RunTime:0.0025s ]
SQL: SELECT * FROM `sw_auth_rule` WHERE `pid` = 158 AND `state` = 0  [ RunTime:0.0025s ]
SQL: SELECT * FROM `sw_auth_rule` WHERE `pid` = 159 AND `state` = 0  [ RunTime:0.0025s ]
NOTIC: [8] Undefined index: limit /data/www/ph3.yichiot.com/Application/Admin/Controller/EquipmentController.class.php 第 17 行.
NOTIC: [8] Undefined index:  /data/www/ph3.yichiot.com/Application/Admin/Controller/EquipmentController.class.php 第 19 行.
NOTIC: [8] Undefined index: dw /data/www/ph3.yichiot.com/Application/Admin/Controller/EquipmentController.class.php 第 21 行.
NOTIC: [8] Undefined index: range /data/www/ph3.yichiot.com/Application/Admin/Controller/EquipmentController.class.php 第 44 行.
SQL: SHOW COLUMNS FROM `sw_equipment` [ RunTime:0.0028s ]
SQL: SELECT COUNT(*) AS tp_count FROM `sw_equipment` WHERE ( 1=1 ) LIMIT 1   [ RunTime:0.0026s ]
NOTIC: [8] Undefined variable: the_first /data/www/ph3.yichiot.com/ThinkPHP/Library/Think/Page.class.php 第 148 行.
NOTIC: [8] Undefined variable: the_end /data/www/ph3.yichiot.com/ThinkPHP/Library/Think/Page.class.php 第 148 行.
SQL: SELECT * FROM `sw_equipment` WHERE ( 1=1 ) LIMIT 0,5   [ RunTime:0.0026s ]
SQL: SHOW COLUMNS FROM `sw_user` [ RunTime:0.0027s ]
SQL: SELECT `id`,`username` FROM `sw_user`  [ RunTime:0.0025s ]
INFO: [ view_parse ] --START--
INFO: [ template_filter ] --START--
INFO: Run Behavior\ContentReplaceBehavior [ RunTime:0.000081s ]
INFO: [ template_filter ] --END-- [ RunTime:0.000101s ]
INFO: Run Behavior\ParseTemplateBehavior [ RunTime:0.006758s ]
INFO: [ view_parse ] --END-- [ RunTime:0.006777s ]
INFO: [ view_filter ] --START--
INFO: Run Behavior\WriteHtmlCacheBehavior [ RunTime:0.000081s ]
INFO: [ view_filter ] --END-- [ RunTime:0.000093s ]
INFO: [ app_end ] --START--
INFO: Run Behavior\ShowPageTraceBehavior [ RunTime:0.000301s ]
INFO: [ app_end ] --END-- [ RunTime:0.000315s ]

[ 2018-02-23T15:40:48+08:00 ] 124.202.207.110 /index.php/Admin/Equipment/index/p/1
INFO: [ app_init ] --START--
INFO: Run Behavior\BuildLiteBehavior [ RunTime:0.000006s ]
INFO: [ app_init ] --END-- [ RunTime:0.000168s ]
INFO: [ app_begin ] --START--
INFO: Run Behavior\ReadHtmlCacheBehavior [ RunTime:0.000250s ]
INFO: [ app_begin ] --END-- [ RunTime:0.000266s ]
SQL: SHOW COLUMNS FROM `sw_auth_group_access` [ RunTime:0.0022s ]
SQL: SELECT `uid`,`group_id`,`title`,`rules` FROM sw_auth_group_access a INNER JOIN sw_auth_group g on a.group_id=g.id  WHERE ( a.uid='3' and g.status='1' )  [ RunTime:0.0020s ]
SQL: SHOW COLUMNS FROM `sw_auth_rule` [ RunTime:0.0021s ]
SQL: SELECT `condition`,`name` FROM `sw_auth_rule` WHERE `id` IN ('1','14','143','144','6','2','3','15','16','17','18','4','20','21','7','8','10','19','150','152','147','155','156','148','157','158','159') AND `type` = 1 AND `status` = 1  [ RunTime:0.0020s ]
SQL: SHOW COLUMNS FROM `sw_auth_rule` [ RunTime:0.0021s ]
SQL: SELECT * FROM `sw_auth_rule` WHERE ( pid=0 )  [ RunTime:0.0019s ]
SQL: SELECT * FROM `sw_auth_rule` WHERE `pid` = 1 AND `state` = 0  [ RunTime:0.0019s ]
SQL: SELECT * FROM `sw_auth_rule` WHERE `pid` = 6 AND `state` = 0  [ RunTime:0.0019s ]
SQL: SELECT * FROM `sw_auth_rule` WHERE `pid` = 147 AND `state` = 0  [ RunTime:0.0019s ]
SQL: SELECT * FROM `sw_auth_rule` WHERE `pid` = 148 AND `state` = 0  [ RunTime:0.0019s ]
SQL: SELECT * FROM `sw_auth_rule` WHERE `pid` = 157 AND `state` = 0  [ RunTime:0.0019s ]
SQL: SELECT * FROM `sw_auth_rule` WHERE `pid` = 158 AND `state` = 0  [ RunTime:0.0019s ]
SQL: SELECT * FROM `sw_auth_rule` WHERE `pid` = 159 AND `state` = 0  [ RunTime:0.0019s ]
NOTIC: [8] Undefined index: limit /data/www/ph3.yichiot.com/Application/Admin/Controller/EquipmentController.class.php 第 17 行.
NOTIC: [8] Undefined index:  /data/www/ph3.yichiot.com/Application/Admin/Controller/EquipmentController.class.php 第 19 行.
NOTIC: [8] Undefined index: dw /data/www/ph3.yichiot.com/Application/Admin/Controller/EquipmentController.class.php 第 21 行.
NOTIC: [8] Undefined index: range /data/www/ph3.yichiot.com/Application/Admin/Controller/EquipmentController.class.php 第 44 行.
SQL: SHOW COLUMNS FROM `sw_equipment` [ RunTime:0.0021s ]
SQL: SELECT COUNT(*) AS tp_count FROM `sw_equipment` WHERE ( 1=1 ) LIMIT 1   [ RunTime:0.0019s ]
NOTIC: [8] Undefined variable: the_first /data/www/ph3.yichiot.com/ThinkPHP/Library/Think/Page.class.php 第 148 行.
NOTIC: [8] Undefined variable: the_end /data/www/ph3.yichiot.com/ThinkPHP/Library/Think/Page.class.php 第 148 行.
SQL: SELECT * FROM `sw_equipment` WHERE ( 1=1 ) LIMIT 0,5   [ RunTime:0.0020s ]
SQL: SHOW COLUMNS FROM `sw_user` [ RunTime:0.0021s ]
SQL: SELECT `id`,`username` FROM `sw_user`  [ RunTime:0.0019s ]
INFO: [ view_parse ] --START--
INFO: [ template_filter ] --START--
INFO: Run Behavior\ContentReplaceBehavior [ RunTime:0.000075s ]
INFO: [ template_filter ] --END-- [ RunTime:0.000093s ]
INFO: Run Behavior\ParseTemplateBehavior [ RunTime:0.006767s ]
INFO: [ view_parse ] --END-- [ RunTime:0.006785s ]
INFO: [ view_filter ] --START--
INFO: Run Behavior\WriteHtmlCacheBehavior [ RunTime:0.000072s ]
INFO: [ view_filter ] --END-- [ RunTime:0.000083s ]
INFO: [ app_end ] --START--
INFO: Run Behavior\ShowPageTraceBehavior [ RunTime:0.000309s ]
INFO: [ app_end ] --END-- [ RunTime:0.000323s ]

[ 2018-02-23T16:02:44+08:00 ] 124.202.207.110 /index.php/Admin/Equipment/index/p/1
INFO: [ app_init ] --START--
INFO: Run Behavior\BuildLiteBehavior [ RunTime:0.000006s ]
INFO: [ app_init ] --END-- [ RunTime:0.000186s ]
INFO: [ app_begin ] --START--
INFO: Run Behavior\ReadHtmlCacheBehavior [ RunTime:0.000243s ]
INFO: [ app_begin ] --END-- [ RunTime:0.000258s ]
SQL: SHOW COLUMNS FROM `sw_auth_group_access` [ RunTime:0.0034s ]
SQL: SELECT `uid`,`group_id`,`title`,`rules` FROM sw_auth_group_access a INNER JOIN sw_auth_group g on a.group_id=g.id  WHERE ( a.uid='3' and g.status='1' )  [ RunTime:0.0032s ]
SQL: SHOW COLUMNS FROM `sw_auth_rule` [ RunTime:0.0033s ]
SQL: SELECT `condition`,`name` FROM `sw_auth_rule` WHERE `id` IN ('1','14','143','144','6','2','3','15','16','17','18','4','20','21','7','8','10','19','150','152','147','155','156','148','157','158','159') AND `type` = 1 AND `status` = 1  [ RunTime:0.0032s ]
SQL: SHOW COLUMNS FROM `sw_auth_rule` [ RunTime:0.0033s ]
SQL: SELECT * FROM `sw_auth_rule` WHERE ( pid=0 )  [ RunTime:0.0031s ]
SQL: SELECT * FROM `sw_auth_rule` WHERE `pid` = 1 AND `state` = 0  [ RunTime:0.0031s ]
SQL: SELECT * FROM `sw_auth_rule` WHERE `pid` = 6 AND `state` = 0  [ RunTime:0.0031s ]
SQL: SELECT * FROM `sw_auth_rule` WHERE `pid` = 147 AND `state` = 0  [ RunTime:0.0031s ]
SQL: SELECT * FROM `sw_auth_rule` WHERE `pid` = 148 AND `state` = 0  [ RunTime:0.0031s ]
SQL: SELECT * FROM `sw_auth_rule` WHERE `pid` = 157 AND `state` = 0  [ RunTime:0.0031s ]
SQL: SELECT * FROM `sw_auth_rule` WHERE `pid` = 158 AND `state` = 0  [ RunTime:0.0031s ]
SQL: SELECT * FROM `sw_auth_rule` WHERE `pid` = 159 AND `state` = 0  [ RunTime:0.0031s ]
NOTIC: [8] Undefined index: limit /data/www/ph3.yichiot.com/Application/Admin/Controller/EquipmentController.class.php 第 17 行.
NOTIC: [8] Undefined index:  /data/www/ph3.yichiot.com/Application/Admin/Controller/EquipmentController.class.php 第 19 行.
NOTIC: [8] Undefined index: dw /data/www/ph3.yichiot.com/Application/Admin/Controller/EquipmentController.class.php 第 21 行.
NOTIC: [8] Undefined index: range /data/www/ph3.yichiot.com/Application/Admin/Controller/EquipmentController.class.php 第 44 行.
SQL: SHOW COLUMNS FROM `sw_equipment` [ RunTime:0.0034s ]
SQL: SELECT COUNT(*) AS tp_count FROM `sw_equipment` WHERE ( 1=1 ) LIMIT 1   [ RunTime:0.0031s ]
NOTIC: [8] Undefined variable: the_first /data/www/ph3.yichiot.com/ThinkPHP/Library/Think/Page.class.php 第 148 行.
NOTIC: [8] Undefined variable: the_end /data/www/ph3.yichiot.com/ThinkPHP/Library/Think/Page.class.php 第 148 行.
SQL: SELECT * FROM `sw_equipment` WHERE ( 1=1 ) LIMIT 0,5   [ RunTime:0.0031s ]
SQL: SHOW COLUMNS FROM `sw_user` [ RunTime:0.0033s ]
SQL: SELECT `id`,`username` FROM `sw_user`  [ RunTime:0.0031s ]
INFO: [ view_parse ] --START--
INFO: [ template_filter ] --START--
INFO: Run Behavior\ContentReplaceBehavior [ RunTime:0.000075s ]
INFO: [ template_filter ] --END-- [ RunTime:0.000093s ]
INFO: Run Behavior\ParseTemplateBehavior [ RunTime:0.006788s ]
INFO: [ view_parse ] --END-- [ RunTime:0.006806s ]
INFO: [ view_filter ] --START--
INFO: Run Behavior\WriteHtmlCacheBehavior [ RunTime:0.000073s ]
INFO: [ view_filter ] --END-- [ RunTime:0.000084s ]
INFO: [ app_end ] --START--
INFO: Run Behavior\ShowPageTraceBehavior [ RunTime:0.000302s ]
INFO: [ app_end ] --END-- [ RunTime:0.000315s ]

[ 2018-02-23T17:54:45+08:00 ] 124.202.207.110 /index.php/Admin/Equipment/index/p/1
INFO: [ app_init ] --START--
INFO: Run Behavior\BuildLiteBehavior [ RunTime:0.000005s ]
INFO: [ app_init ] --END-- [ RunTime:0.000169s ]
INFO: [ app_begin ] --START--
INFO: Run Behavior\ReadHtmlCacheBehavior [ RunTime:0.000235s ]
INFO: [ app_begin ] --END-- [ RunTime:0.000251s ]
SQL: SHOW COLUMNS FROM `sw_auth_group_access` [ RunTime:0.0023s ]
SQL: SELECT `uid`,`group_id`,`title`,`rules` FROM sw_auth_group_access a INNER JOIN sw_auth_group g on a.group_id=g.id  WHERE ( a.uid='3' and g.status='1' )  [ RunTime:0.0021s ]
SQL: SHOW COLUMNS FROM `sw_auth_rule` [ RunTime:0.0021s ]
SQL: SELECT `condition`,`name` FROM `sw_auth_rule` WHERE `id` IN ('1','14','143','144','6','2','3','15','16','17','18','4','20','21','7','8','10','19','150','152','147','155','156','148','157','158','159') AND `type` = 1 AND `status` = 1  [ RunTime:0.0020s ]
SQL: SHOW COLUMNS FROM `sw_auth_rule` [ RunTime:0.0021s ]
SQL: SELECT * FROM `sw_auth_rule` WHERE ( pid=0 )  [ RunTime:0.0020s ]
SQL: SELECT * FROM `sw_auth_rule` WHERE `pid` = 1 AND `state` = 0  [ RunTime:0.0019s ]
SQL: SELECT * FROM `sw_auth_rule` WHERE `pid` = 6 AND `state` = 0  [ RunTime:0.0019s ]
SQL: SELECT * FROM `sw_auth_rule` WHERE `pid` = 147 AND `state` = 0  [ RunTime:0.0019s ]
SQL: SELECT * FROM `sw_auth_rule` WHERE `pid` = 148 AND `state` = 0  [ RunTime:0.0020s ]
SQL: SELECT * FROM `sw_auth_rule` WHERE `pid` = 157 AND `state` = 0  [ RunTime:0.0019s ]
SQL: SELECT * FROM `sw_auth_rule` WHERE `pid` = 158 AND `state` = 0  [ RunTime:0.0019s ]
SQL: SELECT * FROM `sw_auth_rule` WHERE `pid` = 159 AND `state` = 0  [ RunTime:0.0019s ]
NOTIC: [8] Undefined index: limit /data/www/ph3.yichiot.com/Application/Admin/Controller/EquipmentController.class.php 第 17 行.
NOTIC: [8] Undefined index:  /data/www/ph3.yichiot.com/Application/Admin/Controller/EquipmentController.class.php 第 19 行.
NOTIC: [8] Undefined index: dw /data/www/ph3.yichiot.com/Application/Admin/Controller/EquipmentController.class.php 第 21 行.
NOTIC: [8] Undefined index: range /data/www/ph3.yichiot.com/Application/Admin/Controller/EquipmentController.class.php 第 44 行.
SQL: SHOW COLUMNS FROM `sw_equipment` [ RunTime:0.0022s ]
SQL: SELECT COUNT(*) AS tp_count FROM `sw_equipment` WHERE ( 1=1 ) LIMIT 1   [ RunTime:0.0020s ]
NOTIC: [8] Undefined variable: the_first /data/www/ph3.yichiot.com/ThinkPHP/Library/Think/Page.class.php 第 148 行.
NOTIC: [8] Undefined variable: the_end /data/www/ph3.yichiot.com/ThinkPHP/Library/Think/Page.class.php 第 148 行.
SQL: SELECT * FROM `sw_equipment` WHERE ( 1=1 ) LIMIT 0,5   [ RunTime:0.0020s ]
SQL: SHOW COLUMNS FROM `sw_user` [ RunTime:0.0021s ]
SQL: SELECT `id`,`username` FROM `sw_user`  [ RunTime:0.0019s ]
INFO: [ view_parse ] --START--
INFO: [ template_filter ] --START--
INFO: Run Behavior\ContentReplaceBehavior [ RunTime:0.000074s ]
INFO: [ template_filter ] --END-- [ RunTime:0.000092s ]
INFO: Run Behavior\ParseTemplateBehavior [ RunTime:0.006730s ]
INFO: [ view_parse ] --END-- [ RunTime:0.006747s ]
INFO: [ view_filter ] --START--
INFO: Run Behavior\WriteHtmlCacheBehavior [ RunTime:0.000072s ]
INFO: [ view_filter ] --END-- [ RunTime:0.000083s ]
INFO: [ app_end ] --START--
INFO: Run Behavior\ShowPageTraceBehavior [ RunTime:0.000316s ]
INFO: [ app_end ] --END-- [ RunTime:0.000330s ]

[ 2018-02-23T17:54:52+08:00 ] 124.202.207.110 /index.php/Admin/Equipment/index/p/1
INFO: [ app_init ] --START--
INFO: Run Behavior\BuildLiteBehavior [ RunTime:0.000006s ]
INFO: [ app_init ] --END-- [ RunTime:0.000171s ]
INFO: [ app_begin ] --START--
INFO: Run Behavior\ReadHtmlCacheBehavior [ RunTime:0.000249s ]
INFO: [ app_begin ] --END-- [ RunTime:0.000266s ]
SQL: SHOW COLUMNS FROM `sw_auth_group_access` [ RunTime:0.0023s ]
SQL: SELECT `uid`,`group_id`,`title`,`rules` FROM sw_auth_group_access a INNER JOIN sw_auth_group g on a.group_id=g.id  WHERE ( a.uid='3' and g.status='1' )  [ RunTime:0.0022s ]
SQL: SHOW COLUMNS FROM `sw_auth_rule` [ RunTime:0.0022s ]
SQL: SELECT `condition`,`name` FROM `sw_auth_rule` WHERE `id` IN ('1','14','143','144','6','2','3','15','16','17','18','4','20','21','7','8','10','19','150','152','147','155','156','148','157','158','159') AND `type` = 1 AND `status` = 1  [ RunTime:0.0020s ]
SQL: SHOW COLUMNS FROM `sw_auth_rule` [ RunTime:0.0021s ]
SQL: SELECT * FROM `sw_auth_rule` WHERE ( pid=0 )  [ RunTime:0.0019s ]
SQL: SELECT * FROM `sw_auth_rule` WHERE `pid` = 1 AND `state` = 0  [ RunTime:0.0019s ]
SQL: SELECT * FROM `sw_auth_rule` WHERE `pid` = 6 AND `state` = 0  [ RunTime:0.0019s ]
SQL: SELECT * FROM `sw_auth_rule` WHERE `pid` = 147 AND `state` = 0  [ RunTime:0.0019s ]
SQL: SELECT * FROM `sw_auth_rule` WHERE `pid` = 148 AND `state` = 0  [ RunTime:0.0019s ]
SQL: SELECT * FROM `sw_auth_rule` WHERE `pid` = 157 AND `state` = 0  [ RunTime:0.0019s ]
SQL: SELECT * FROM `sw_auth_rule` WHERE `pid` = 158 AND `state` = 0  [ RunTime:0.0019s ]
SQL: SELECT * FROM `sw_auth_rule` WHERE `pid` = 159 AND `state` = 0  [ RunTime:0.0019s ]
NOTIC: [8] Undefined index: limit /data/www/ph3.yichiot.com/Application/Admin/Controller/EquipmentController.class.php 第 17 行.
NOTIC: [8] Undefined index:  /data/www/ph3.yichiot.com/Application/Admin/Controller/EquipmentController.class.php 第 19 行.
NOTIC: [8] Undefined index: dw /data/www/ph3.yichiot.com/Application/Admin/Controller/EquipmentController.class.php 第 21 行.
NOTIC: [8] Undefined index: range /data/www/ph3.yichiot.com/Application/Admin/Controller/EquipmentController.class.php 第 44 行.
SQL: SHOW COLUMNS FROM `sw_equipment` [ RunTime:0.0023s ]
SQL: SELECT COUNT(*) AS tp_count FROM `sw_equipment` WHERE ( 1=1 ) LIMIT 1   [ RunTime:0.0020s ]
NOTIC: [8] Undefined variable: the_first /data/www/ph3.yichiot.com/ThinkPHP/Library/Think/Page.class.php 第 148 行.
NOTIC: [8] Undefined variable: the_end /data/www/ph3.yichiot.com/ThinkPHP/Library/Think/Page.class.php 第 148 行.
SQL: SELECT * FROM `sw_equipment` WHERE ( 1=1 ) LIMIT 0,5   [ RunTime:0.0021s ]
SQL: SHOW COLUMNS FROM `sw_user` [ RunTime:0.0022s ]
SQL: SELECT `id`,`username` FROM `sw_user`  [ RunTime:0.0020s ]
INFO: [ view_parse ] --START--
INFO: [ template_filter ] --START--
INFO: Run Behavior\ContentReplaceBehavior [ RunTime:0.000075s ]
INFO: [ template_filter ] --END-- [ RunTime:0.000092s ]
INFO: Run Behavior\ParseTemplateBehavior [ RunTime:0.006797s ]
INFO: [ view_parse ] --END-- [ RunTime:0.006814s ]
INFO: [ view_filter ] --START--
INFO: Run Behavior\WriteHtmlCacheBehavior [ RunTime:0.000072s ]
INFO: [ view_filter ] --END-- [ RunTime:0.000083s ]
INFO: [ app_end ] --START--
INFO: Run Behavior\ShowPageTraceBehavior [ RunTime:0.000324s ]
INFO: [ app_end ] --END-- [ RunTime:0.000339s ]

