[ 2018-01-12T09:54:21+08:00 ] 127.0.0.1 /index.php/Admin/Index/index
INFO: [ app_init ] --START--
INFO: Run Behavior\BuildLiteBehavior [ RunTime:0.000000s ]
INFO: [ app_init ] --END-- [ RunTime:0.000000s ]
INFO: [ app_begin ] --START--
INFO: Run Behavior\ReadHtmlCacheBehavior [ RunTime:0.000000s ]
INFO: [ app_begin ] --END-- [ RunTime:0.000000s ]
SQL: SHOW COLUMNS FROM `sw_auth_group_access` [ RunTime:0.0310s ]
SQL: SELECT `uid`,`group_id`,`title`,`rules` FROM sw_auth_group_access a INNER JOIN sw_auth_group g on a.group_id=g.id  WHERE ( a.uid='3' and g.status='1' )  [ RunTime:0.0110s ]
SQL: SHOW COLUMNS FROM `sw_auth_rule` [ RunTime:0.0220s ]
SQL: SELECT `condition`,`name` FROM `sw_auth_rule` WHERE `id` IN ('1','14','143','144','6','2','3','15','16','17','18','4','20','21','7','8','10','19','150','152','147','155','156','148','157','158','159') AND `type` = 1 AND `status` = 1  [ RunTime:0.0010s ]
SQL: SHOW COLUMNS FROM `sw_auth_rule` [ RunTime:0.0060s ]
SQL: SELECT * FROM `sw_auth_rule` WHERE ( pid=0 )  [ RunTime:0.0010s ]
SQL: SELECT * FROM `sw_auth_rule` WHERE `pid` = 1 AND `state` = 0  [ RunTime:0.0000s ]
SQL: SELECT * FROM `sw_auth_rule` WHERE `pid` = 6 AND `state` = 0  [ RunTime:0.0010s ]
SQL: SELECT * FROM `sw_auth_rule` WHERE `pid` = 147 AND `state` = 0  [ RunTime:0.0010s ]
SQL: SELECT * FROM `sw_auth_rule` WHERE `pid` = 148 AND `state` = 0  [ RunTime:0.0010s ]
SQL: SELECT * FROM `sw_auth_rule` WHERE `pid` = 157 AND `state` = 0  [ RunTime:0.0010s ]
SQL: SELECT * FROM `sw_auth_rule` WHERE `pid` = 158 AND `state` = 0  [ RunTime:0.0010s ]
SQL: SELECT * FROM `sw_auth_rule` WHERE `pid` = 159 AND `state` = 0  [ RunTime:0.0010s ]
INFO: [ view_parse ] --START--
INFO: [ template_filter ] --START--
INFO: Run Behavior\ContentReplaceBehavior [ RunTime:0.000000s ]
INFO: [ template_filter ] --END-- [ RunTime:0.000000s ]
NOTIC: [8] Undefined offset: 0 D:\phpStudy\WWW\right\Application\Runtime\Cache\Admin\b595b808c2ebeeeb0478ffc30bb4e87a.php 第 15 行.
NOTIC: [8] Undefined offset: 0 D:\phpStudy\WWW\right\Application\Runtime\Cache\Admin\b595b808c2ebeeeb0478ffc30bb4e87a.php 第 15 行.
NOTIC: [8] Undefined offset: 0 D:\phpStudy\WWW\right\Application\Runtime\Cache\Admin\b595b808c2ebeeeb0478ffc30bb4e87a.php 第 15 行.
NOTIC: [8] Undefined offset: 0 D:\phpStudy\WWW\right\Application\Runtime\Cache\Admin\b595b808c2ebeeeb0478ffc30bb4e87a.php 第 15 行.
NOTIC: [8] Undefined offset: 0 D:\phpStudy\WWW\right\Application\Runtime\Cache\Admin\b595b808c2ebeeeb0478ffc30bb4e87a.php 第 15 行.
NOTIC: [8] Use of undefined constant front_status - assumed 'front_status' D:\phpStudy\WWW\right\Application\Runtime\Cache\Admin\b595b808c2ebeeeb0478ffc30bb4e87a.php 第 26 行.
NOTIC: [8] Undefined index: front_status D:\phpStudy\WWW\right\Application\Runtime\Cache\Admin\b595b808c2ebeeeb0478ffc30bb4e87a.php 第 26 行.
NOTIC: [8] Use of undefined constant user_status - assumed 'user_status' D:\phpStudy\WWW\right\Application\Runtime\Cache\Admin\b595b808c2ebeeeb0478ffc30bb4e87a.php 第 31 行.
NOTIC: [8] Undefined index: user_status D:\phpStudy\WWW\right\Application\Runtime\Cache\Admin\b595b808c2ebeeeb0478ffc30bb4e87a.php 第 31 行.
NOTIC: [8] Use of undefined constant front_username - assumed 'front_username' D:\phpStudy\WWW\right\Application\Runtime\Cache\Admin\b595b808c2ebeeeb0478ffc30bb4e87a.php 第 36 行.
NOTIC: [8] Undefined index: front_username D:\phpStudy\WWW\right\Application\Runtime\Cache\Admin\b595b808c2ebeeeb0478ffc30bb4e87a.php 第 36 行.
INFO: Run Behavior\ParseTemplateBehavior [ RunTime:0.041002s ]
INFO: [ view_parse ] --END-- [ RunTime:0.041002s ]
INFO: [ view_filter ] --START--
INFO: Run Behavior\WriteHtmlCacheBehavior [ RunTime:0.001000s ]
INFO: [ view_filter ] --END-- [ RunTime:0.001000s ]
NOTIC: [8] Array to string conversion D:\phpStudy\WWW\right\ThinkPHP\Library\Think\View.class.php 第 91 行.
INFO: [ app_end ] --START--
INFO: Run Behavior\ShowPageTraceBehavior [ RunTime:0.001000s ]
INFO: [ app_end ] --END-- [ RunTime:0.001000s ]

[ 2018-01-12T09:54:24+08:00 ] 127.0.0.1 /Admin/Equipment/index
INFO: [ app_init ] --START--
INFO: Run Behavior\BuildLiteBehavior [ RunTime:0.000000s ]
INFO: [ app_init ] --END-- [ RunTime:0.000000s ]
INFO: [ app_begin ] --START--
INFO: Run Behavior\ReadHtmlCacheBehavior [ RunTime:0.001000s ]
INFO: [ app_begin ] --END-- [ RunTime:0.001000s ]
SQL: SHOW COLUMNS FROM `sw_auth_group_access` [ RunTime:0.0030s ]
SQL: SELECT `uid`,`group_id`,`title`,`rules` FROM sw_auth_group_access a INNER JOIN sw_auth_group g on a.group_id=g.id  WHERE ( a.uid='3' and g.status='1' )  [ RunTime:0.0000s ]
SQL: SHOW COLUMNS FROM `sw_auth_rule` [ RunTime:0.0030s ]
SQL: SELECT `condition`,`name` FROM `sw_auth_rule` WHERE `id` IN ('1','14','143','144','6','2','3','15','16','17','18','4','20','21','7','8','10','19','150','152','147','155','156','148','157','158','159') AND `type` = 1 AND `status` = 1  [ RunTime:0.0000s ]
SQL: SHOW COLUMNS FROM `sw_auth_rule` [ RunTime:0.0030s ]
SQL: SELECT * FROM `sw_auth_rule` WHERE ( pid=0 )  [ RunTime:0.0000s ]
SQL: SELECT * FROM `sw_auth_rule` WHERE `pid` = 1 AND `state` = 0  [ RunTime:0.0000s ]
SQL: SELECT * FROM `sw_auth_rule` WHERE `pid` = 6 AND `state` = 0  [ RunTime:0.0000s ]
SQL: SELECT * FROM `sw_auth_rule` WHERE `pid` = 147 AND `state` = 0  [ RunTime:0.0000s ]
SQL: SELECT * FROM `sw_auth_rule` WHERE `pid` = 148 AND `state` = 0  [ RunTime:0.0010s ]
SQL: SELECT * FROM `sw_auth_rule` WHERE `pid` = 157 AND `state` = 0  [ RunTime:0.0000s ]
SQL: SELECT * FROM `sw_auth_rule` WHERE `pid` = 158 AND `state` = 0  [ RunTime:0.0010s ]
SQL: SELECT * FROM `sw_auth_rule` WHERE `pid` = 159 AND `state` = 0  [ RunTime:0.0000s ]
SQL: SHOW COLUMNS FROM `sw_equipment` [ RunTime:0.0580s ]
SQL: SELECT COUNT(*) AS tp_count FROM `sw_equipment` LIMIT 1   [ RunTime:0.0000s ]
NOTIC: [8] Undefined variable: the_first D:\phpStudy\WWW\right\ThinkPHP\Library\Think\Page.class.php 第 148 行.
NOTIC: [8] Undefined variable: the_end D:\phpStudy\WWW\right\ThinkPHP\Library\Think\Page.class.php 第 148 行.
SQL: SELECT * FROM `sw_equipment` LIMIT 0,5   [ RunTime:0.0000s ]
SQL: SHOW COLUMNS FROM `sw_user` [ RunTime:0.0030s ]
SQL: SELECT * FROM `sw_user` WHERE `company_id` = 3  [ RunTime:0.0000s ]
INFO: [ view_parse ] --START--
INFO: [ template_filter ] --START--
INFO: Run Behavior\ContentReplaceBehavior [ RunTime:0.000000s ]
INFO: [ template_filter ] --END-- [ RunTime:0.000000s ]
INFO: Run Behavior\ParseTemplateBehavior [ RunTime:0.192011s ]
INFO: [ view_parse ] --END-- [ RunTime:0.192011s ]
INFO: [ view_filter ] --START--
INFO: Run Behavior\WriteHtmlCacheBehavior [ RunTime:0.001001s ]
INFO: [ view_filter ] --END-- [ RunTime:0.001001s ]
INFO: [ app_end ] --START--
INFO: Run Behavior\ShowPageTraceBehavior [ RunTime:0.001000s ]
INFO: [ app_end ] --END-- [ RunTime:0.001000s ]

[ 2018-01-12T09:54:24+08:00 ] 127.0.0.1 /Admin/Equipment/img/square.png
INFO: [ app_init ] --START--
INFO: Run Behavior\BuildLiteBehavior [ RunTime:0.000000s ]
INFO: [ app_init ] --END-- [ RunTime:0.000000s ]

[ 2018-01-12T09:54:33+08:00 ] 127.0.0.1 /Admin/Equipment/map.html
INFO: [ app_init ] --START--
INFO: Run Behavior\BuildLiteBehavior [ RunTime:0.000000s ]
INFO: [ app_init ] --END-- [ RunTime:0.001000s ]
INFO: [ app_begin ] --START--
INFO: Run Behavior\ReadHtmlCacheBehavior [ RunTime:0.001000s ]
INFO: [ app_begin ] --END-- [ RunTime:0.001000s ]
SQL: SHOW COLUMNS FROM `sw_auth_group_access` [ RunTime:0.0030s ]
SQL: SELECT `uid`,`group_id`,`title`,`rules` FROM sw_auth_group_access a INNER JOIN sw_auth_group g on a.group_id=g.id  WHERE ( a.uid='3' and g.status='1' )  [ RunTime:0.0000s ]
SQL: SHOW COLUMNS FROM `sw_auth_rule` [ RunTime:0.0030s ]
SQL: SELECT `condition`,`name` FROM `sw_auth_rule` WHERE `id` IN ('1','14','143','144','6','2','3','15','16','17','18','4','20','21','7','8','10','19','150','152','147','155','156','148','157','158','159') AND `type` = 1 AND `status` = 1  [ RunTime:0.0010s ]
SQL: SHOW COLUMNS FROM `sw_auth_rule` [ RunTime:0.0030s ]
SQL: SELECT * FROM `sw_auth_rule` WHERE ( pid=0 )  [ RunTime:0.0000s ]
SQL: SELECT * FROM `sw_auth_rule` WHERE `pid` = 1 AND `state` = 0  [ RunTime:0.0010s ]
SQL: SELECT * FROM `sw_auth_rule` WHERE `pid` = 6 AND `state` = 0  [ RunTime:0.0000s ]
SQL: SELECT * FROM `sw_auth_rule` WHERE `pid` = 147 AND `state` = 0  [ RunTime:0.0010s ]
SQL: SELECT * FROM `sw_auth_rule` WHERE `pid` = 148 AND `state` = 0  [ RunTime:0.0000s ]
SQL: SELECT * FROM `sw_auth_rule` WHERE `pid` = 157 AND `state` = 0  [ RunTime:0.0000s ]
SQL: SELECT * FROM `sw_auth_rule` WHERE `pid` = 158 AND `state` = 0  [ RunTime:0.0010s ]
SQL: SELECT * FROM `sw_auth_rule` WHERE `pid` = 159 AND `state` = 0  [ RunTime:0.0000s ]
INFO: [ view_parse ] --START--
INFO: [ template_filter ] --START--
INFO: Run Behavior\ContentReplaceBehavior [ RunTime:0.000000s ]
INFO: [ template_filter ] --END-- [ RunTime:0.000000s ]
INFO: Run Behavior\ParseTemplateBehavior [ RunTime:0.025001s ]
INFO: [ view_parse ] --END-- [ RunTime:0.025001s ]
INFO: [ view_filter ] --START--
INFO: Run Behavior\WriteHtmlCacheBehavior [ RunTime:0.000000s ]
INFO: [ view_filter ] --END-- [ RunTime:0.000000s ]
INFO: [ app_end ] --START--
INFO: Run Behavior\ShowPageTraceBehavior [ RunTime:0.001000s ]
INFO: [ app_end ] --END-- [ RunTime:0.001000s ]

[ 2018-01-12T09:54:37+08:00 ] 127.0.0.1 /Admin/Equipment/map.html
INFO: [ app_init ] --START--
INFO: Run Behavior\BuildLiteBehavior [ RunTime:0.000000s ]
INFO: [ app_init ] --END-- [ RunTime:0.000000s ]
INFO: [ app_begin ] --START--
INFO: Run Behavior\ReadHtmlCacheBehavior [ RunTime:0.000000s ]
INFO: [ app_begin ] --END-- [ RunTime:0.000000s ]
SQL: SHOW COLUMNS FROM `sw_auth_group_access` [ RunTime:0.0020s ]
SQL: SELECT `uid`,`group_id`,`title`,`rules` FROM sw_auth_group_access a INNER JOIN sw_auth_group g on a.group_id=g.id  WHERE ( a.uid='3' and g.status='1' )  [ RunTime:0.0000s ]
SQL: SHOW COLUMNS FROM `sw_auth_rule` [ RunTime:0.0030s ]
SQL: SELECT `condition`,`name` FROM `sw_auth_rule` WHERE `id` IN ('1','14','143','144','6','2','3','15','16','17','18','4','20','21','7','8','10','19','150','152','147','155','156','148','157','158','159') AND `type` = 1 AND `status` = 1  [ RunTime:0.0000s ]
SQL: SHOW COLUMNS FROM `sw_auth_rule` [ RunTime:0.0030s ]
SQL: SELECT * FROM `sw_auth_rule` WHERE ( pid=0 )  [ RunTime:0.0000s ]
SQL: SELECT * FROM `sw_auth_rule` WHERE `pid` = 1 AND `state` = 0  [ RunTime:0.0010s ]
SQL: SELECT * FROM `sw_auth_rule` WHERE `pid` = 6 AND `state` = 0  [ RunTime:0.0000s ]
SQL: SELECT * FROM `sw_auth_rule` WHERE `pid` = 147 AND `state` = 0  [ RunTime:0.0010s ]
SQL: SELECT * FROM `sw_auth_rule` WHERE `pid` = 148 AND `state` = 0  [ RunTime:0.0000s ]
SQL: SELECT * FROM `sw_auth_rule` WHERE `pid` = 157 AND `state` = 0  [ RunTime:0.0000s ]
SQL: SELECT * FROM `sw_auth_rule` WHERE `pid` = 158 AND `state` = 0  [ RunTime:0.0000s ]
SQL: SELECT * FROM `sw_auth_rule` WHERE `pid` = 159 AND `state` = 0  [ RunTime:0.0000s ]
INFO: [ view_parse ] --START--
INFO: [ template_filter ] --START--
INFO: Run Behavior\ContentReplaceBehavior [ RunTime:0.000000s ]
INFO: [ template_filter ] --END-- [ RunTime:0.000000s ]
INFO: Run Behavior\ParseTemplateBehavior [ RunTime:0.007000s ]
INFO: [ view_parse ] --END-- [ RunTime:0.007000s ]
INFO: [ view_filter ] --START--
INFO: Run Behavior\WriteHtmlCacheBehavior [ RunTime:0.000000s ]
INFO: [ view_filter ] --END-- [ RunTime:0.000000s ]
INFO: [ app_end ] --START--
INFO: Run Behavior\ShowPageTraceBehavior [ RunTime:0.001001s ]
INFO: [ app_end ] --END-- [ RunTime:0.001001s ]

