[ 2018-02-27T09:06:08+08:00 ] 124.202.207.110 /index.php/Admin/Equipment/index/p/1
INFO: [ app_init ] --START--
INFO: Run Behavior\BuildLiteBehavior [ RunTime:0.000006s ]
INFO: [ app_init ] --END-- [ RunTime:0.000180s ]
INFO: [ app_begin ] --START--
INFO: Run Behavior\ReadHtmlCacheBehavior [ RunTime:0.000242s ]
INFO: [ app_begin ] --END-- [ RunTime:0.000257s ]
SQL: SHOW COLUMNS FROM `sw_auth_group_access` [ RunTime:0.0034s ]
SQL: SELECT `uid`,`group_id`,`title`,`rules` FROM sw_auth_group_access a INNER JOIN sw_auth_group g on a.group_id=g.id  WHERE ( a.uid='3' and g.status='1' )  [ RunTime:0.0032s ]
SQL: SHOW COLUMNS FROM `sw_auth_rule` [ RunTime:0.0032s ]
SQL: SELECT `condition`,`name` FROM `sw_auth_rule` WHERE `id` IN ('1','14','143','144','6','2','3','15','16','17','18','4','20','21','7','8','10','19','150','152','147','155','156','148','157','158','159') AND `type` = 1 AND `status` = 1  [ RunTime:0.0031s ]
SQL: SHOW COLUMNS FROM `sw_auth_rule` [ RunTime:0.0032s ]
SQL: SELECT * FROM `sw_auth_rule` WHERE ( pid=0 )  [ RunTime:0.0030s ]
SQL: SELECT * FROM `sw_auth_rule` WHERE `pid` = 1 AND `state` = 0  [ RunTime:0.0030s ]
SQL: SELECT * FROM `sw_auth_rule` WHERE `pid` = 6 AND `state` = 0  [ RunTime:0.0030s ]
SQL: SELECT * FROM `sw_auth_rule` WHERE `pid` = 147 AND `state` = 0  [ RunTime:0.0030s ]
SQL: SELECT * FROM `sw_auth_rule` WHERE `pid` = 148 AND `state` = 0  [ RunTime:0.0030s ]
SQL: SELECT * FROM `sw_auth_rule` WHERE `pid` = 157 AND `state` = 0  [ RunTime:0.0030s ]
SQL: SELECT * FROM `sw_auth_rule` WHERE `pid` = 158 AND `state` = 0  [ RunTime:0.0032s ]
SQL: SELECT * FROM `sw_auth_rule` WHERE `pid` = 159 AND `state` = 0  [ RunTime:0.0032s ]
NOTIC: [8] Undefined index: limit /data/www/ph3.yichiot.com/Application/Admin/Controller/EquipmentController.class.php 第 17 行.
NOTIC: [8] Undefined index:  /data/www/ph3.yichiot.com/Application/Admin/Controller/EquipmentController.class.php 第 19 行.
NOTIC: [8] Undefined index: dw /data/www/ph3.yichiot.com/Application/Admin/Controller/EquipmentController.class.php 第 21 行.
NOTIC: [8] Undefined index: range /data/www/ph3.yichiot.com/Application/Admin/Controller/EquipmentController.class.php 第 46 行.
SQL: SHOW COLUMNS FROM `sw_equipment` [ RunTime:0.0034s ]
SQL: SELECT COUNT(*) AS tp_count FROM `sw_equipment` WHERE ( 1=1 ) LIMIT 1   [ RunTime:0.0030s ]
NOTIC: [8] Undefined variable: the_first /data/www/ph3.yichiot.com/ThinkPHP/Library/Think/Page.class.php 第 148 行.
NOTIC: [8] Undefined variable: the_end /data/www/ph3.yichiot.com/ThinkPHP/Library/Think/Page.class.php 第 148 行.
SQL: SELECT * FROM `sw_equipment` WHERE ( 1=1 ) LIMIT 0,5   [ RunTime:0.0031s ]
SQL: SHOW COLUMNS FROM `sw_user` [ RunTime:0.0032s ]
SQL: SELECT `id`,`username` FROM `sw_user`  [ RunTime:0.0030s ]
INFO: [ view_parse ] --START--
INFO: [ template_filter ] --START--
INFO: Run Behavior\ContentReplaceBehavior [ RunTime:0.000083s ]
INFO: [ template_filter ] --END-- [ RunTime:0.000101s ]
INFO: Run Behavior\ParseTemplateBehavior [ RunTime:0.007641s ]
INFO: [ view_parse ] --END-- [ RunTime:0.007659s ]
INFO: [ view_filter ] --START--
INFO: Run Behavior\WriteHtmlCacheBehavior [ RunTime:0.000088s ]
INFO: [ view_filter ] --END-- [ RunTime:0.000100s ]
INFO: [ app_end ] --START--
INFO: Run Behavior\ShowPageTraceBehavior [ RunTime:0.000300s ]
INFO: [ app_end ] --END-- [ RunTime:0.000315s ]

