[ 2018-01-27T06:50:00+08:00 ] 178.62.89.32 /admin/
INFO: [ app_init ] --START--
INFO: Run Behavior\BuildLiteBehavior [ RunTime:0.000007s ]
INFO: [ app_init ] --END-- [ RunTime:0.000167s ]
INFO: [ app_begin ] --START--
INFO: Run Behavior\ReadHtmlCacheBehavior [ RunTime:0.000238s ]
INFO: [ app_begin ] --END-- [ RunTime:0.000255s ]
NOTIC: [8] Undefined index: user /data/www/ph3.yichiot.com/Application/Common/Controller/AdminBaseController.class.php 第 16 行.
SQL: SHOW COLUMNS FROM `sw_auth_group_access` [ RunTime:0.0024s ]
SQL: SELECT `uid`,`group_id`,`title`,`rules` FROM sw_auth_group_access a INNER JOIN sw_auth_group g on a.group_id=g.id  WHERE ( a.uid='' and g.status='1' )  [ RunTime:0.0022s ]
SQL: SHOW COLUMNS FROM `sw_auth_rule` [ RunTime:0.0023s ]
SQL: SELECT * FROM `sw_auth_rule` WHERE ( pid=0 )  [ RunTime:0.0021s ]
NOTIC: [8] Undefined index: user /data/www/ph3.yichiot.com/Application/Common/Controller/AdminBaseController.class.php 第 25 行.
NOTIC: [8] Undefined index: user /data/www/ph3.yichiot.com/Application/Common/Controller/AdminBaseController.class.php 第 25 行.
NOTIC: [8] Undefined index: user /data/www/ph3.yichiot.com/Application/Common/Controller/AdminBaseController.class.php 第 25 行.
NOTIC: [8] Undefined index: user /data/www/ph3.yichiot.com/Application/Common/Controller/AdminBaseController.class.php 第 25 行.
NOTIC: [8] Undefined index: user /data/www/ph3.yichiot.com/Application/Common/Controller/AdminBaseController.class.php 第 25 行.
NOTIC: [8] Undefined index: user /data/www/ph3.yichiot.com/Application/Common/Controller/AdminBaseController.class.php 第 25 行.
NOTIC: [8] Undefined index: user /data/www/ph3.yichiot.com/Application/Common/Controller/AdminBaseController.class.php 第 25 行.
NOTIC: [8] Undefined index: user /data/www/ph3.yichiot.com/Application/Common/Controller/AdminBaseController.class.php 第 25 行.
NOTIC: [8] Undefined variable: e /data/www/ph3.yichiot.com/Application/Common/Controller/AdminBaseController.class.php 第 37 行.
INFO: [ view_parse ] --START--
INFO: [ template_filter ] --START--
INFO: Run Behavior\ContentReplaceBehavior [ RunTime:0.000029s ]
INFO: [ template_filter ] --END-- [ RunTime:0.000047s ]
NOTIC: [8] Use of undefined constant front_status - assumed 'front_status' /data/www/ph3.yichiot.com/Application/Runtime/Cache/Admin/b595b808c2ebeeeb0478ffc30bb4e87a.php 第 26 行.
NOTIC: [8] Undefined index: user /data/www/ph3.yichiot.com/Application/Runtime/Cache/Admin/b595b808c2ebeeeb0478ffc30bb4e87a.php 第 26 行.
NOTIC: [8] Use of undefined constant user_status - assumed 'user_status' /data/www/ph3.yichiot.com/Application/Runtime/Cache/Admin/b595b808c2ebeeeb0478ffc30bb4e87a.php 第 31 行.
NOTIC: [8] Undefined index: user /data/www/ph3.yichiot.com/Application/Runtime/Cache/Admin/b595b808c2ebeeeb0478ffc30bb4e87a.php 第 31 行.
NOTIC: [8] Use of undefined constant front_username - assumed 'front_username' /data/www/ph3.yichiot.com/Application/Runtime/Cache/Admin/b595b808c2ebeeeb0478ffc30bb4e87a.php 第 36 行.
NOTIC: [8] Undefined index: user /data/www/ph3.yichiot.com/Application/Runtime/Cache/Admin/b595b808c2ebeeeb0478ffc30bb4e87a.php 第 36 行.
INFO: Run Behavior\ParseTemplateBehavior [ RunTime:0.004705s ]
INFO: [ view_parse ] --END-- [ RunTime:0.004720s ]
INFO: [ view_filter ] --START--
INFO: Run Behavior\WriteHtmlCacheBehavior [ RunTime:0.000070s ]
INFO: [ view_filter ] --END-- [ RunTime:0.000082s ]
NOTIC: [8] Array to string conversion /data/www/ph3.yichiot.com/ThinkPHP/Library/Think/View.class.php 第 91 行.
INFO: [ app_end ] --START--
INFO: Run Behavior\ShowPageTraceBehavior [ RunTime:0.000279s ]
INFO: [ app_end ] --END-- [ RunTime:0.000292s ]

[ 2018-01-27T06:50:00+08:00 ] 178.62.89.32 /admin/
INFO: [ app_init ] --START--
INFO: Run Behavior\BuildLiteBehavior [ RunTime:0.000007s ]
INFO: [ app_init ] --END-- [ RunTime:0.000166s ]
INFO: [ app_begin ] --START--
INFO: Run Behavior\ReadHtmlCacheBehavior [ RunTime:0.000253s ]
INFO: [ app_begin ] --END-- [ RunTime:0.000271s ]
NOTIC: [8] Undefined index: user /data/www/ph3.yichiot.com/Application/Common/Controller/AdminBaseController.class.php 第 16 行.
SQL: SHOW COLUMNS FROM `sw_auth_group_access` [ RunTime:0.0022s ]
SQL: SELECT `uid`,`group_id`,`title`,`rules` FROM sw_auth_group_access a INNER JOIN sw_auth_group g on a.group_id=g.id  WHERE ( a.uid='' and g.status='1' )  [ RunTime:0.0020s ]
SQL: SHOW COLUMNS FROM `sw_auth_rule` [ RunTime:0.0021s ]
SQL: SELECT * FROM `sw_auth_rule` WHERE ( pid=0 )  [ RunTime:0.0019s ]
NOTIC: [8] Undefined index: user /data/www/ph3.yichiot.com/Application/Common/Controller/AdminBaseController.class.php 第 25 行.
NOTIC: [8] Undefined index: user /data/www/ph3.yichiot.com/Application/Common/Controller/AdminBaseController.class.php 第 25 行.
NOTIC: [8] Undefined index: user /data/www/ph3.yichiot.com/Application/Common/Controller/AdminBaseController.class.php 第 25 行.
NOTIC: [8] Undefined index: user /data/www/ph3.yichiot.com/Application/Common/Controller/AdminBaseController.class.php 第 25 行.
NOTIC: [8] Undefined index: user /data/www/ph3.yichiot.com/Application/Common/Controller/AdminBaseController.class.php 第 25 行.
NOTIC: [8] Undefined index: user /data/www/ph3.yichiot.com/Application/Common/Controller/AdminBaseController.class.php 第 25 行.
NOTIC: [8] Undefined index: user /data/www/ph3.yichiot.com/Application/Common/Controller/AdminBaseController.class.php 第 25 行.
NOTIC: [8] Undefined index: user /data/www/ph3.yichiot.com/Application/Common/Controller/AdminBaseController.class.php 第 25 行.
NOTIC: [8] Undefined variable: e /data/www/ph3.yichiot.com/Application/Common/Controller/AdminBaseController.class.php 第 37 行.
INFO: [ view_parse ] --START--
INFO: [ template_filter ] --START--
INFO: Run Behavior\ContentReplaceBehavior [ RunTime:0.000028s ]
INFO: [ template_filter ] --END-- [ RunTime:0.000046s ]
NOTIC: [8] Use of undefined constant front_status - assumed 'front_status' /data/www/ph3.yichiot.com/Application/Runtime/Cache/Admin/b595b808c2ebeeeb0478ffc30bb4e87a.php 第 26 行.
NOTIC: [8] Undefined index: user /data/www/ph3.yichiot.com/Application/Runtime/Cache/Admin/b595b808c2ebeeeb0478ffc30bb4e87a.php 第 26 行.
NOTIC: [8] Use of undefined constant user_status - assumed 'user_status' /data/www/ph3.yichiot.com/Application/Runtime/Cache/Admin/b595b808c2ebeeeb0478ffc30bb4e87a.php 第 31 行.
NOTIC: [8] Undefined index: user /data/www/ph3.yichiot.com/Application/Runtime/Cache/Admin/b595b808c2ebeeeb0478ffc30bb4e87a.php 第 31 行.
NOTIC: [8] Use of undefined constant front_username - assumed 'front_username' /data/www/ph3.yichiot.com/Application/Runtime/Cache/Admin/b595b808c2ebeeeb0478ffc30bb4e87a.php 第 36 行.
NOTIC: [8] Undefined index: user /data/www/ph3.yichiot.com/Application/Runtime/Cache/Admin/b595b808c2ebeeeb0478ffc30bb4e87a.php 第 36 行.
INFO: Run Behavior\ParseTemplateBehavior [ RunTime:0.004624s ]
INFO: [ view_parse ] --END-- [ RunTime:0.004640s ]
INFO: [ view_filter ] --START--
INFO: Run Behavior\WriteHtmlCacheBehavior [ RunTime:0.000068s ]
INFO: [ view_filter ] --END-- [ RunTime:0.000079s ]
NOTIC: [8] Array to string conversion /data/www/ph3.yichiot.com/ThinkPHP/Library/Think/View.class.php 第 91 行.
INFO: [ app_end ] --START--
INFO: Run Behavior\ShowPageTraceBehavior [ RunTime:0.000278s ]
INFO: [ app_end ] --END-- [ RunTime:0.000291s ]

[ 2018-01-27T06:50:06+08:00 ] 178.62.89.32 /admin/phpmyadmin/
INFO: [ app_init ] --START--
INFO: Run Behavior\BuildLiteBehavior [ RunTime:0.000006s ]
INFO: [ app_init ] --END-- [ RunTime:0.000194s ]
INFO: [ app_begin ] --START--
INFO: Run Behavior\ReadHtmlCacheBehavior [ RunTime:0.000228s ]
INFO: [ app_begin ] --END-- [ RunTime:0.000244s ]
ERR: 无法加载控制器:Phpmyadmin

[ 2018-01-27T06:50:07+08:00 ] 178.62.89.32 /admin/phpMyAdmin/
INFO: [ app_init ] --START--
INFO: Run Behavior\BuildLiteBehavior [ RunTime:0.000006s ]
INFO: [ app_init ] --END-- [ RunTime:0.000171s ]
INFO: [ app_begin ] --START--
INFO: Run Behavior\ReadHtmlCacheBehavior [ RunTime:0.000228s ]
INFO: [ app_begin ] --END-- [ RunTime:0.000243s ]
ERR: 无法加载控制器:PhpMyAdmin

[ 2018-01-27T06:50:07+08:00 ] 178.62.89.32 /admin/sysadmin/
INFO: [ app_init ] --START--
INFO: Run Behavior\BuildLiteBehavior [ RunTime:0.000006s ]
INFO: [ app_init ] --END-- [ RunTime:0.000169s ]
INFO: [ app_begin ] --START--
INFO: Run Behavior\ReadHtmlCacheBehavior [ RunTime:0.000255s ]
INFO: [ app_begin ] --END-- [ RunTime:0.000273s ]
ERR: 无法加载控制器:Sysadmin

[ 2018-01-27T06:50:08+08:00 ] 178.62.89.32 /admin/sqladmin/
INFO: [ app_init ] --START--
INFO: Run Behavior\BuildLiteBehavior [ RunTime:0.000007s ]
INFO: [ app_init ] --END-- [ RunTime:0.000175s ]
INFO: [ app_begin ] --START--
INFO: Run Behavior\ReadHtmlCacheBehavior [ RunTime:0.000228s ]
INFO: [ app_begin ] --END-- [ RunTime:0.000244s ]
ERR: 无法加载控制器:Sqladmin

[ 2018-01-27T06:50:08+08:00 ] 178.62.89.32 /admin/db/
INFO: [ app_init ] --START--
INFO: Run Behavior\BuildLiteBehavior [ RunTime:0.000006s ]
INFO: [ app_init ] --END-- [ RunTime:0.000174s ]
INFO: [ app_begin ] --START--
INFO: Run Behavior\ReadHtmlCacheBehavior [ RunTime:0.000229s ]
INFO: [ app_begin ] --END-- [ RunTime:0.000245s ]
ERR: 无法加载控制器:Db

[ 2018-01-27T06:50:09+08:00 ] 178.62.89.32 /admin/web/
INFO: [ app_init ] --START--
INFO: Run Behavior\BuildLiteBehavior [ RunTime:0.000007s ]
INFO: [ app_init ] --END-- [ RunTime:0.000205s ]
INFO: [ app_begin ] --START--
INFO: Run Behavior\ReadHtmlCacheBehavior [ RunTime:0.000246s ]
INFO: [ app_begin ] --END-- [ RunTime:0.000263s ]
ERR: 无法加载控制器:Web

[ 2018-01-27T06:50:09+08:00 ] 178.62.89.32 /admin/pMA/
INFO: [ app_init ] --START--
INFO: Run Behavior\BuildLiteBehavior [ RunTime:0.000006s ]
INFO: [ app_init ] --END-- [ RunTime:0.000168s ]
INFO: [ app_begin ] --START--
INFO: Run Behavior\ReadHtmlCacheBehavior [ RunTime:0.000282s ]
INFO: [ app_begin ] --END-- [ RunTime:0.000299s ]
ERR: 无法加载控制器:PMA

[ 2018-01-27T07:15:22+08:00 ] 153.164.175.248 /admin/
INFO: [ app_init ] --START--
INFO: Run Behavior\BuildLiteBehavior [ RunTime:0.000007s ]
INFO: [ app_init ] --END-- [ RunTime:0.000181s ]
INFO: [ app_begin ] --START--
INFO: Run Behavior\ReadHtmlCacheBehavior [ RunTime:0.000227s ]
INFO: [ app_begin ] --END-- [ RunTime:0.000244s ]
NOTIC: [8] Undefined index: user /data/www/ph3.yichiot.com/Application/Common/Controller/AdminBaseController.class.php 第 16 行.
SQL: SHOW COLUMNS FROM `sw_auth_group_access` [ RunTime:0.0029s ]
SQL: SELECT `uid`,`group_id`,`title`,`rules` FROM sw_auth_group_access a INNER JOIN sw_auth_group g on a.group_id=g.id  WHERE ( a.uid='' and g.status='1' )  [ RunTime:0.0027s ]
SQL: SHOW COLUMNS FROM `sw_auth_rule` [ RunTime:0.0028s ]
SQL: SELECT * FROM `sw_auth_rule` WHERE ( pid=0 )  [ RunTime:0.0026s ]
NOTIC: [8] Undefined index: user /data/www/ph3.yichiot.com/Application/Common/Controller/AdminBaseController.class.php 第 25 行.
NOTIC: [8] Undefined index: user /data/www/ph3.yichiot.com/Application/Common/Controller/AdminBaseController.class.php 第 25 行.
NOTIC: [8] Undefined index: user /data/www/ph3.yichiot.com/Application/Common/Controller/AdminBaseController.class.php 第 25 行.
NOTIC: [8] Undefined index: user /data/www/ph3.yichiot.com/Application/Common/Controller/AdminBaseController.class.php 第 25 行.
NOTIC: [8] Undefined index: user /data/www/ph3.yichiot.com/Application/Common/Controller/AdminBaseController.class.php 第 25 行.
NOTIC: [8] Undefined index: user /data/www/ph3.yichiot.com/Application/Common/Controller/AdminBaseController.class.php 第 25 行.
NOTIC: [8] Undefined index: user /data/www/ph3.yichiot.com/Application/Common/Controller/AdminBaseController.class.php 第 25 行.
NOTIC: [8] Undefined index: user /data/www/ph3.yichiot.com/Application/Common/Controller/AdminBaseController.class.php 第 25 行.
NOTIC: [8] Undefined variable: e /data/www/ph3.yichiot.com/Application/Common/Controller/AdminBaseController.class.php 第 37 行.
INFO: [ view_parse ] --START--
INFO: [ template_filter ] --START--
INFO: Run Behavior\ContentReplaceBehavior [ RunTime:0.000030s ]
INFO: [ template_filter ] --END-- [ RunTime:0.000047s ]
NOTIC: [8] Use of undefined constant front_status - assumed 'front_status' /data/www/ph3.yichiot.com/Application/Runtime/Cache/Admin/b595b808c2ebeeeb0478ffc30bb4e87a.php 第 26 行.
NOTIC: [8] Undefined index: user /data/www/ph3.yichiot.com/Application/Runtime/Cache/Admin/b595b808c2ebeeeb0478ffc30bb4e87a.php 第 26 行.
NOTIC: [8] Use of undefined constant user_status - assumed 'user_status' /data/www/ph3.yichiot.com/Application/Runtime/Cache/Admin/b595b808c2ebeeeb0478ffc30bb4e87a.php 第 31 行.
NOTIC: [8] Undefined index: user /data/www/ph3.yichiot.com/Application/Runtime/Cache/Admin/b595b808c2ebeeeb0478ffc30bb4e87a.php 第 31 行.
NOTIC: [8] Use of undefined constant front_username - assumed 'front_username' /data/www/ph3.yichiot.com/Application/Runtime/Cache/Admin/b595b808c2ebeeeb0478ffc30bb4e87a.php 第 36 行.
NOTIC: [8] Undefined index: user /data/www/ph3.yichiot.com/Application/Runtime/Cache/Admin/b595b808c2ebeeeb0478ffc30bb4e87a.php 第 36 行.
INFO: Run Behavior\ParseTemplateBehavior [ RunTime:0.004675s ]
INFO: [ view_parse ] --END-- [ RunTime:0.004691s ]
INFO: [ view_filter ] --START--
INFO: Run Behavior\WriteHtmlCacheBehavior [ RunTime:0.000088s ]
INFO: [ view_filter ] --END-- [ RunTime:0.000101s ]
NOTIC: [8] Array to string conversion /data/www/ph3.yichiot.com/ThinkPHP/Library/Think/View.class.php 第 91 行.
INFO: [ app_end ] --START--
INFO: Run Behavior\ShowPageTraceBehavior [ RunTime:0.000282s ]
INFO: [ app_end ] --END-- [ RunTime:0.000294s ]

[ 2018-01-27T07:15:22+08:00 ] 153.164.175.248 /admin/
INFO: [ app_init ] --START--
INFO: Run Behavior\BuildLiteBehavior [ RunTime:0.000005s ]
INFO: [ app_init ] --END-- [ RunTime:0.000165s ]
INFO: [ app_begin ] --START--
INFO: Run Behavior\ReadHtmlCacheBehavior [ RunTime:0.000227s ]
INFO: [ app_begin ] --END-- [ RunTime:0.000241s ]
NOTIC: [8] Undefined index: user /data/www/ph3.yichiot.com/Application/Common/Controller/AdminBaseController.class.php 第 16 行.
SQL: SHOW COLUMNS FROM `sw_auth_group_access` [ RunTime:0.0031s ]
SQL: SELECT `uid`,`group_id`,`title`,`rules` FROM sw_auth_group_access a INNER JOIN sw_auth_group g on a.group_id=g.id  WHERE ( a.uid='' and g.status='1' )  [ RunTime:0.0028s ]
SQL: SHOW COLUMNS FROM `sw_auth_rule` [ RunTime:0.0029s ]
SQL: SELECT * FROM `sw_auth_rule` WHERE ( pid=0 )  [ RunTime:0.0027s ]
NOTIC: [8] Undefined index: user /data/www/ph3.yichiot.com/Application/Common/Controller/AdminBaseController.class.php 第 25 行.
NOTIC: [8] Undefined index: user /data/www/ph3.yichiot.com/Application/Common/Controller/AdminBaseController.class.php 第 25 行.
NOTIC: [8] Undefined index: user /data/www/ph3.yichiot.com/Application/Common/Controller/AdminBaseController.class.php 第 25 行.
NOTIC: [8] Undefined index: user /data/www/ph3.yichiot.com/Application/Common/Controller/AdminBaseController.class.php 第 25 行.
NOTIC: [8] Undefined index: user /data/www/ph3.yichiot.com/Application/Common/Controller/AdminBaseController.class.php 第 25 行.
NOTIC: [8] Undefined index: user /data/www/ph3.yichiot.com/Application/Common/Controller/AdminBaseController.class.php 第 25 行.
NOTIC: [8] Undefined index: user /data/www/ph3.yichiot.com/Application/Common/Controller/AdminBaseController.class.php 第 25 行.
NOTIC: [8] Undefined index: user /data/www/ph3.yichiot.com/Application/Common/Controller/AdminBaseController.class.php 第 25 行.
NOTIC: [8] Undefined variable: e /data/www/ph3.yichiot.com/Application/Common/Controller/AdminBaseController.class.php 第 37 行.
INFO: [ view_parse ] --START--
INFO: [ template_filter ] --START--
INFO: Run Behavior\ContentReplaceBehavior [ RunTime:0.000030s ]
INFO: [ template_filter ] --END-- [ RunTime:0.000048s ]
NOTIC: [8] Use of undefined constant front_status - assumed 'front_status' /data/www/ph3.yichiot.com/Application/Runtime/Cache/Admin/b595b808c2ebeeeb0478ffc30bb4e87a.php 第 26 行.
NOTIC: [8] Undefined index: user /data/www/ph3.yichiot.com/Application/Runtime/Cache/Admin/b595b808c2ebeeeb0478ffc30bb4e87a.php 第 26 行.
NOTIC: [8] Use of undefined constant user_status - assumed 'user_status' /data/www/ph3.yichiot.com/Application/Runtime/Cache/Admin/b595b808c2ebeeeb0478ffc30bb4e87a.php 第 31 行.
NOTIC: [8] Undefined index: user /data/www/ph3.yichiot.com/Application/Runtime/Cache/Admin/b595b808c2ebeeeb0478ffc30bb4e87a.php 第 31 行.
NOTIC: [8] Use of undefined constant front_username - assumed 'front_username' /data/www/ph3.yichiot.com/Application/Runtime/Cache/Admin/b595b808c2ebeeeb0478ffc30bb4e87a.php 第 36 行.
NOTIC: [8] Undefined index: user /data/www/ph3.yichiot.com/Application/Runtime/Cache/Admin/b595b808c2ebeeeb0478ffc30bb4e87a.php 第 36 行.
INFO: Run Behavior\ParseTemplateBehavior [ RunTime:0.004687s ]
INFO: [ view_parse ] --END-- [ RunTime:0.004702s ]
INFO: [ view_filter ] --START--
INFO: Run Behavior\WriteHtmlCacheBehavior [ RunTime:0.000069s ]
INFO: [ view_filter ] --END-- [ RunTime:0.000081s ]
NOTIC: [8] Array to string conversion /data/www/ph3.yichiot.com/ThinkPHP/Library/Think/View.class.php 第 91 行.
INFO: [ app_end ] --START--
INFO: Run Behavior\ShowPageTraceBehavior [ RunTime:0.000281s ]
INFO: [ app_end ] --END-- [ RunTime:0.000294s ]

[ 2018-01-27T07:15:44+08:00 ] 153.164.175.248 /admin/sysadmin/
INFO: [ app_init ] --START--
INFO: Run Behavior\BuildLiteBehavior [ RunTime:0.000006s ]
INFO: [ app_init ] --END-- [ RunTime:0.000202s ]
INFO: [ app_begin ] --START--
INFO: Run Behavior\ReadHtmlCacheBehavior [ RunTime:0.000246s ]
INFO: [ app_begin ] --END-- [ RunTime:0.000263s ]
ERR: 无法加载控制器:Sysadmin

[ 2018-01-27T07:15:54+08:00 ] 153.164.175.248 /admin/pMA/
INFO: [ app_init ] --START--
INFO: Run Behavior\BuildLiteBehavior [ RunTime:0.000006s ]
INFO: [ app_init ] --END-- [ RunTime:0.000177s ]
INFO: [ app_begin ] --START--
INFO: Run Behavior\ReadHtmlCacheBehavior [ RunTime:0.000242s ]
INFO: [ app_begin ] --END-- [ RunTime:0.000259s ]
ERR: 无法加载控制器:PMA

[ 2018-01-27T12:11:34+08:00 ] 61.148.245.191 /index.php/Admin/Equipment/index
INFO: [ app_init ] --START--
INFO: Run Behavior\BuildLiteBehavior [ RunTime:0.000006s ]
INFO: [ app_init ] --END-- [ RunTime:0.000172s ]
INFO: [ app_begin ] --START--
INFO: Run Behavior\ReadHtmlCacheBehavior [ RunTime:0.000249s ]
INFO: [ app_begin ] --END-- [ RunTime:0.000266s ]
SQL: SHOW COLUMNS FROM `sw_auth_group_access` [ RunTime:0.0030s ]
SQL: SELECT `uid`,`group_id`,`title`,`rules` FROM sw_auth_group_access a INNER JOIN sw_auth_group g on a.group_id=g.id  WHERE ( a.uid='500016' and g.status='1' )  [ RunTime:0.0029s ]
SQL: SHOW COLUMNS FROM `sw_auth_rule` [ RunTime:0.0029s ]
SQL: SELECT `condition`,`name` FROM `sw_auth_rule` WHERE `id` IN ('1','14','143','144','6','2','3','15','16','17','18','4','20','21','10','19','152','154','147','155','153') AND `type` = 1 AND `status` = 1  [ RunTime:0.0028s ]
SQL: SHOW COLUMNS FROM `sw_auth_rule` [ RunTime:0.0029s ]
SQL: SELECT * FROM `sw_auth_rule` WHERE ( pid=0 )  [ RunTime:0.0027s ]
SQL: SELECT * FROM `sw_auth_rule` WHERE `pid` = 1 AND `state` = 0  [ RunTime:0.0027s ]
SQL: SELECT * FROM `sw_auth_rule` WHERE `pid` = 6 AND `state` = 0  [ RunTime:0.0027s ]
SQL: SELECT * FROM `sw_auth_rule` WHERE `pid` = 147 AND `state` = 0  [ RunTime:0.0028s ]
SQL: SELECT * FROM `sw_auth_rule` WHERE `pid` = 153 AND `state` = 0  [ RunTime:0.0027s ]
SQL: SHOW COLUMNS FROM `sw_equipment` [ RunTime:0.0030s ]
SQL: SELECT COUNT(*) AS tp_count FROM `sw_equipment` WHERE `company_id` = 500016 LIMIT 1   [ RunTime:0.0027s ]
SQL: SELECT * FROM `sw_equipment` WHERE `company_id` = 500016 LIMIT 0,5   [ RunTime:0.0028s ]
SQL: SHOW COLUMNS FROM `sw_user` [ RunTime:0.0030s ]
SQL: SELECT `id`,`username` FROM `sw_user` WHERE `company_id` = 500016 AND `status` = 0  [ RunTime:0.0027s ]
INFO: [ view_parse ] --START--
INFO: [ template_filter ] --START--
INFO: Run Behavior\ContentReplaceBehavior [ RunTime:0.000072s ]
INFO: [ template_filter ] --END-- [ RunTime:0.000090s ]
INFO: Run Behavior\ParseTemplateBehavior [ RunTime:0.006293s ]
INFO: [ view_parse ] --END-- [ RunTime:0.006310s ]
INFO: [ view_filter ] --START--
INFO: Run Behavior\WriteHtmlCacheBehavior [ RunTime:0.000092s ]
INFO: [ view_filter ] --END-- [ RunTime:0.000104s ]
INFO: [ app_end ] --START--
INFO: Run Behavior\ShowPageTraceBehavior [ RunTime:0.000298s ]
INFO: [ app_end ] --END-- [ RunTime:0.000313s ]

[ 2018-01-27T12:12:20+08:00 ] 61.148.245.191 /index.php/Admin/Equipment/map
INFO: [ app_init ] --START--
INFO: Run Behavior\BuildLiteBehavior [ RunTime:0.000006s ]
INFO: [ app_init ] --END-- [ RunTime:0.000168s ]
INFO: [ app_begin ] --START--
INFO: Run Behavior\ReadHtmlCacheBehavior [ RunTime:0.000233s ]
INFO: [ app_begin ] --END-- [ RunTime:0.000248s ]
SQL: SHOW COLUMNS FROM `sw_auth_group_access` [ RunTime:0.0030s ]
SQL: SELECT `uid`,`group_id`,`title`,`rules` FROM sw_auth_group_access a INNER JOIN sw_auth_group g on a.group_id=g.id  WHERE ( a.uid='500016' and g.status='1' )  [ RunTime:0.0029s ]
SQL: SHOW COLUMNS FROM `sw_auth_rule` [ RunTime:0.0029s ]
SQL: SELECT `condition`,`name` FROM `sw_auth_rule` WHERE `id` IN ('1','14','143','144','6','2','3','15','16','17','18','4','20','21','10','19','152','154','147','155','153') AND `type` = 1 AND `status` = 1  [ RunTime:0.0030s ]
SQL: SHOW COLUMNS FROM `sw_auth_rule` [ RunTime:0.0029s ]
SQL: SELECT * FROM `sw_auth_rule` WHERE ( pid=0 )  [ RunTime:0.0027s ]
SQL: SELECT * FROM `sw_auth_rule` WHERE `pid` = 1 AND `state` = 0  [ RunTime:0.0027s ]
SQL: SELECT * FROM `sw_auth_rule` WHERE `pid` = 6 AND `state` = 0  [ RunTime:0.0027s ]
SQL: SELECT * FROM `sw_auth_rule` WHERE `pid` = 147 AND `state` = 0  [ RunTime:0.0027s ]
SQL: SELECT * FROM `sw_auth_rule` WHERE `pid` = 153 AND `state` = 0  [ RunTime:0.0027s ]
NOTIC: [8] Undefined index: dw /data/www/ph3.yichiot.com/Application/Admin/Controller/EquipmentController.class.php 第 81 行.
NOTIC: [8] Undefined index:  /data/www/ph3.yichiot.com/Application/Admin/Controller/EquipmentController.class.php 第 83 行.
NOTIC: [8] Undefined index: device_sn /data/www/ph3.yichiot.com/Application/Admin/Controller/EquipmentController.class.php 第 85 行.
SQL: SHOW COLUMNS FROM `sw_equipment` [ RunTime:0.0030s ]
SQL: SELECT * FROM `sw_equipment` WHERE ( device_sn='' )  [ RunTime:0.0028s ]
SQL: SHOW COLUMNS FROM `sw_warehouse` [ RunTime:0.0029s ]
SQL: SELECT `name` FROM `sw_warehouse` WHERE ( id = 0 ) LIMIT 1   [ RunTime:0.0027s ]
SQL: SELECT * FROM `sw_warehouse`  [ RunTime:0.0027s ]
INFO: [ view_parse ] --START--
INFO: [ template_filter ] --START--
INFO: Run Behavior\ContentReplaceBehavior [ RunTime:0.000079s ]
INFO: [ template_filter ] --END-- [ RunTime:0.000116s ]
NOTIC: [8] Undefined index: warehouse_limit /data/www/ph3.yichiot.com/Application/Runtime/Cache/Admin/6e38fc0b45ffa2389b27bf96366051ca.php 第 67 行.
NOTIC: [8] Undefined index: floor_limit /data/www/ph3.yichiot.com/Application/Runtime/Cache/Admin/6e38fc0b45ffa2389b27bf96366051ca.php 第 68 行.
NOTIC: [8] Undefined variable: floor /data/www/ph3.yichiot.com/Application/Runtime/Cache/Admin/6e38fc0b45ffa2389b27bf96366051ca.php 第 175 行.
INFO: Run Behavior\ParseTemplateBehavior [ RunTime:0.006118s ]
INFO: [ view_parse ] --END-- [ RunTime:0.006135s ]
INFO: [ view_filter ] --START--
INFO: Run Behavior\WriteHtmlCacheBehavior [ RunTime:0.000076s ]
INFO: [ view_filter ] --END-- [ RunTime:0.000088s ]
INFO: [ app_end ] --START--
INFO: Run Behavior\ShowPageTraceBehavior [ RunTime:0.000347s ]
INFO: [ app_end ] --END-- [ RunTime:0.000361s ]

[ 2018-01-27T14:45:13+08:00 ] 45.125.13.136 /admin/
INFO: [ app_init ] --START--
INFO: Run Behavior\BuildLiteBehavior [ RunTime:0.000007s ]
INFO: [ app_init ] --END-- [ RunTime:0.000166s ]
INFO: [ app_begin ] --START--
INFO: Run Behavior\ReadHtmlCacheBehavior [ RunTime:0.000228s ]
INFO: [ app_begin ] --END-- [ RunTime:0.000244s ]
NOTIC: [8] Undefined index: user /data/www/ph3.yichiot.com/Application/Common/Controller/AdminBaseController.class.php 第 16 行.
SQL: SHOW COLUMNS FROM `sw_auth_group_access` [ RunTime:0.0029s ]
SQL: SELECT `uid`,`group_id`,`title`,`rules` FROM sw_auth_group_access a INNER JOIN sw_auth_group g on a.group_id=g.id  WHERE ( a.uid='' and g.status='1' )  [ RunTime:0.0027s ]
SQL: SHOW COLUMNS FROM `sw_auth_rule` [ RunTime:0.0028s ]
SQL: SELECT * FROM `sw_auth_rule` WHERE ( pid=0 )  [ RunTime:0.0026s ]
NOTIC: [8] Undefined index: user /data/www/ph3.yichiot.com/Application/Common/Controller/AdminBaseController.class.php 第 25 行.
NOTIC: [8] Undefined index: user /data/www/ph3.yichiot.com/Application/Common/Controller/AdminBaseController.class.php 第 25 行.
NOTIC: [8] Undefined index: user /data/www/ph3.yichiot.com/Application/Common/Controller/AdminBaseController.class.php 第 25 行.
NOTIC: [8] Undefined index: user /data/www/ph3.yichiot.com/Application/Common/Controller/AdminBaseController.class.php 第 25 行.
NOTIC: [8] Undefined index: user /data/www/ph3.yichiot.com/Application/Common/Controller/AdminBaseController.class.php 第 25 行.
NOTIC: [8] Undefined index: user /data/www/ph3.yichiot.com/Application/Common/Controller/AdminBaseController.class.php 第 25 行.
NOTIC: [8] Undefined index: user /data/www/ph3.yichiot.com/Application/Common/Controller/AdminBaseController.class.php 第 25 行.
NOTIC: [8] Undefined index: user /data/www/ph3.yichiot.com/Application/Common/Controller/AdminBaseController.class.php 第 25 行.
NOTIC: [8] Undefined variable: e /data/www/ph3.yichiot.com/Application/Common/Controller/AdminBaseController.class.php 第 37 行.
INFO: [ view_parse ] --START--
INFO: [ template_filter ] --START--
INFO: Run Behavior\ContentReplaceBehavior [ RunTime:0.000030s ]
INFO: [ template_filter ] --END-- [ RunTime:0.000047s ]
NOTIC: [8] Use of undefined constant front_status - assumed 'front_status' /data/www/ph3.yichiot.com/Application/Runtime/Cache/Admin/b595b808c2ebeeeb0478ffc30bb4e87a.php 第 26 行.
NOTIC: [8] Undefined index: user /data/www/ph3.yichiot.com/Application/Runtime/Cache/Admin/b595b808c2ebeeeb0478ffc30bb4e87a.php 第 26 行.
NOTIC: [8] Use of undefined constant user_status - assumed 'user_status' /data/www/ph3.yichiot.com/Application/Runtime/Cache/Admin/b595b808c2ebeeeb0478ffc30bb4e87a.php 第 31 行.
NOTIC: [8] Undefined index: user /data/www/ph3.yichiot.com/Application/Runtime/Cache/Admin/b595b808c2ebeeeb0478ffc30bb4e87a.php 第 31 行.
NOTIC: [8] Use of undefined constant front_username - assumed 'front_username' /data/www/ph3.yichiot.com/Application/Runtime/Cache/Admin/b595b808c2ebeeeb0478ffc30bb4e87a.php 第 36 行.
NOTIC: [8] Undefined index: user /data/www/ph3.yichiot.com/Application/Runtime/Cache/Admin/b595b808c2ebeeeb0478ffc30bb4e87a.php 第 36 行.
INFO: Run Behavior\ParseTemplateBehavior [ RunTime:0.004778s ]
INFO: [ view_parse ] --END-- [ RunTime:0.004794s ]
INFO: [ view_filter ] --START--
INFO: Run Behavior\WriteHtmlCacheBehavior [ RunTime:0.000070s ]
INFO: [ view_filter ] --END-- [ RunTime:0.000081s ]
NOTIC: [8] Array to string conversion /data/www/ph3.yichiot.com/ThinkPHP/Library/Think/View.class.php 第 91 行.
INFO: [ app_end ] --START--
INFO: Run Behavior\ShowPageTraceBehavior [ RunTime:0.000280s ]
INFO: [ app_end ] --END-- [ RunTime:0.000292s ]

[ 2018-01-27T14:45:13+08:00 ] 45.125.13.136 /admin/
INFO: [ app_init ] --START--
INFO: Run Behavior\BuildLiteBehavior [ RunTime:0.000007s ]
INFO: [ app_init ] --END-- [ RunTime:0.000167s ]
INFO: [ app_begin ] --START--
INFO: Run Behavior\ReadHtmlCacheBehavior [ RunTime:0.000230s ]
INFO: [ app_begin ] --END-- [ RunTime:0.000245s ]
NOTIC: [8] Undefined index: user /data/www/ph3.yichiot.com/Application/Common/Controller/AdminBaseController.class.php 第 16 行.
SQL: SHOW COLUMNS FROM `sw_auth_group_access` [ RunTime:0.0029s ]
SQL: SELECT `uid`,`group_id`,`title`,`rules` FROM sw_auth_group_access a INNER JOIN sw_auth_group g on a.group_id=g.id  WHERE ( a.uid='' and g.status='1' )  [ RunTime:0.0028s ]
SQL: SHOW COLUMNS FROM `sw_auth_rule` [ RunTime:0.0029s ]
SQL: SELECT * FROM `sw_auth_rule` WHERE ( pid=0 )  [ RunTime:0.0027s ]
NOTIC: [8] Undefined index: user /data/www/ph3.yichiot.com/Application/Common/Controller/AdminBaseController.class.php 第 25 行.
NOTIC: [8] Undefined index: user /data/www/ph3.yichiot.com/Application/Common/Controller/AdminBaseController.class.php 第 25 行.
NOTIC: [8] Undefined index: user /data/www/ph3.yichiot.com/Application/Common/Controller/AdminBaseController.class.php 第 25 行.
NOTIC: [8] Undefined index: user /data/www/ph3.yichiot.com/Application/Common/Controller/AdminBaseController.class.php 第 25 行.
NOTIC: [8] Undefined index: user /data/www/ph3.yichiot.com/Application/Common/Controller/AdminBaseController.class.php 第 25 行.
NOTIC: [8] Undefined index: user /data/www/ph3.yichiot.com/Application/Common/Controller/AdminBaseController.class.php 第 25 行.
NOTIC: [8] Undefined index: user /data/www/ph3.yichiot.com/Application/Common/Controller/AdminBaseController.class.php 第 25 行.
NOTIC: [8] Undefined index: user /data/www/ph3.yichiot.com/Application/Common/Controller/AdminBaseController.class.php 第 25 行.
NOTIC: [8] Undefined variable: e /data/www/ph3.yichiot.com/Application/Common/Controller/AdminBaseController.class.php 第 37 行.
INFO: [ view_parse ] --START--
INFO: [ template_filter ] --START--
INFO: Run Behavior\ContentReplaceBehavior [ RunTime:0.000030s ]
INFO: [ template_filter ] --END-- [ RunTime:0.000048s ]
NOTIC: [8] Use of undefined constant front_status - assumed 'front_status' /data/www/ph3.yichiot.com/Application/Runtime/Cache/Admin/b595b808c2ebeeeb0478ffc30bb4e87a.php 第 26 行.
NOTIC: [8] Undefined index: user /data/www/ph3.yichiot.com/Application/Runtime/Cache/Admin/b595b808c2ebeeeb0478ffc30bb4e87a.php 第 26 行.
NOTIC: [8] Use of undefined constant user_status - assumed 'user_status' /data/www/ph3.yichiot.com/Application/Runtime/Cache/Admin/b595b808c2ebeeeb0478ffc30bb4e87a.php 第 31 行.
NOTIC: [8] Undefined index: user /data/www/ph3.yichiot.com/Application/Runtime/Cache/Admin/b595b808c2ebeeeb0478ffc30bb4e87a.php 第 31 行.
NOTIC: [8] Use of undefined constant front_username - assumed 'front_username' /data/www/ph3.yichiot.com/Application/Runtime/Cache/Admin/b595b808c2ebeeeb0478ffc30bb4e87a.php 第 36 行.
NOTIC: [8] Undefined index: user /data/www/ph3.yichiot.com/Application/Runtime/Cache/Admin/b595b808c2ebeeeb0478ffc30bb4e87a.php 第 36 行.
INFO: Run Behavior\ParseTemplateBehavior [ RunTime:0.004773s ]
INFO: [ view_parse ] --END-- [ RunTime:0.004789s ]
INFO: [ view_filter ] --START--
INFO: Run Behavior\WriteHtmlCacheBehavior [ RunTime:0.000071s ]
INFO: [ view_filter ] --END-- [ RunTime:0.000083s ]
NOTIC: [8] Array to string conversion /data/www/ph3.yichiot.com/ThinkPHP/Library/Think/View.class.php 第 91 行.
INFO: [ app_end ] --START--
INFO: Run Behavior\ShowPageTraceBehavior [ RunTime:0.000291s ]
INFO: [ app_end ] --END-- [ RunTime:0.000304s ]

[ 2018-01-27T14:45:18+08:00 ] 45.125.13.136 /admin/phpmyadmin/
INFO: [ app_init ] --START--
INFO: Run Behavior\BuildLiteBehavior [ RunTime:0.000006s ]
INFO: [ app_init ] --END-- [ RunTime:0.000168s ]
INFO: [ app_begin ] --START--
INFO: Run Behavior\ReadHtmlCacheBehavior [ RunTime:0.000246s ]
INFO: [ app_begin ] --END-- [ RunTime:0.000263s ]
ERR: 无法加载控制器:Phpmyadmin

[ 2018-01-27T14:45:19+08:00 ] 45.125.13.136 /admin/phpMyAdmin/
INFO: [ app_init ] --START--
INFO: Run Behavior\BuildLiteBehavior [ RunTime:0.000007s ]
INFO: [ app_init ] --END-- [ RunTime:0.000172s ]
INFO: [ app_begin ] --START--
INFO: Run Behavior\ReadHtmlCacheBehavior [ RunTime:0.000255s ]
INFO: [ app_begin ] --END-- [ RunTime:0.000273s ]
ERR: 无法加载控制器:PhpMyAdmin

[ 2018-01-27T14:45:19+08:00 ] 45.125.13.136 /admin/sysadmin/
INFO: [ app_init ] --START--
INFO: Run Behavior\BuildLiteBehavior [ RunTime:0.000006s ]
INFO: [ app_init ] --END-- [ RunTime:0.000193s ]
INFO: [ app_begin ] --START--
INFO: Run Behavior\ReadHtmlCacheBehavior [ RunTime:0.000230s ]
INFO: [ app_begin ] --END-- [ RunTime:0.000247s ]
ERR: 无法加载控制器:Sysadmin

[ 2018-01-27T14:45:20+08:00 ] 45.125.13.136 /admin/sqladmin/
INFO: [ app_init ] --START--
INFO: Run Behavior\BuildLiteBehavior [ RunTime:0.000006s ]
INFO: [ app_init ] --END-- [ RunTime:0.000171s ]
INFO: [ app_begin ] --START--
INFO: Run Behavior\ReadHtmlCacheBehavior [ RunTime:0.000227s ]
INFO: [ app_begin ] --END-- [ RunTime:0.000241s ]
ERR: 无法加载控制器:Sqladmin

[ 2018-01-27T14:45:20+08:00 ] 45.125.13.136 /admin/db/
INFO: [ app_init ] --START--
INFO: Run Behavior\BuildLiteBehavior [ RunTime:0.000006s ]
INFO: [ app_init ] --END-- [ RunTime:0.000168s ]
INFO: [ app_begin ] --START--
INFO: Run Behavior\ReadHtmlCacheBehavior [ RunTime:0.000252s ]
INFO: [ app_begin ] --END-- [ RunTime:0.000270s ]
ERR: 无法加载控制器:Db

[ 2018-01-27T14:45:21+08:00 ] 45.125.13.136 /admin/web/
INFO: [ app_init ] --START--
INFO: Run Behavior\BuildLiteBehavior [ RunTime:0.000006s ]
INFO: [ app_init ] --END-- [ RunTime:0.000165s ]
INFO: [ app_begin ] --START--
INFO: Run Behavior\ReadHtmlCacheBehavior [ RunTime:0.000263s ]
INFO: [ app_begin ] --END-- [ RunTime:0.000279s ]
ERR: 无法加载控制器:Web

[ 2018-01-27T14:45:21+08:00 ] 45.125.13.136 /admin/pMA/
INFO: [ app_init ] --START--
INFO: Run Behavior\BuildLiteBehavior [ RunTime:0.000024s ]
INFO: [ app_init ] --END-- [ RunTime:0.000185s ]
INFO: [ app_begin ] --START--
INFO: Run Behavior\ReadHtmlCacheBehavior [ RunTime:0.000231s ]
INFO: [ app_begin ] --END-- [ RunTime:0.000248s ]
ERR: 无法加载控制器:PMA

[ 2018-01-27T15:27:01+08:00 ] 176.58.123.223 /admin/
INFO: [ app_init ] --START--
INFO: Run Behavior\BuildLiteBehavior [ RunTime:0.000007s ]
INFO: [ app_init ] --END-- [ RunTime:0.000168s ]
INFO: [ app_begin ] --START--
INFO: Run Behavior\ReadHtmlCacheBehavior [ RunTime:0.000243s ]
INFO: [ app_begin ] --END-- [ RunTime:0.000260s ]
NOTIC: [8] Undefined index: user /data/www/ph3.yichiot.com/Application/Common/Controller/AdminBaseController.class.php 第 16 行.
SQL: SHOW COLUMNS FROM `sw_auth_group_access` [ RunTime:0.0037s ]
SQL: SELECT `uid`,`group_id`,`title`,`rules` FROM sw_auth_group_access a INNER JOIN sw_auth_group g on a.group_id=g.id  WHERE ( a.uid='' and g.status='1' )  [ RunTime:0.0036s ]
SQL: SHOW COLUMNS FROM `sw_auth_rule` [ RunTime:0.0036s ]
SQL: SELECT * FROM `sw_auth_rule` WHERE ( pid=0 )  [ RunTime:0.0034s ]
NOTIC: [8] Undefined index: user /data/www/ph3.yichiot.com/Application/Common/Controller/AdminBaseController.class.php 第 25 行.
NOTIC: [8] Undefined index: user /data/www/ph3.yichiot.com/Application/Common/Controller/AdminBaseController.class.php 第 25 行.
NOTIC: [8] Undefined index: user /data/www/ph3.yichiot.com/Application/Common/Controller/AdminBaseController.class.php 第 25 行.
NOTIC: [8] Undefined index: user /data/www/ph3.yichiot.com/Application/Common/Controller/AdminBaseController.class.php 第 25 行.
NOTIC: [8] Undefined index: user /data/www/ph3.yichiot.com/Application/Common/Controller/AdminBaseController.class.php 第 25 行.
NOTIC: [8] Undefined index: user /data/www/ph3.yichiot.com/Application/Common/Controller/AdminBaseController.class.php 第 25 行.
NOTIC: [8] Undefined index: user /data/www/ph3.yichiot.com/Application/Common/Controller/AdminBaseController.class.php 第 25 行.
NOTIC: [8] Undefined index: user /data/www/ph3.yichiot.com/Application/Common/Controller/AdminBaseController.class.php 第 25 行.
NOTIC: [8] Undefined variable: e /data/www/ph3.yichiot.com/Application/Common/Controller/AdminBaseController.class.php 第 37 行.
INFO: [ view_parse ] --START--
INFO: [ template_filter ] --START--
INFO: Run Behavior\ContentReplaceBehavior [ RunTime:0.000031s ]
INFO: [ template_filter ] --END-- [ RunTime:0.000061s ]
NOTIC: [8] Use of undefined constant front_status - assumed 'front_status' /data/www/ph3.yichiot.com/Application/Runtime/Cache/Admin/b595b808c2ebeeeb0478ffc30bb4e87a.php 第 26 行.
NOTIC: [8] Undefined index: user /data/www/ph3.yichiot.com/Application/Runtime/Cache/Admin/b595b808c2ebeeeb0478ffc30bb4e87a.php 第 26 行.
NOTIC: [8] Use of undefined constant user_status - assumed 'user_status' /data/www/ph3.yichiot.com/Application/Runtime/Cache/Admin/b595b808c2ebeeeb0478ffc30bb4e87a.php 第 31 行.
NOTIC: [8] Undefined index: user /data/www/ph3.yichiot.com/Application/Runtime/Cache/Admin/b595b808c2ebeeeb0478ffc30bb4e87a.php 第 31 行.
NOTIC: [8] Use of undefined constant front_username - assumed 'front_username' /data/www/ph3.yichiot.com/Application/Runtime/Cache/Admin/b595b808c2ebeeeb0478ffc30bb4e87a.php 第 36 行.
NOTIC: [8] Undefined index: user /data/www/ph3.yichiot.com/Application/Runtime/Cache/Admin/b595b808c2ebeeeb0478ffc30bb4e87a.php 第 36 行.
INFO: Run Behavior\ParseTemplateBehavior [ RunTime:0.004917s ]
INFO: [ view_parse ] --END-- [ RunTime:0.004933s ]
INFO: [ view_filter ] --START--
INFO: Run Behavior\WriteHtmlCacheBehavior [ RunTime:0.000074s ]
INFO: [ view_filter ] --END-- [ RunTime:0.000086s ]
NOTIC: [8] Array to string conversion /data/www/ph3.yichiot.com/ThinkPHP/Library/Think/View.class.php 第 91 行.
INFO: [ app_end ] --START--
INFO: Run Behavior\ShowPageTraceBehavior [ RunTime:0.000322s ]
INFO: [ app_end ] --END-- [ RunTime:0.000337s ]

[ 2018-01-27T15:27:02+08:00 ] 176.58.123.223 /admin/
INFO: [ app_init ] --START--
INFO: Run Behavior\BuildLiteBehavior [ RunTime:0.000006s ]
INFO: [ app_init ] --END-- [ RunTime:0.000164s ]
INFO: [ app_begin ] --START--
INFO: Run Behavior\ReadHtmlCacheBehavior [ RunTime:0.000228s ]
INFO: [ app_begin ] --END-- [ RunTime:0.000244s ]
NOTIC: [8] Undefined index: user /data/www/ph3.yichiot.com/Application/Common/Controller/AdminBaseController.class.php 第 16 行.
SQL: SHOW COLUMNS FROM `sw_auth_group_access` [ RunTime:0.0023s ]
SQL: SELECT `uid`,`group_id`,`title`,`rules` FROM sw_auth_group_access a INNER JOIN sw_auth_group g on a.group_id=g.id  WHERE ( a.uid='' and g.status='1' )  [ RunTime:0.0022s ]
SQL: SHOW COLUMNS FROM `sw_auth_rule` [ RunTime:0.0024s ]
SQL: SELECT * FROM `sw_auth_rule` WHERE ( pid=0 )  [ RunTime:0.0021s ]
NOTIC: [8] Undefined index: user /data/www/ph3.yichiot.com/Application/Common/Controller/AdminBaseController.class.php 第 25 行.
NOTIC: [8] Undefined index: user /data/www/ph3.yichiot.com/Application/Common/Controller/AdminBaseController.class.php 第 25 行.
NOTIC: [8] Undefined index: user /data/www/ph3.yichiot.com/Application/Common/Controller/AdminBaseController.class.php 第 25 行.
NOTIC: [8] Undefined index: user /data/www/ph3.yichiot.com/Application/Common/Controller/AdminBaseController.class.php 第 25 行.
NOTIC: [8] Undefined index: user /data/www/ph3.yichiot.com/Application/Common/Controller/AdminBaseController.class.php 第 25 行.
NOTIC: [8] Undefined index: user /data/www/ph3.yichiot.com/Application/Common/Controller/AdminBaseController.class.php 第 25 行.
NOTIC: [8] Undefined index: user /data/www/ph3.yichiot.com/Application/Common/Controller/AdminBaseController.class.php 第 25 行.
NOTIC: [8] Undefined index: user /data/www/ph3.yichiot.com/Application/Common/Controller/AdminBaseController.class.php 第 25 行.
NOTIC: [8] Undefined variable: e /data/www/ph3.yichiot.com/Application/Common/Controller/AdminBaseController.class.php 第 37 行.
INFO: [ view_parse ] --START--
INFO: [ template_filter ] --START--
INFO: Run Behavior\ContentReplaceBehavior [ RunTime:0.000029s ]
INFO: [ template_filter ] --END-- [ RunTime:0.000048s ]
NOTIC: [8] Use of undefined constant front_status - assumed 'front_status' /data/www/ph3.yichiot.com/Application/Runtime/Cache/Admin/b595b808c2ebeeeb0478ffc30bb4e87a.php 第 26 行.
NOTIC: [8] Undefined index: user /data/www/ph3.yichiot.com/Application/Runtime/Cache/Admin/b595b808c2ebeeeb0478ffc30bb4e87a.php 第 26 行.
NOTIC: [8] Use of undefined constant user_status - assumed 'user_status' /data/www/ph3.yichiot.com/Application/Runtime/Cache/Admin/b595b808c2ebeeeb0478ffc30bb4e87a.php 第 31 行.
NOTIC: [8] Undefined index: user /data/www/ph3.yichiot.com/Application/Runtime/Cache/Admin/b595b808c2ebeeeb0478ffc30bb4e87a.php 第 31 行.
NOTIC: [8] Use of undefined constant front_username - assumed 'front_username' /data/www/ph3.yichiot.com/Application/Runtime/Cache/Admin/b595b808c2ebeeeb0478ffc30bb4e87a.php 第 36 行.
NOTIC: [8] Undefined index: user /data/www/ph3.yichiot.com/Application/Runtime/Cache/Admin/b595b808c2ebeeeb0478ffc30bb4e87a.php 第 36 行.
INFO: Run Behavior\ParseTemplateBehavior [ RunTime:0.004701s ]
INFO: [ view_parse ] --END-- [ RunTime:0.004716s ]
INFO: [ view_filter ] --START--
INFO: Run Behavior\WriteHtmlCacheBehavior [ RunTime:0.000091s ]
INFO: [ view_filter ] --END-- [ RunTime:0.000104s ]
NOTIC: [8] Array to string conversion /data/www/ph3.yichiot.com/ThinkPHP/Library/Think/View.class.php 第 91 行.
INFO: [ app_end ] --START--
INFO: Run Behavior\ShowPageTraceBehavior [ RunTime:0.000285s ]
INFO: [ app_end ] --END-- [ RunTime:0.000307s ]

[ 2018-01-27T15:27:07+08:00 ] 176.58.123.223 /admin/phpmyadmin/
INFO: [ app_init ] --START--
INFO: Run Behavior\BuildLiteBehavior [ RunTime:0.000006s ]
INFO: [ app_init ] --END-- [ RunTime:0.000171s ]
INFO: [ app_begin ] --START--
INFO: Run Behavior\ReadHtmlCacheBehavior [ RunTime:0.000234s ]
INFO: [ app_begin ] --END-- [ RunTime:0.000251s ]
ERR: 无法加载控制器:Phpmyadmin

[ 2018-01-27T15:27:07+08:00 ] 176.58.123.223 /admin/phpMyAdmin/
INFO: [ app_init ] --START--
INFO: Run Behavior\BuildLiteBehavior [ RunTime:0.000007s ]
INFO: [ app_init ] --END-- [ RunTime:0.000185s ]
INFO: [ app_begin ] --START--
INFO: Run Behavior\ReadHtmlCacheBehavior [ RunTime:0.000250s ]
INFO: [ app_begin ] --END-- [ RunTime:0.000268s ]
ERR: 无法加载控制器:PhpMyAdmin

[ 2018-01-27T15:27:08+08:00 ] 176.58.123.223 /admin/sysadmin/
INFO: [ app_init ] --START--
INFO: Run Behavior\BuildLiteBehavior [ RunTime:0.000006s ]
INFO: [ app_init ] --END-- [ RunTime:0.000172s ]
INFO: [ app_begin ] --START--
INFO: Run Behavior\ReadHtmlCacheBehavior [ RunTime:0.000263s ]
INFO: [ app_begin ] --END-- [ RunTime:0.000282s ]
ERR: 无法加载控制器:Sysadmin

[ 2018-01-27T15:27:08+08:00 ] 176.58.123.223 /admin/sqladmin/
INFO: [ app_init ] --START--
INFO: Run Behavior\BuildLiteBehavior [ RunTime:0.000008s ]
INFO: [ app_init ] --END-- [ RunTime:0.000228s ]
INFO: [ app_begin ] --START--
INFO: Run Behavior\ReadHtmlCacheBehavior [ RunTime:0.000270s ]
INFO: [ app_begin ] --END-- [ RunTime:0.000299s ]
ERR: 无法加载控制器:Sqladmin

[ 2018-01-27T15:27:09+08:00 ] 176.58.123.223 /admin/db/
INFO: [ app_init ] --START--
INFO: Run Behavior\BuildLiteBehavior [ RunTime:0.000006s ]
INFO: [ app_init ] --END-- [ RunTime:0.000168s ]
INFO: [ app_begin ] --START--
INFO: Run Behavior\ReadHtmlCacheBehavior [ RunTime:0.000227s ]
INFO: [ app_begin ] --END-- [ RunTime:0.000243s ]
ERR: 无法加载控制器:Db

[ 2018-01-27T15:27:09+08:00 ] 176.58.123.223 /admin/web/
INFO: [ app_init ] --START--
INFO: Run Behavior\BuildLiteBehavior [ RunTime:0.000006s ]
INFO: [ app_init ] --END-- [ RunTime:0.000188s ]
INFO: [ app_begin ] --START--
INFO: Run Behavior\ReadHtmlCacheBehavior [ RunTime:0.000242s ]
INFO: [ app_begin ] --END-- [ RunTime:0.000258s ]
ERR: 无法加载控制器:Web

[ 2018-01-27T15:27:10+08:00 ] 176.58.123.223 /admin/pMA/
INFO: [ app_init ] --START--
INFO: Run Behavior\BuildLiteBehavior [ RunTime:0.000005s ]
INFO: [ app_init ] --END-- [ RunTime:0.000173s ]
INFO: [ app_begin ] --START--
INFO: Run Behavior\ReadHtmlCacheBehavior [ RunTime:0.000266s ]
INFO: [ app_begin ] --END-- [ RunTime:0.000282s ]
ERR: 无法加载控制器:PMA

[ 2018-01-27T17:41:55+08:00 ] 90.85.135.145 /admin/
INFO: [ app_init ] --START--
INFO: Run Behavior\BuildLiteBehavior [ RunTime:0.000006s ]
INFO: [ app_init ] --END-- [ RunTime:0.000173s ]
INFO: [ app_begin ] --START--
INFO: Run Behavior\ReadHtmlCacheBehavior [ RunTime:0.000239s ]
INFO: [ app_begin ] --END-- [ RunTime:0.000256s ]
NOTIC: [8] Undefined index: user /data/www/ph3.yichiot.com/Application/Common/Controller/AdminBaseController.class.php 第 16 行.
SQL: SHOW COLUMNS FROM `sw_auth_group_access` [ RunTime:0.0045s ]
SQL: SELECT `uid`,`group_id`,`title`,`rules` FROM sw_auth_group_access a INNER JOIN sw_auth_group g on a.group_id=g.id  WHERE ( a.uid='' and g.status='1' )  [ RunTime:0.0042s ]
SQL: SHOW COLUMNS FROM `sw_auth_rule` [ RunTime:0.0044s ]
SQL: SELECT * FROM `sw_auth_rule` WHERE ( pid=0 )  [ RunTime:0.0041s ]
NOTIC: [8] Undefined index: user /data/www/ph3.yichiot.com/Application/Common/Controller/AdminBaseController.class.php 第 25 行.
NOTIC: [8] Undefined index: user /data/www/ph3.yichiot.com/Application/Common/Controller/AdminBaseController.class.php 第 25 行.
NOTIC: [8] Undefined index: user /data/www/ph3.yichiot.com/Application/Common/Controller/AdminBaseController.class.php 第 25 行.
NOTIC: [8] Undefined index: user /data/www/ph3.yichiot.com/Application/Common/Controller/AdminBaseController.class.php 第 25 行.
NOTIC: [8] Undefined index: user /data/www/ph3.yichiot.com/Application/Common/Controller/AdminBaseController.class.php 第 25 行.
NOTIC: [8] Undefined index: user /data/www/ph3.yichiot.com/Application/Common/Controller/AdminBaseController.class.php 第 25 行.
NOTIC: [8] Undefined index: user /data/www/ph3.yichiot.com/Application/Common/Controller/AdminBaseController.class.php 第 25 行.
NOTIC: [8] Undefined index: user /data/www/ph3.yichiot.com/Application/Common/Controller/AdminBaseController.class.php 第 25 行.
NOTIC: [8] Undefined variable: e /data/www/ph3.yichiot.com/Application/Common/Controller/AdminBaseController.class.php 第 37 行.
INFO: [ view_parse ] --START--
INFO: [ template_filter ] --START--
INFO: Run Behavior\ContentReplaceBehavior [ RunTime:0.000029s ]
INFO: [ template_filter ] --END-- [ RunTime:0.000049s ]
NOTIC: [8] Use of undefined constant front_status - assumed 'front_status' /data/www/ph3.yichiot.com/Application/Runtime/Cache/Admin/b595b808c2ebeeeb0478ffc30bb4e87a.php 第 26 行.
NOTIC: [8] Undefined index: user /data/www/ph3.yichiot.com/Application/Runtime/Cache/Admin/b595b808c2ebeeeb0478ffc30bb4e87a.php 第 26 行.
NOTIC: [8] Use of undefined constant user_status - assumed 'user_status' /data/www/ph3.yichiot.com/Application/Runtime/Cache/Admin/b595b808c2ebeeeb0478ffc30bb4e87a.php 第 31 行.
NOTIC: [8] Undefined index: user /data/www/ph3.yichiot.com/Application/Runtime/Cache/Admin/b595b808c2ebeeeb0478ffc30bb4e87a.php 第 31 行.
NOTIC: [8] Use of undefined constant front_username - assumed 'front_username' /data/www/ph3.yichiot.com/Application/Runtime/Cache/Admin/b595b808c2ebeeeb0478ffc30bb4e87a.php 第 36 行.
NOTIC: [8] Undefined index: user /data/www/ph3.yichiot.com/Application/Runtime/Cache/Admin/b595b808c2ebeeeb0478ffc30bb4e87a.php 第 36 行.
INFO: Run Behavior\ParseTemplateBehavior [ RunTime:0.004881s ]
INFO: [ view_parse ] --END-- [ RunTime:0.004898s ]
INFO: [ view_filter ] --START--
INFO: Run Behavior\WriteHtmlCacheBehavior [ RunTime:0.000076s ]
INFO: [ view_filter ] --END-- [ RunTime:0.000088s ]
NOTIC: [8] Array to string conversion /data/www/ph3.yichiot.com/ThinkPHP/Library/Think/View.class.php 第 91 行.
INFO: [ app_end ] --START--
INFO: Run Behavior\ShowPageTraceBehavior [ RunTime:0.000299s ]
INFO: [ app_end ] --END-- [ RunTime:0.000312s ]

[ 2018-01-27T17:42:05+08:00 ] 90.85.135.145 /admin/phpmyadmin/
INFO: [ app_init ] --START--
INFO: Run Behavior\BuildLiteBehavior [ RunTime:0.000006s ]
INFO: [ app_init ] --END-- [ RunTime:0.000169s ]
INFO: [ app_begin ] --START--
INFO: Run Behavior\ReadHtmlCacheBehavior [ RunTime:0.000254s ]
INFO: [ app_begin ] --END-- [ RunTime:0.000271s ]
ERR: 无法加载控制器:Phpmyadmin

[ 2018-01-27T17:42:06+08:00 ] 90.85.135.145 /admin/phpMyAdmin/
INFO: [ app_init ] --START--
INFO: Run Behavior\BuildLiteBehavior [ RunTime:0.000006s ]
INFO: [ app_init ] --END-- [ RunTime:0.000168s ]
INFO: [ app_begin ] --START--
INFO: Run Behavior\ReadHtmlCacheBehavior [ RunTime:0.000230s ]
INFO: [ app_begin ] --END-- [ RunTime:0.000246s ]
ERR: 无法加载控制器:PhpMyAdmin

[ 2018-01-27T17:42:07+08:00 ] 90.85.135.145 /admin/sysadmin/
INFO: [ app_init ] --START--
INFO: Run Behavior\BuildLiteBehavior [ RunTime:0.000007s ]
INFO: [ app_init ] --END-- [ RunTime:0.000171s ]
INFO: [ app_begin ] --START--
INFO: Run Behavior\ReadHtmlCacheBehavior [ RunTime:0.000261s ]
INFO: [ app_begin ] --END-- [ RunTime:0.000277s ]
ERR: 无法加载控制器:Sysadmin

[ 2018-01-27T17:42:07+08:00 ] 90.85.135.145 /admin/sqladmin/
INFO: [ app_init ] --START--
INFO: Run Behavior\BuildLiteBehavior [ RunTime:0.000007s ]
INFO: [ app_init ] --END-- [ RunTime:0.000169s ]
INFO: [ app_begin ] --START--
INFO: Run Behavior\ReadHtmlCacheBehavior [ RunTime:0.000248s ]
INFO: [ app_begin ] --END-- [ RunTime:0.000265s ]
ERR: 无法加载控制器:Sqladmin

[ 2018-01-27T17:42:08+08:00 ] 90.85.135.145 /admin/db/
INFO: [ app_init ] --START--
INFO: Run Behavior\BuildLiteBehavior [ RunTime:0.000007s ]
INFO: [ app_init ] --END-- [ RunTime:0.000175s ]
INFO: [ app_begin ] --START--
INFO: Run Behavior\ReadHtmlCacheBehavior [ RunTime:0.000234s ]
INFO: [ app_begin ] --END-- [ RunTime:0.000252s ]
ERR: 无法加载控制器:Db

[ 2018-01-27T17:42:09+08:00 ] 90.85.135.145 /admin/web/
INFO: [ app_init ] --START--
INFO: Run Behavior\BuildLiteBehavior [ RunTime:0.000007s ]
INFO: [ app_init ] --END-- [ RunTime:0.000169s ]
INFO: [ app_begin ] --START--
INFO: Run Behavior\ReadHtmlCacheBehavior [ RunTime:0.000232s ]
INFO: [ app_begin ] --END-- [ RunTime:0.000249s ]
ERR: 无法加载控制器:Web

[ 2018-01-27T17:42:10+08:00 ] 90.85.135.145 /admin/pMA/
INFO: [ app_init ] --START--
INFO: Run Behavior\BuildLiteBehavior [ RunTime:0.000006s ]
INFO: [ app_init ] --END-- [ RunTime:0.000182s ]
INFO: [ app_begin ] --START--
INFO: Run Behavior\ReadHtmlCacheBehavior [ RunTime:0.000235s ]
INFO: [ app_begin ] --END-- [ RunTime:0.000251s ]
ERR: 无法加载控制器:PMA

[ 2018-01-27T20:30:56+08:00 ] 207.136.239.67 /admin/
INFO: [ app_init ] --START--
INFO: Run Behavior\BuildLiteBehavior [ RunTime:0.000006s ]
INFO: [ app_init ] --END-- [ RunTime:0.000189s ]
INFO: [ app_begin ] --START--
INFO: Run Behavior\ReadHtmlCacheBehavior [ RunTime:0.000247s ]
INFO: [ app_begin ] --END-- [ RunTime:0.000264s ]
NOTIC: [8] Undefined index: user /data/www/ph3.yichiot.com/Application/Common/Controller/AdminBaseController.class.php 第 16 行.
SQL: SHOW COLUMNS FROM `sw_auth_group_access` [ RunTime:0.0028s ]
SQL: SELECT `uid`,`group_id`,`title`,`rules` FROM sw_auth_group_access a INNER JOIN sw_auth_group g on a.group_id=g.id  WHERE ( a.uid='' and g.status='1' )  [ RunTime:0.0026s ]
SQL: SHOW COLUMNS FROM `sw_auth_rule` [ RunTime:0.0027s ]
SQL: SELECT * FROM `sw_auth_rule` WHERE ( pid=0 )  [ RunTime:0.0026s ]
NOTIC: [8] Undefined index: user /data/www/ph3.yichiot.com/Application/Common/Controller/AdminBaseController.class.php 第 25 行.
NOTIC: [8] Undefined index: user /data/www/ph3.yichiot.com/Application/Common/Controller/AdminBaseController.class.php 第 25 行.
NOTIC: [8] Undefined index: user /data/www/ph3.yichiot.com/Application/Common/Controller/AdminBaseController.class.php 第 25 行.
NOTIC: [8] Undefined index: user /data/www/ph3.yichiot.com/Application/Common/Controller/AdminBaseController.class.php 第 25 行.
NOTIC: [8] Undefined index: user /data/www/ph3.yichiot.com/Application/Common/Controller/AdminBaseController.class.php 第 25 行.
NOTIC: [8] Undefined index: user /data/www/ph3.yichiot.com/Application/Common/Controller/AdminBaseController.class.php 第 25 行.
NOTIC: [8] Undefined index: user /data/www/ph3.yichiot.com/Application/Common/Controller/AdminBaseController.class.php 第 25 行.
NOTIC: [8] Undefined index: user /data/www/ph3.yichiot.com/Application/Common/Controller/AdminBaseController.class.php 第 25 行.
NOTIC: [8] Undefined variable: e /data/www/ph3.yichiot.com/Application/Common/Controller/AdminBaseController.class.php 第 37 行.
INFO: [ view_parse ] --START--
INFO: [ template_filter ] --START--
INFO: Run Behavior\ContentReplaceBehavior [ RunTime:0.000031s ]
INFO: [ template_filter ] --END-- [ RunTime:0.000050s ]
NOTIC: [8] Use of undefined constant front_status - assumed 'front_status' /data/www/ph3.yichiot.com/Application/Runtime/Cache/Admin/b595b808c2ebeeeb0478ffc30bb4e87a.php 第 26 行.
NOTIC: [8] Undefined index: user /data/www/ph3.yichiot.com/Application/Runtime/Cache/Admin/b595b808c2ebeeeb0478ffc30bb4e87a.php 第 26 行.
NOTIC: [8] Use of undefined constant user_status - assumed 'user_status' /data/www/ph3.yichiot.com/Application/Runtime/Cache/Admin/b595b808c2ebeeeb0478ffc30bb4e87a.php 第 31 行.
NOTIC: [8] Undefined index: user /data/www/ph3.yichiot.com/Application/Runtime/Cache/Admin/b595b808c2ebeeeb0478ffc30bb4e87a.php 第 31 行.
NOTIC: [8] Use of undefined constant front_username - assumed 'front_username' /data/www/ph3.yichiot.com/Application/Runtime/Cache/Admin/b595b808c2ebeeeb0478ffc30bb4e87a.php 第 36 行.
NOTIC: [8] Undefined index: user /data/www/ph3.yichiot.com/Application/Runtime/Cache/Admin/b595b808c2ebeeeb0478ffc30bb4e87a.php 第 36 行.
INFO: Run Behavior\ParseTemplateBehavior [ RunTime:0.005118s ]
INFO: [ view_parse ] --END-- [ RunTime:0.005135s ]
INFO: [ view_filter ] --START--
INFO: Run Behavior\WriteHtmlCacheBehavior [ RunTime:0.000075s ]
INFO: [ view_filter ] --END-- [ RunTime:0.000088s ]
NOTIC: [8] Array to string conversion /data/www/ph3.yichiot.com/ThinkPHP/Library/Think/View.class.php 第 91 行.
INFO: [ app_end ] --START--
INFO: Run Behavior\ShowPageTraceBehavior [ RunTime:0.000324s ]
INFO: [ app_end ] --END-- [ RunTime:0.000339s ]

[ 2018-01-27T20:30:57+08:00 ] 207.136.239.67 /admin/
INFO: [ app_init ] --START--
INFO: Run Behavior\BuildLiteBehavior [ RunTime:0.000007s ]
INFO: [ app_init ] --END-- [ RunTime:0.000175s ]
INFO: [ app_begin ] --START--
INFO: Run Behavior\ReadHtmlCacheBehavior [ RunTime:0.000249s ]
INFO: [ app_begin ] --END-- [ RunTime:0.000265s ]
NOTIC: [8] Undefined index: user /data/www/ph3.yichiot.com/Application/Common/Controller/AdminBaseController.class.php 第 16 行.
SQL: SHOW COLUMNS FROM `sw_auth_group_access` [ RunTime:0.0036s ]
SQL: SELECT `uid`,`group_id`,`title`,`rules` FROM sw_auth_group_access a INNER JOIN sw_auth_group g on a.group_id=g.id  WHERE ( a.uid='' and g.status='1' )  [ RunTime:0.0034s ]
SQL: SHOW COLUMNS FROM `sw_auth_rule` [ RunTime:0.0036s ]
SQL: SELECT * FROM `sw_auth_rule` WHERE ( pid=0 )  [ RunTime:0.0034s ]
NOTIC: [8] Undefined index: user /data/www/ph3.yichiot.com/Application/Common/Controller/AdminBaseController.class.php 第 25 行.
NOTIC: [8] Undefined index: user /data/www/ph3.yichiot.com/Application/Common/Controller/AdminBaseController.class.php 第 25 行.
NOTIC: [8] Undefined index: user /data/www/ph3.yichiot.com/Application/Common/Controller/AdminBaseController.class.php 第 25 行.
NOTIC: [8] Undefined index: user /data/www/ph3.yichiot.com/Application/Common/Controller/AdminBaseController.class.php 第 25 行.
NOTIC: [8] Undefined index: user /data/www/ph3.yichiot.com/Application/Common/Controller/AdminBaseController.class.php 第 25 行.
NOTIC: [8] Undefined index: user /data/www/ph3.yichiot.com/Application/Common/Controller/AdminBaseController.class.php 第 25 行.
NOTIC: [8] Undefined index: user /data/www/ph3.yichiot.com/Application/Common/Controller/AdminBaseController.class.php 第 25 行.
NOTIC: [8] Undefined index: user /data/www/ph3.yichiot.com/Application/Common/Controller/AdminBaseController.class.php 第 25 行.
NOTIC: [8] Undefined variable: e /data/www/ph3.yichiot.com/Application/Common/Controller/AdminBaseController.class.php 第 37 行.
INFO: [ view_parse ] --START--
INFO: [ template_filter ] --START--
INFO: Run Behavior\ContentReplaceBehavior [ RunTime:0.000030s ]
INFO: [ template_filter ] --END-- [ RunTime:0.000049s ]
NOTIC: [8] Use of undefined constant front_status - assumed 'front_status' /data/www/ph3.yichiot.com/Application/Runtime/Cache/Admin/b595b808c2ebeeeb0478ffc30bb4e87a.php 第 26 行.
NOTIC: [8] Undefined index: user /data/www/ph3.yichiot.com/Application/Runtime/Cache/Admin/b595b808c2ebeeeb0478ffc30bb4e87a.php 第 26 行.
NOTIC: [8] Use of undefined constant user_status - assumed 'user_status' /data/www/ph3.yichiot.com/Application/Runtime/Cache/Admin/b595b808c2ebeeeb0478ffc30bb4e87a.php 第 31 行.
NOTIC: [8] Undefined index: user /data/www/ph3.yichiot.com/Application/Runtime/Cache/Admin/b595b808c2ebeeeb0478ffc30bb4e87a.php 第 31 行.
NOTIC: [8] Use of undefined constant front_username - assumed 'front_username' /data/www/ph3.yichiot.com/Application/Runtime/Cache/Admin/b595b808c2ebeeeb0478ffc30bb4e87a.php 第 36 行.
NOTIC: [8] Undefined index: user /data/www/ph3.yichiot.com/Application/Runtime/Cache/Admin/b595b808c2ebeeeb0478ffc30bb4e87a.php 第 36 行.
INFO: Run Behavior\ParseTemplateBehavior [ RunTime:0.004822s ]
INFO: [ view_parse ] --END-- [ RunTime:0.004840s ]
INFO: [ view_filter ] --START--
INFO: Run Behavior\WriteHtmlCacheBehavior [ RunTime:0.000075s ]
INFO: [ view_filter ] --END-- [ RunTime:0.000087s ]
NOTIC: [8] Array to string conversion /data/www/ph3.yichiot.com/ThinkPHP/Library/Think/View.class.php 第 91 行.
INFO: [ app_end ] --START--
INFO: Run Behavior\ShowPageTraceBehavior [ RunTime:0.000304s ]
INFO: [ app_end ] --END-- [ RunTime:0.000317s ]

[ 2018-01-27T20:31:07+08:00 ] 207.136.239.67 /admin/phpmyadmin/
INFO: [ app_init ] --START--
INFO: Run Behavior\BuildLiteBehavior [ RunTime:0.000006s ]
INFO: [ app_init ] --END-- [ RunTime:0.000170s ]
INFO: [ app_begin ] --START--
INFO: Run Behavior\ReadHtmlCacheBehavior [ RunTime:0.000257s ]
INFO: [ app_begin ] --END-- [ RunTime:0.000274s ]
ERR: 无法加载控制器:Phpmyadmin

[ 2018-01-27T20:31:08+08:00 ] 207.136.239.67 /admin/phpMyAdmin/
INFO: [ app_init ] --START--
INFO: Run Behavior\BuildLiteBehavior [ RunTime:0.000006s ]
INFO: [ app_init ] --END-- [ RunTime:0.000198s ]
INFO: [ app_begin ] --START--
INFO: Run Behavior\ReadHtmlCacheBehavior [ RunTime:0.000248s ]
INFO: [ app_begin ] --END-- [ RunTime:0.000264s ]
ERR: 无法加载控制器:PhpMyAdmin

[ 2018-01-27T20:31:08+08:00 ] 207.136.239.67 /admin/sysadmin/
INFO: [ app_init ] --START--
INFO: Run Behavior\BuildLiteBehavior [ RunTime:0.000007s ]
INFO: [ app_init ] --END-- [ RunTime:0.000184s ]
INFO: [ app_begin ] --START--
INFO: Run Behavior\ReadHtmlCacheBehavior [ RunTime:0.000234s ]
INFO: [ app_begin ] --END-- [ RunTime:0.000250s ]
ERR: 无法加载控制器:Sysadmin

[ 2018-01-27T20:31:09+08:00 ] 207.136.239.67 /admin/sqladmin/
INFO: [ app_init ] --START--
INFO: Run Behavior\BuildLiteBehavior [ RunTime:0.000007s ]
INFO: [ app_init ] --END-- [ RunTime:0.000169s ]
INFO: [ app_begin ] --START--
INFO: Run Behavior\ReadHtmlCacheBehavior [ RunTime:0.000238s ]
INFO: [ app_begin ] --END-- [ RunTime:0.000253s ]
ERR: 无法加载控制器:Sqladmin

[ 2018-01-27T20:31:10+08:00 ] 207.136.239.67 /admin/db/
INFO: [ app_init ] --START--
INFO: Run Behavior\BuildLiteBehavior [ RunTime:0.000006s ]
INFO: [ app_init ] --END-- [ RunTime:0.000194s ]
INFO: [ app_begin ] --START--
INFO: Run Behavior\ReadHtmlCacheBehavior [ RunTime:0.000246s ]
INFO: [ app_begin ] --END-- [ RunTime:0.000262s ]
ERR: 无法加载控制器:Db

[ 2018-01-27T20:31:10+08:00 ] 207.136.239.67 /admin/web/
INFO: [ app_init ] --START--
INFO: Run Behavior\BuildLiteBehavior [ RunTime:0.000006s ]
INFO: [ app_init ] --END-- [ RunTime:0.000191s ]
INFO: [ app_begin ] --START--
INFO: Run Behavior\ReadHtmlCacheBehavior [ RunTime:0.000245s ]
INFO: [ app_begin ] --END-- [ RunTime:0.000261s ]
ERR: 无法加载控制器:Web

[ 2018-01-27T20:31:11+08:00 ] 207.136.239.67 /admin/pMA/
INFO: [ app_init ] --START--
INFO: Run Behavior\BuildLiteBehavior [ RunTime:0.000007s ]
INFO: [ app_init ] --END-- [ RunTime:0.000173s ]
INFO: [ app_begin ] --START--
INFO: Run Behavior\ReadHtmlCacheBehavior [ RunTime:0.000230s ]
INFO: [ app_begin ] --END-- [ RunTime:0.000247s ]
ERR: 无法加载控制器:PMA

[ 2018-01-27T23:32:40+08:00 ] 153.121.57.135 /admin/
INFO: [ app_init ] --START--
INFO: Run Behavior\BuildLiteBehavior [ RunTime:0.000007s ]
INFO: [ app_init ] --END-- [ RunTime:0.000182s ]
INFO: [ app_begin ] --START--
INFO: Run Behavior\ReadHtmlCacheBehavior [ RunTime:0.000239s ]
INFO: [ app_begin ] --END-- [ RunTime:0.000255s ]
NOTIC: [8] Undefined index: user /data/www/ph3.yichiot.com/Application/Common/Controller/AdminBaseController.class.php 第 16 行.
SQL: SHOW COLUMNS FROM `sw_auth_group_access` [ RunTime:0.0021s ]
SQL: SELECT `uid`,`group_id`,`title`,`rules` FROM sw_auth_group_access a INNER JOIN sw_auth_group g on a.group_id=g.id  WHERE ( a.uid='' and g.status='1' )  [ RunTime:0.0020s ]
SQL: SHOW COLUMNS FROM `sw_auth_rule` [ RunTime:0.0021s ]
SQL: SELECT * FROM `sw_auth_rule` WHERE ( pid=0 )  [ RunTime:0.0019s ]
NOTIC: [8] Undefined index: user /data/www/ph3.yichiot.com/Application/Common/Controller/AdminBaseController.class.php 第 25 行.
NOTIC: [8] Undefined index: user /data/www/ph3.yichiot.com/Application/Common/Controller/AdminBaseController.class.php 第 25 行.
NOTIC: [8] Undefined index: user /data/www/ph3.yichiot.com/Application/Common/Controller/AdminBaseController.class.php 第 25 行.
NOTIC: [8] Undefined index: user /data/www/ph3.yichiot.com/Application/Common/Controller/AdminBaseController.class.php 第 25 行.
NOTIC: [8] Undefined index: user /data/www/ph3.yichiot.com/Application/Common/Controller/AdminBaseController.class.php 第 25 行.
NOTIC: [8] Undefined index: user /data/www/ph3.yichiot.com/Application/Common/Controller/AdminBaseController.class.php 第 25 行.
NOTIC: [8] Undefined index: user /data/www/ph3.yichiot.com/Application/Common/Controller/AdminBaseController.class.php 第 25 行.
NOTIC: [8] Undefined index: user /data/www/ph3.yichiot.com/Application/Common/Controller/AdminBaseController.class.php 第 25 行.
NOTIC: [8] Undefined variable: e /data/www/ph3.yichiot.com/Application/Common/Controller/AdminBaseController.class.php 第 37 行.
INFO: [ view_parse ] --START--
INFO: [ template_filter ] --START--
INFO: Run Behavior\ContentReplaceBehavior [ RunTime:0.000029s ]
INFO: [ template_filter ] --END-- [ RunTime:0.000049s ]
NOTIC: [8] Use of undefined constant front_status - assumed 'front_status' /data/www/ph3.yichiot.com/Application/Runtime/Cache/Admin/b595b808c2ebeeeb0478ffc30bb4e87a.php 第 26 行.
NOTIC: [8] Undefined index: user /data/www/ph3.yichiot.com/Application/Runtime/Cache/Admin/b595b808c2ebeeeb0478ffc30bb4e87a.php 第 26 行.
NOTIC: [8] Use of undefined constant user_status - assumed 'user_status' /data/www/ph3.yichiot.com/Application/Runtime/Cache/Admin/b595b808c2ebeeeb0478ffc30bb4e87a.php 第 31 行.
NOTIC: [8] Undefined index: user /data/www/ph3.yichiot.com/Application/Runtime/Cache/Admin/b595b808c2ebeeeb0478ffc30bb4e87a.php 第 31 行.
NOTIC: [8] Use of undefined constant front_username - assumed 'front_username' /data/www/ph3.yichiot.com/Application/Runtime/Cache/Admin/b595b808c2ebeeeb0478ffc30bb4e87a.php 第 36 行.
NOTIC: [8] Undefined index: user /data/www/ph3.yichiot.com/Application/Runtime/Cache/Admin/b595b808c2ebeeeb0478ffc30bb4e87a.php 第 36 行.
INFO: Run Behavior\ParseTemplateBehavior [ RunTime:0.004837s ]
INFO: [ view_parse ] --END-- [ RunTime:0.004872s ]
INFO: [ view_filter ] --START--
INFO: Run Behavior\WriteHtmlCacheBehavior [ RunTime:0.000075s ]
INFO: [ view_filter ] --END-- [ RunTime:0.000088s ]
NOTIC: [8] Array to string conversion /data/www/ph3.yichiot.com/ThinkPHP/Library/Think/View.class.php 第 91 行.
INFO: [ app_end ] --START--
INFO: Run Behavior\ShowPageTraceBehavior [ RunTime:0.000314s ]
INFO: [ app_end ] --END-- [ RunTime:0.000329s ]

[ 2018-01-27T23:32:41+08:00 ] 153.121.57.135 /admin/
INFO: [ app_init ] --START--
INFO: Run Behavior\BuildLiteBehavior [ RunTime:0.000007s ]
INFO: [ app_init ] --END-- [ RunTime:0.000176s ]
INFO: [ app_begin ] --START--
INFO: Run Behavior\ReadHtmlCacheBehavior [ RunTime:0.000230s ]
INFO: [ app_begin ] --END-- [ RunTime:0.000245s ]
NOTIC: [8] Undefined index: user /data/www/ph3.yichiot.com/Application/Common/Controller/AdminBaseController.class.php 第 16 行.
SQL: SHOW COLUMNS FROM `sw_auth_group_access` [ RunTime:0.0028s ]
SQL: SELECT `uid`,`group_id`,`title`,`rules` FROM sw_auth_group_access a INNER JOIN sw_auth_group g on a.group_id=g.id  WHERE ( a.uid='' and g.status='1' )  [ RunTime:0.0026s ]
SQL: SHOW COLUMNS FROM `sw_auth_rule` [ RunTime:0.0027s ]
SQL: SELECT * FROM `sw_auth_rule` WHERE ( pid=0 )  [ RunTime:0.0025s ]
NOTIC: [8] Undefined index: user /data/www/ph3.yichiot.com/Application/Common/Controller/AdminBaseController.class.php 第 25 行.
NOTIC: [8] Undefined index: user /data/www/ph3.yichiot.com/Application/Common/Controller/AdminBaseController.class.php 第 25 行.
NOTIC: [8] Undefined index: user /data/www/ph3.yichiot.com/Application/Common/Controller/AdminBaseController.class.php 第 25 行.
NOTIC: [8] Undefined index: user /data/www/ph3.yichiot.com/Application/Common/Controller/AdminBaseController.class.php 第 25 行.
NOTIC: [8] Undefined index: user /data/www/ph3.yichiot.com/Application/Common/Controller/AdminBaseController.class.php 第 25 行.
NOTIC: [8] Undefined index: user /data/www/ph3.yichiot.com/Application/Common/Controller/AdminBaseController.class.php 第 25 行.
NOTIC: [8] Undefined index: user /data/www/ph3.yichiot.com/Application/Common/Controller/AdminBaseController.class.php 第 25 行.
NOTIC: [8] Undefined index: user /data/www/ph3.yichiot.com/Application/Common/Controller/AdminBaseController.class.php 第 25 行.
NOTIC: [8] Undefined variable: e /data/www/ph3.yichiot.com/Application/Common/Controller/AdminBaseController.class.php 第 37 行.
INFO: [ view_parse ] --START--
INFO: [ template_filter ] --START--
INFO: Run Behavior\ContentReplaceBehavior [ RunTime:0.000029s ]
INFO: [ template_filter ] --END-- [ RunTime:0.000049s ]
NOTIC: [8] Use of undefined constant front_status - assumed 'front_status' /data/www/ph3.yichiot.com/Application/Runtime/Cache/Admin/b595b808c2ebeeeb0478ffc30bb4e87a.php 第 26 行.
NOTIC: [8] Undefined index: user /data/www/ph3.yichiot.com/Application/Runtime/Cache/Admin/b595b808c2ebeeeb0478ffc30bb4e87a.php 第 26 行.
NOTIC: [8] Use of undefined constant user_status - assumed 'user_status' /data/www/ph3.yichiot.com/Application/Runtime/Cache/Admin/b595b808c2ebeeeb0478ffc30bb4e87a.php 第 31 行.
NOTIC: [8] Undefined index: user /data/www/ph3.yichiot.com/Application/Runtime/Cache/Admin/b595b808c2ebeeeb0478ffc30bb4e87a.php 第 31 行.
NOTIC: [8] Use of undefined constant front_username - assumed 'front_username' /data/www/ph3.yichiot.com/Application/Runtime/Cache/Admin/b595b808c2ebeeeb0478ffc30bb4e87a.php 第 36 行.
NOTIC: [8] Undefined index: user /data/www/ph3.yichiot.com/Application/Runtime/Cache/Admin/b595b808c2ebeeeb0478ffc30bb4e87a.php 第 36 行.
INFO: Run Behavior\ParseTemplateBehavior [ RunTime:0.004954s ]
INFO: [ view_parse ] --END-- [ RunTime:0.004971s ]
INFO: [ view_filter ] --START--
INFO: Run Behavior\WriteHtmlCacheBehavior [ RunTime:0.000073s ]
INFO: [ view_filter ] --END-- [ RunTime:0.000085s ]
NOTIC: [8] Array to string conversion /data/www/ph3.yichiot.com/ThinkPHP/Library/Think/View.class.php 第 91 行.
INFO: [ app_end ] --START--
INFO: Run Behavior\ShowPageTraceBehavior [ RunTime:0.000287s ]
INFO: [ app_end ] --END-- [ RunTime:0.000299s ]

[ 2018-01-27T23:32:45+08:00 ] 153.121.57.135 /admin/phpmyadmin/
INFO: [ app_init ] --START--
INFO: Run Behavior\BuildLiteBehavior [ RunTime:0.000007s ]
INFO: [ app_init ] --END-- [ RunTime:0.000186s ]
INFO: [ app_begin ] --START--
INFO: Run Behavior\ReadHtmlCacheBehavior [ RunTime:0.000234s ]
INFO: [ app_begin ] --END-- [ RunTime:0.000251s ]
ERR: 无法加载控制器:Phpmyadmin

[ 2018-01-27T23:32:45+08:00 ] 153.121.57.135 /admin/phpMyAdmin/
INFO: [ app_init ] --START--
INFO: Run Behavior\BuildLiteBehavior [ RunTime:0.000007s ]
INFO: [ app_init ] --END-- [ RunTime:0.000169s ]
INFO: [ app_begin ] --START--
INFO: Run Behavior\ReadHtmlCacheBehavior [ RunTime:0.000248s ]
INFO: [ app_begin ] --END-- [ RunTime:0.000266s ]
ERR: 无法加载控制器:PhpMyAdmin

[ 2018-01-27T23:32:46+08:00 ] 153.121.57.135 /admin/sysadmin/
INFO: [ app_init ] --START--
INFO: Run Behavior\BuildLiteBehavior [ RunTime:0.000007s ]
INFO: [ app_init ] --END-- [ RunTime:0.000185s ]
INFO: [ app_begin ] --START--
INFO: Run Behavior\ReadHtmlCacheBehavior [ RunTime:0.000229s ]
INFO: [ app_begin ] --END-- [ RunTime:0.000245s ]
ERR: 无法加载控制器:Sysadmin

[ 2018-01-27T23:32:46+08:00 ] 153.121.57.135 /admin/sqladmin/
INFO: [ app_init ] --START--
INFO: Run Behavior\BuildLiteBehavior [ RunTime:0.000024s ]
INFO: [ app_init ] --END-- [ RunTime:0.000185s ]
INFO: [ app_begin ] --START--
INFO: Run Behavior\ReadHtmlCacheBehavior [ RunTime:0.000233s ]
INFO: [ app_begin ] --END-- [ RunTime:0.000249s ]
ERR: 无法加载控制器:Sqladmin

[ 2018-01-27T23:32:47+08:00 ] 153.121.57.135 /admin/db/
INFO: [ app_init ] --START--
INFO: Run Behavior\BuildLiteBehavior [ RunTime:0.000006s ]
INFO: [ app_init ] --END-- [ RunTime:0.000183s ]
INFO: [ app_begin ] --START--
INFO: Run Behavior\ReadHtmlCacheBehavior [ RunTime:0.000228s ]
INFO: [ app_begin ] --END-- [ RunTime:0.000243s ]
ERR: 无法加载控制器:Db

[ 2018-01-27T23:32:47+08:00 ] 153.121.57.135 /admin/web/
INFO: [ app_init ] --START--
INFO: Run Behavior\BuildLiteBehavior [ RunTime:0.000007s ]
INFO: [ app_init ] --END-- [ RunTime:0.000172s ]
INFO: [ app_begin ] --START--
INFO: Run Behavior\ReadHtmlCacheBehavior [ RunTime:0.000230s ]
INFO: [ app_begin ] --END-- [ RunTime:0.000245s ]
ERR: 无法加载控制器:Web

[ 2018-01-27T23:32:47+08:00 ] 153.121.57.135 /admin/pMA/
INFO: [ app_init ] --START--
INFO: Run Behavior\BuildLiteBehavior [ RunTime:0.000007s ]
INFO: [ app_init ] --END-- [ RunTime:0.000171s ]
INFO: [ app_begin ] --START--
INFO: Run Behavior\ReadHtmlCacheBehavior [ RunTime:0.000250s ]
INFO: [ app_begin ] --END-- [ RunTime:0.000268s ]
ERR: 无法加载控制器:PMA

[ 2018-01-27T23:43:10+08:00 ] 140.114.91.139 /admin/
INFO: [ app_init ] --START--
INFO: Run Behavior\BuildLiteBehavior [ RunTime:0.000006s ]
INFO: [ app_init ] --END-- [ RunTime:0.000188s ]
INFO: [ app_begin ] --START--
INFO: Run Behavior\ReadHtmlCacheBehavior [ RunTime:0.000245s ]
INFO: [ app_begin ] --END-- [ RunTime:0.000262s ]
NOTIC: [8] Undefined index: user /data/www/ph3.yichiot.com/Application/Common/Controller/AdminBaseController.class.php 第 16 行.
SQL: SHOW COLUMNS FROM `sw_auth_group_access` [ RunTime:0.0030s ]
SQL: SELECT `uid`,`group_id`,`title`,`rules` FROM sw_auth_group_access a INNER JOIN sw_auth_group g on a.group_id=g.id  WHERE ( a.uid='' and g.status='1' )  [ RunTime:0.0028s ]
SQL: SHOW COLUMNS FROM `sw_auth_rule` [ RunTime:0.0028s ]
SQL: SELECT * FROM `sw_auth_rule` WHERE ( pid=0 )  [ RunTime:0.0026s ]
NOTIC: [8] Undefined index: user /data/www/ph3.yichiot.com/Application/Common/Controller/AdminBaseController.class.php 第 25 行.
NOTIC: [8] Undefined index: user /data/www/ph3.yichiot.com/Application/Common/Controller/AdminBaseController.class.php 第 25 行.
NOTIC: [8] Undefined index: user /data/www/ph3.yichiot.com/Application/Common/Controller/AdminBaseController.class.php 第 25 行.
NOTIC: [8] Undefined index: user /data/www/ph3.yichiot.com/Application/Common/Controller/AdminBaseController.class.php 第 25 行.
NOTIC: [8] Undefined index: user /data/www/ph3.yichiot.com/Application/Common/Controller/AdminBaseController.class.php 第 25 行.
NOTIC: [8] Undefined index: user /data/www/ph3.yichiot.com/Application/Common/Controller/AdminBaseController.class.php 第 25 行.
NOTIC: [8] Undefined index: user /data/www/ph3.yichiot.com/Application/Common/Controller/AdminBaseController.class.php 第 25 行.
NOTIC: [8] Undefined index: user /data/www/ph3.yichiot.com/Application/Common/Controller/AdminBaseController.class.php 第 25 行.
NOTIC: [8] Undefined variable: e /data/www/ph3.yichiot.com/Application/Common/Controller/AdminBaseController.class.php 第 37 行.
INFO: [ view_parse ] --START--
INFO: [ template_filter ] --START--
INFO: Run Behavior\ContentReplaceBehavior [ RunTime:0.000030s ]
INFO: [ template_filter ] --END-- [ RunTime:0.000049s ]
NOTIC: [8] Use of undefined constant front_status - assumed 'front_status' /data/www/ph3.yichiot.com/Application/Runtime/Cache/Admin/b595b808c2ebeeeb0478ffc30bb4e87a.php 第 26 行.
NOTIC: [8] Undefined index: user /data/www/ph3.yichiot.com/Application/Runtime/Cache/Admin/b595b808c2ebeeeb0478ffc30bb4e87a.php 第 26 行.
NOTIC: [8] Use of undefined constant user_status - assumed 'user_status' /data/www/ph3.yichiot.com/Application/Runtime/Cache/Admin/b595b808c2ebeeeb0478ffc30bb4e87a.php 第 31 行.
NOTIC: [8] Undefined index: user /data/www/ph3.yichiot.com/Application/Runtime/Cache/Admin/b595b808c2ebeeeb0478ffc30bb4e87a.php 第 31 行.
NOTIC: [8] Use of undefined constant front_username - assumed 'front_username' /data/www/ph3.yichiot.com/Application/Runtime/Cache/Admin/b595b808c2ebeeeb0478ffc30bb4e87a.php 第 36 行.
NOTIC: [8] Undefined index: user /data/www/ph3.yichiot.com/Application/Runtime/Cache/Admin/b595b808c2ebeeeb0478ffc30bb4e87a.php 第 36 行.
INFO: Run Behavior\ParseTemplateBehavior [ RunTime:0.004765s ]
INFO: [ view_parse ] --END-- [ RunTime:0.004781s ]
INFO: [ view_filter ] --START--
INFO: Run Behavior\WriteHtmlCacheBehavior [ RunTime:0.000090s ]
INFO: [ view_filter ] --END-- [ RunTime:0.000103s ]
NOTIC: [8] Array to string conversion /data/www/ph3.yichiot.com/ThinkPHP/Library/Think/View.class.php 第 91 行.
INFO: [ app_end ] --START--
INFO: Run Behavior\ShowPageTraceBehavior [ RunTime:0.000304s ]
INFO: [ app_end ] --END-- [ RunTime:0.000318s ]

[ 2018-01-27T23:43:10+08:00 ] 140.114.91.139 /admin/
INFO: [ app_init ] --START--
INFO: Run Behavior\BuildLiteBehavior [ RunTime:0.000006s ]
INFO: [ app_init ] --END-- [ RunTime:0.000173s ]
INFO: [ app_begin ] --START--
INFO: Run Behavior\ReadHtmlCacheBehavior [ RunTime:0.000234s ]
INFO: [ app_begin ] --END-- [ RunTime:0.000250s ]
NOTIC: [8] Undefined index: user /data/www/ph3.yichiot.com/Application/Common/Controller/AdminBaseController.class.php 第 16 行.
SQL: SHOW COLUMNS FROM `sw_auth_group_access` [ RunTime:0.0021s ]
SQL: SELECT `uid`,`group_id`,`title`,`rules` FROM sw_auth_group_access a INNER JOIN sw_auth_group g on a.group_id=g.id  WHERE ( a.uid='' and g.status='1' )  [ RunTime:0.0019s ]
SQL: SHOW COLUMNS FROM `sw_auth_rule` [ RunTime:0.0020s ]
SQL: SELECT * FROM `sw_auth_rule` WHERE ( pid=0 )  [ RunTime:0.0018s ]
NOTIC: [8] Undefined index: user /data/www/ph3.yichiot.com/Application/Common/Controller/AdminBaseController.class.php 第 25 行.
NOTIC: [8] Undefined index: user /data/www/ph3.yichiot.com/Application/Common/Controller/AdminBaseController.class.php 第 25 行.
NOTIC: [8] Undefined index: user /data/www/ph3.yichiot.com/Application/Common/Controller/AdminBaseController.class.php 第 25 行.
NOTIC: [8] Undefined index: user /data/www/ph3.yichiot.com/Application/Common/Controller/AdminBaseController.class.php 第 25 行.
NOTIC: [8] Undefined index: user /data/www/ph3.yichiot.com/Application/Common/Controller/AdminBaseController.class.php 第 25 行.
NOTIC: [8] Undefined index: user /data/www/ph3.yichiot.com/Application/Common/Controller/AdminBaseController.class.php 第 25 行.
NOTIC: [8] Undefined index: user /data/www/ph3.yichiot.com/Application/Common/Controller/AdminBaseController.class.php 第 25 行.
NOTIC: [8] Undefined index: user /data/www/ph3.yichiot.com/Application/Common/Controller/AdminBaseController.class.php 第 25 行.
NOTIC: [8] Undefined variable: e /data/www/ph3.yichiot.com/Application/Common/Controller/AdminBaseController.class.php 第 37 行.
INFO: [ view_parse ] --START--
INFO: [ template_filter ] --START--
INFO: Run Behavior\ContentReplaceBehavior [ RunTime:0.000030s ]
INFO: [ template_filter ] --END-- [ RunTime:0.000049s ]
NOTIC: [8] Use of undefined constant front_status - assumed 'front_status' /data/www/ph3.yichiot.com/Application/Runtime/Cache/Admin/b595b808c2ebeeeb0478ffc30bb4e87a.php 第 26 行.
NOTIC: [8] Undefined index: user /data/www/ph3.yichiot.com/Application/Runtime/Cache/Admin/b595b808c2ebeeeb0478ffc30bb4e87a.php 第 26 行.
NOTIC: [8] Use of undefined constant user_status - assumed 'user_status' /data/www/ph3.yichiot.com/Application/Runtime/Cache/Admin/b595b808c2ebeeeb0478ffc30bb4e87a.php 第 31 行.
NOTIC: [8] Undefined index: user /data/www/ph3.yichiot.com/Application/Runtime/Cache/Admin/b595b808c2ebeeeb0478ffc30bb4e87a.php 第 31 行.
NOTIC: [8] Use of undefined constant front_username - assumed 'front_username' /data/www/ph3.yichiot.com/Application/Runtime/Cache/Admin/b595b808c2ebeeeb0478ffc30bb4e87a.php 第 36 行.
NOTIC: [8] Undefined index: user /data/www/ph3.yichiot.com/Application/Runtime/Cache/Admin/b595b808c2ebeeeb0478ffc30bb4e87a.php 第 36 行.
INFO: Run Behavior\ParseTemplateBehavior [ RunTime:0.004664s ]
INFO: [ view_parse ] --END-- [ RunTime:0.004690s ]
INFO: [ view_filter ] --START--
INFO: Run Behavior\WriteHtmlCacheBehavior [ RunTime:0.000089s ]
INFO: [ view_filter ] --END-- [ RunTime:0.000101s ]
NOTIC: [8] Array to string conversion /data/www/ph3.yichiot.com/ThinkPHP/Library/Think/View.class.php 第 91 行.
INFO: [ app_end ] --START--
INFO: Run Behavior\ShowPageTraceBehavior [ RunTime:0.000309s ]
INFO: [ app_end ] --END-- [ RunTime:0.000324s ]

[ 2018-01-27T23:43:12+08:00 ] 140.114.91.139 /admin/phpmyadmin/
INFO: [ app_init ] --START--
INFO: Run Behavior\BuildLiteBehavior [ RunTime:0.000006s ]
INFO: [ app_init ] --END-- [ RunTime:0.000178s ]
INFO: [ app_begin ] --START--
INFO: Run Behavior\ReadHtmlCacheBehavior [ RunTime:0.000240s ]
INFO: [ app_begin ] --END-- [ RunTime:0.000256s ]
ERR: 无法加载控制器:Phpmyadmin

[ 2018-01-27T23:43:12+08:00 ] 140.114.91.139 /admin/phpMyAdmin/
INFO: [ app_init ] --START--
INFO: Run Behavior\BuildLiteBehavior [ RunTime:0.000007s ]
INFO: [ app_init ] --END-- [ RunTime:0.000193s ]
INFO: [ app_begin ] --START--
INFO: Run Behavior\ReadHtmlCacheBehavior [ RunTime:0.000246s ]
INFO: [ app_begin ] --END-- [ RunTime:0.000263s ]
ERR: 无法加载控制器:PhpMyAdmin

[ 2018-01-27T23:43:12+08:00 ] 140.114.91.139 /admin/sysadmin/
INFO: [ app_init ] --START--
INFO: Run Behavior\BuildLiteBehavior [ RunTime:0.000006s ]
INFO: [ app_init ] --END-- [ RunTime:0.000170s ]
INFO: [ app_begin ] --START--
INFO: Run Behavior\ReadHtmlCacheBehavior [ RunTime:0.000256s ]
INFO: [ app_begin ] --END-- [ RunTime:0.000273s ]
ERR: 无法加载控制器:Sysadmin

[ 2018-01-27T23:43:12+08:00 ] 140.114.91.139 /admin/sqladmin/
INFO: [ app_init ] --START--
INFO: Run Behavior\BuildLiteBehavior [ RunTime:0.000008s ]
INFO: [ app_init ] --END-- [ RunTime:0.000190s ]
INFO: [ app_begin ] --START--
INFO: Run Behavior\ReadHtmlCacheBehavior [ RunTime:0.000310s ]
INFO: [ app_begin ] --END-- [ RunTime:0.000331s ]
ERR: 无法加载控制器:Sqladmin

[ 2018-01-27T23:43:12+08:00 ] 140.114.91.139 /admin/db/
INFO: [ app_init ] --START--
INFO: Run Behavior\BuildLiteBehavior [ RunTime:0.000006s ]
INFO: [ app_init ] --END-- [ RunTime:0.000185s ]
INFO: [ app_begin ] --START--
INFO: Run Behavior\ReadHtmlCacheBehavior [ RunTime:0.000232s ]
INFO: [ app_begin ] --END-- [ RunTime:0.000247s ]
ERR: 无法加载控制器:Db

[ 2018-01-27T23:43:12+08:00 ] 140.114.91.139 /admin/web/
INFO: [ app_init ] --START--
INFO: Run Behavior\BuildLiteBehavior [ RunTime:0.000006s ]
INFO: [ app_init ] --END-- [ RunTime:0.000171s ]
INFO: [ app_begin ] --START--
INFO: Run Behavior\ReadHtmlCacheBehavior [ RunTime:0.000230s ]
INFO: [ app_begin ] --END-- [ RunTime:0.000265s ]
ERR: 无法加载控制器:Web

[ 2018-01-27T23:43:12+08:00 ] 140.114.91.139 /admin/pMA/
INFO: [ app_init ] --START--
INFO: Run Behavior\BuildLiteBehavior [ RunTime:0.000006s ]
INFO: [ app_init ] --END-- [ RunTime:0.000167s ]
INFO: [ app_begin ] --START--
INFO: Run Behavior\ReadHtmlCacheBehavior [ RunTime:0.000275s ]
INFO: [ app_begin ] --END-- [ RunTime:0.000296s ]
ERR: 无法加载控制器:PMA

