[ 2017-12-19T09:48:52+08:00 ] ::1 /right/
INFO: [ app_init ] --START--
INFO: Run Behavior\BuildLiteBehavior [ RunTime:0.000000s ]
INFO: [ app_init ] --END-- [ RunTime:0.022001s ]
INFO: [ app_begin ] --START--
INFO: Run Behavior\ReadHtmlCacheBehavior [ RunTime:0.048003s ]
INFO: [ app_begin ] --END-- [ RunTime:0.049003s ]
INFO: [ view_parse ] --START--
INFO: [ template_filter ] --START--
INFO: Run Behavior\ContentReplaceBehavior [ RunTime:0.000000s ]
INFO: [ template_filter ] --END-- [ RunTime:0.000000s ]
INFO: Run Behavior\ParseTemplateBehavior [ RunTime:0.322019s ]
INFO: [ view_parse ] --END-- [ RunTime:0.322019s ]
INFO: [ view_filter ] --START--
INFO: Run Behavior\WriteHtmlCacheBehavior [ RunTime:0.095005s ]
INFO: [ view_filter ] --END-- [ RunTime:0.095005s ]
INFO: [ app_end ] --START--
INFO: Run Behavior\ShowPageTraceBehavior [ RunTime:0.067004s ]
INFO: [ app_end ] --END-- [ RunTime:0.068004s ]

[ 2017-12-19T09:49:03+08:00 ] ::1 /right/index.html
INFO: [ app_init ] --START--
INFO: Run Behavior\BuildLiteBehavior [ RunTime:0.000000s ]
INFO: [ app_init ] --END-- [ RunTime:0.000000s ]
INFO: [ app_begin ] --START--
INFO: Run Behavior\ReadHtmlCacheBehavior [ RunTime:0.000000s ]
INFO: [ app_begin ] --END-- [ RunTime:0.000000s ]
SQL: SHOW COLUMNS FROM `sw_admin` [ RunTime:0.2130s ]
SQL: SELECT * FROM `sw_admin` WHERE `username` = 'admin'  [ RunTime:0.0020s ]
SQL: SELECT * FROM `sw_admin` WHERE `username` = 'admin' AND `password` = '21232f297a57a5a743894a0e4a801fc3' LIMIT 1   [ RunTime:0.0010s ]
NOTIC: [8] Undefined index: avatar C:\wamp\www\right\Application\Home\Controller\IndexController.class.php 第 62 行.
NOTIC: [8] Undefined index: email C:\wamp\www\right\Application\Home\Controller\IndexController.class.php 第 63 行.
INFO: [ view_parse ] --START--
INFO: [ template_filter ] --START--
INFO: Run Behavior\ContentReplaceBehavior [ RunTime:0.000000s ]
INFO: [ template_filter ] --END-- [ RunTime:0.000000s ]
INFO: Run Behavior\ParseTemplateBehavior [ RunTime:0.024001s ]
INFO: [ view_parse ] --END-- [ RunTime:0.024001s ]
INFO: [ view_filter ] --START--
INFO: Run Behavior\WriteHtmlCacheBehavior [ RunTime:0.000000s ]
INFO: [ view_filter ] --END-- [ RunTime:0.000000s ]
SQL: SHOW COLUMNS FROM `sw_user` [ RunTime:0.0110s ]
SQL: SELECT * FROM `sw_user` WHERE `username` = 'admin'  [ RunTime:0.0000s ]
SQL: SHOW COLUMNS FROM `sw_company` [ RunTime:0.0320s ]
SQL: SELECT * FROM `sw_company` WHERE `username` = 'admin'  [ RunTime:0.0000s ]
INFO: [ app_end ] --START--
INFO: Run Behavior\ShowPageTraceBehavior [ RunTime:0.000000s ]
INFO: [ app_end ] --END-- [ RunTime:0.000000s ]

