[ 2018-02-12T00:07:25+08:00 ] 106.15.76.92 /
INFO: [ app_init ] --START--
INFO: Run Behavior\BuildLiteBehavior [ RunTime:0.000013s ]
INFO: [ app_init ] --END-- [ RunTime:0.000180s ]
INFO: [ app_begin ] --START--
INFO: Run Behavior\ReadHtmlCacheBehavior [ RunTime:0.000237s ]
INFO: [ app_begin ] --END-- [ RunTime:0.000252s ]
INFO: [ view_parse ] --START--
INFO: [ template_filter ] --START--
INFO: Run Behavior\ContentReplaceBehavior [ RunTime:0.000028s ]
INFO: [ template_filter ] --END-- [ RunTime:0.000049s ]
INFO: Run Behavior\ParseTemplateBehavior [ RunTime:0.003450s ]
INFO: [ view_parse ] --END-- [ RunTime:0.003466s ]
INFO: [ view_filter ] --START--
INFO: Run Behavior\WriteHtmlCacheBehavior [ RunTime:0.000066s ]
INFO: [ view_filter ] --END-- [ RunTime:0.000078s ]
INFO: [ app_end ] --START--
INFO: Run Behavior\ShowPageTraceBehavior [ RunTime:0.000267s ]
INFO: [ app_end ] --END-- [ RunTime:0.000280s ]

[ 2018-02-12T00:25:30+08:00 ] 59.110.6.177 /
INFO: [ app_init ] --START--
INFO: Run Behavior\BuildLiteBehavior [ RunTime:0.000007s ]
INFO: [ app_init ] --END-- [ RunTime:0.000189s ]
INFO: [ app_begin ] --START--
INFO: Run Behavior\ReadHtmlCacheBehavior [ RunTime:0.000243s ]
INFO: [ app_begin ] --END-- [ RunTime:0.000258s ]
INFO: [ view_parse ] --START--
INFO: [ template_filter ] --START--
INFO: Run Behavior\ContentReplaceBehavior [ RunTime:0.000030s ]
INFO: [ template_filter ] --END-- [ RunTime:0.000049s ]
INFO: Run Behavior\ParseTemplateBehavior [ RunTime:0.003627s ]
INFO: [ view_parse ] --END-- [ RunTime:0.003644s ]
INFO: [ view_filter ] --START--
INFO: Run Behavior\WriteHtmlCacheBehavior [ RunTime:0.000067s ]
INFO: [ view_filter ] --END-- [ RunTime:0.000080s ]
INFO: [ app_end ] --START--
INFO: Run Behavior\ShowPageTraceBehavior [ RunTime:0.000300s ]
INFO: [ app_end ] --END-- [ RunTime:0.000314s ]

[ 2018-02-12T00:54:32+08:00 ] 80.82.78.50 /cache/global/img/gs.gif
INFO: [ app_init ] --START--
INFO: Run Behavior\BuildLiteBehavior [ RunTime:0.000007s ]
INFO: [ app_init ] --END-- [ RunTime:0.000174s ]

[ 2018-02-12T08:23:19+08:00 ] 59.110.6.177 /
INFO: [ app_init ] --START--
INFO: Run Behavior\BuildLiteBehavior [ RunTime:0.000007s ]
INFO: [ app_init ] --END-- [ RunTime:0.000224s ]
INFO: [ app_begin ] --START--
INFO: Run Behavior\ReadHtmlCacheBehavior [ RunTime:0.000274s ]
INFO: [ app_begin ] --END-- [ RunTime:0.000301s ]
INFO: [ view_parse ] --START--
INFO: [ template_filter ] --START--
INFO: Run Behavior\ContentReplaceBehavior [ RunTime:0.000029s ]
INFO: [ template_filter ] --END-- [ RunTime:0.000047s ]
INFO: Run Behavior\ParseTemplateBehavior [ RunTime:0.003510s ]
INFO: [ view_parse ] --END-- [ RunTime:0.003526s ]
INFO: [ view_filter ] --START--
INFO: Run Behavior\WriteHtmlCacheBehavior [ RunTime:0.000065s ]
INFO: [ view_filter ] --END-- [ RunTime:0.000076s ]
INFO: [ app_end ] --START--
INFO: Run Behavior\ShowPageTraceBehavior [ RunTime:0.000284s ]
INFO: [ app_end ] --END-- [ RunTime:0.000297s ]

[ 2018-02-12T12:01:40+08:00 ] 124.202.207.110 /favicon.ico
INFO: [ app_init ] --START--
INFO: Run Behavior\BuildLiteBehavior [ RunTime:0.000006s ]
INFO: [ app_init ] --END-- [ RunTime:0.000179s ]

[ 2018-02-12T13:03:28+08:00 ] 61.160.207.12 /ip.asp?ip=47.95.192.25&dk=80
INFO: [ app_init ] --START--
INFO: Run Behavior\BuildLiteBehavior [ RunTime:0.000006s ]
INFO: [ app_init ] --END-- [ RunTime:0.000174s ]
INFO: [ app_begin ] --START--
INFO: Run Behavior\ReadHtmlCacheBehavior [ RunTime:0.000241s ]
INFO: [ app_begin ] --END-- [ RunTime:0.000257s ]
ERR: 无法加载控制器:Ip

[ 2018-02-12T14:19:40+08:00 ] 94.102.49.174 /cache/global/img/gs.gif
INFO: [ app_init ] --START--
INFO: Run Behavior\BuildLiteBehavior [ RunTime:0.000006s ]
INFO: [ app_init ] --END-- [ RunTime:0.000170s ]

[ 2018-02-12T14:53:25+08:00 ] 106.11.242.97 /
INFO: [ app_init ] --START--
INFO: Run Behavior\BuildLiteBehavior [ RunTime:0.000006s ]
INFO: [ app_init ] --END-- [ RunTime:0.000171s ]
INFO: [ app_begin ] --START--
INFO: Run Behavior\ReadHtmlCacheBehavior [ RunTime:0.000245s ]
INFO: [ app_begin ] --END-- [ RunTime:0.000261s ]
INFO: [ view_parse ] --START--
INFO: [ template_filter ] --START--
INFO: Run Behavior\ContentReplaceBehavior [ RunTime:0.000028s ]
INFO: [ template_filter ] --END-- [ RunTime:0.000047s ]
INFO: Run Behavior\ParseTemplateBehavior [ RunTime:0.003632s ]
INFO: [ view_parse ] --END-- [ RunTime:0.003647s ]
INFO: [ view_filter ] --START--
INFO: Run Behavior\WriteHtmlCacheBehavior [ RunTime:0.000066s ]
INFO: [ view_filter ] --END-- [ RunTime:0.000078s ]
INFO: [ app_end ] --START--
INFO: Run Behavior\ShowPageTraceBehavior [ RunTime:0.000264s ]
INFO: [ app_end ] --END-- [ RunTime:0.000276s ]

[ 2018-02-12T15:29:52+08:00 ] 124.202.207.110 /index.php/Home/Index/index
INFO: [ app_init ] --START--
INFO: Run Behavior\BuildLiteBehavior [ RunTime:0.000006s ]
INFO: [ app_init ] --END-- [ RunTime:0.000172s ]
INFO: [ app_begin ] --START--
INFO: Run Behavior\ReadHtmlCacheBehavior [ RunTime:0.000249s ]
INFO: [ app_begin ] --END-- [ RunTime:0.000264s ]
INFO: [ view_parse ] --START--
INFO: [ template_filter ] --START--
INFO: Run Behavior\ContentReplaceBehavior [ RunTime:0.000029s ]
INFO: [ template_filter ] --END-- [ RunTime:0.000050s ]
INFO: Run Behavior\ParseTemplateBehavior [ RunTime:0.003542s ]
INFO: [ view_parse ] --END-- [ RunTime:0.003558s ]
INFO: [ view_filter ] --START--
INFO: Run Behavior\WriteHtmlCacheBehavior [ RunTime:0.000075s ]
INFO: [ view_filter ] --END-- [ RunTime:0.000086s ]
INFO: [ app_end ] --START--
INFO: Run Behavior\ShowPageTraceBehavior [ RunTime:0.000271s ]
INFO: [ app_end ] --END-- [ RunTime:0.000284s ]

[ 2018-02-12T15:51:39+08:00 ] 124.202.207.110 /index.php/Home/Index/index
INFO: [ app_init ] --START--
INFO: Run Behavior\BuildLiteBehavior [ RunTime:0.000013s ]
INFO: [ app_init ] --END-- [ RunTime:0.000178s ]
INFO: [ app_begin ] --START--
INFO: Run Behavior\ReadHtmlCacheBehavior [ RunTime:0.000240s ]
INFO: [ app_begin ] --END-- [ RunTime:0.000255s ]
INFO: [ view_parse ] --START--
INFO: [ template_filter ] --START--
INFO: Run Behavior\ContentReplaceBehavior [ RunTime:0.000029s ]
INFO: [ template_filter ] --END-- [ RunTime:0.000048s ]
INFO: Run Behavior\ParseTemplateBehavior [ RunTime:0.003548s ]
INFO: [ view_parse ] --END-- [ RunTime:0.003563s ]
INFO: [ view_filter ] --START--
INFO: Run Behavior\WriteHtmlCacheBehavior [ RunTime:0.000067s ]
INFO: [ view_filter ] --END-- [ RunTime:0.000078s ]
INFO: [ app_end ] --START--
INFO: Run Behavior\ShowPageTraceBehavior [ RunTime:0.000283s ]
INFO: [ app_end ] --END-- [ RunTime:0.000296s ]

[ 2018-02-12T15:58:06+08:00 ] 124.202.207.110 /index.php/Home/Index/index
INFO: [ app_init ] --START--
INFO: Run Behavior\BuildLiteBehavior [ RunTime:0.000007s ]
INFO: [ app_init ] --END-- [ RunTime:0.000184s ]
INFO: [ app_begin ] --START--
INFO: Run Behavior\ReadHtmlCacheBehavior [ RunTime:0.000271s ]
INFO: [ app_begin ] --END-- [ RunTime:0.000287s ]
INFO: [ view_parse ] --START--
INFO: [ template_filter ] --START--
INFO: Run Behavior\ContentReplaceBehavior [ RunTime:0.000031s ]
INFO: [ template_filter ] --END-- [ RunTime:0.000050s ]
INFO: Run Behavior\ParseTemplateBehavior [ RunTime:0.003743s ]
INFO: [ view_parse ] --END-- [ RunTime:0.003759s ]
INFO: [ view_filter ] --START--
INFO: Run Behavior\WriteHtmlCacheBehavior [ RunTime:0.000067s ]
INFO: [ view_filter ] --END-- [ RunTime:0.000079s ]
INFO: [ app_end ] --START--
INFO: Run Behavior\ShowPageTraceBehavior [ RunTime:0.000278s ]
INFO: [ app_end ] --END-- [ RunTime:0.000291s ]

[ 2018-02-12T15:58:14+08:00 ] 124.202.207.110 /index.php/Home/Index/index
INFO: [ app_init ] --START--
INFO: Run Behavior\BuildLiteBehavior [ RunTime:0.000007s ]
INFO: [ app_init ] --END-- [ RunTime:0.000175s ]
INFO: [ app_begin ] --START--
INFO: Run Behavior\ReadHtmlCacheBehavior [ RunTime:0.000259s ]
INFO: [ app_begin ] --END-- [ RunTime:0.000278s ]
SQL: SHOW COLUMNS FROM `sw_admin` [ RunTime:0.0022s ]
SQL: SELECT * FROM `sw_admin` WHERE `username` = 'admin'  [ RunTime:0.0018s ]
SQL: SELECT * FROM `sw_admin` WHERE `username` = 'admin' AND `password` = 'admin' LIMIT 1   [ RunTime:0.0018s ]
INFO: [ view_parse ] --START--
INFO: [ template_filter ] --START--
INFO: Run Behavior\ContentReplaceBehavior [ RunTime:0.000020s ]
INFO: [ template_filter ] --END-- [ RunTime:0.000040s ]
INFO: Run Behavior\ParseTemplateBehavior [ RunTime:0.003544s ]
INFO: [ view_parse ] --END-- [ RunTime:0.003574s ]
INFO: [ view_filter ] --START--
INFO: Run Behavior\WriteHtmlCacheBehavior [ RunTime:0.000070s ]
INFO: [ view_filter ] --END-- [ RunTime:0.000082s ]
INFO: [ app_end ] --START--
INFO: Run Behavior\ShowPageTraceBehavior [ RunTime:0.000296s ]
INFO: [ app_end ] --END-- [ RunTime:0.000310s ]

[ 2018-02-12T17:02:30+08:00 ] 140.205.201.42 /wls-wsat/CoordinatorPortType
INFO: [ app_init ] --START--
INFO: Run Behavior\BuildLiteBehavior [ RunTime:0.000006s ]
INFO: [ app_init ] --END-- [ RunTime:0.000175s ]
INFO: [ app_begin ] --START--
INFO: Run Behavior\ReadHtmlCacheBehavior [ RunTime:0.000242s ]
INFO: [ app_begin ] --END-- [ RunTime:0.000257s ]
ERR: 无法加载控制器:Wls-wsat

[ 2018-02-12T17:16:15+08:00 ] 140.205.201.42 /master-status
INFO: [ app_init ] --START--
INFO: Run Behavior\BuildLiteBehavior [ RunTime:0.000006s ]
INFO: [ app_init ] --END-- [ RunTime:0.000186s ]
INFO: [ app_begin ] --START--
INFO: Run Behavior\ReadHtmlCacheBehavior [ RunTime:0.000262s ]
INFO: [ app_begin ] --END-- [ RunTime:0.000277s ]
ERR: 无法加载控制器:Master-status

[ 2018-02-12T17:16:24+08:00 ] 140.205.201.42 /
INFO: [ app_init ] --START--
INFO: Run Behavior\BuildLiteBehavior [ RunTime:0.000006s ]
INFO: [ app_init ] --END-- [ RunTime:0.000174s ]
INFO: [ app_begin ] --START--
INFO: Run Behavior\ReadHtmlCacheBehavior [ RunTime:0.000252s ]
INFO: [ app_begin ] --END-- [ RunTime:0.000269s ]
INFO: [ view_parse ] --START--
INFO: [ template_filter ] --START--
INFO: Run Behavior\ContentReplaceBehavior [ RunTime:0.000030s ]
INFO: [ template_filter ] --END-- [ RunTime:0.000052s ]
INFO: Run Behavior\ParseTemplateBehavior [ RunTime:0.003561s ]
INFO: [ view_parse ] --END-- [ RunTime:0.003577s ]
INFO: [ view_filter ] --START--
INFO: Run Behavior\WriteHtmlCacheBehavior [ RunTime:0.000066s ]
INFO: [ view_filter ] --END-- [ RunTime:0.000076s ]
INFO: [ app_end ] --START--
INFO: Run Behavior\ShowPageTraceBehavior [ RunTime:0.000284s ]
INFO: [ app_end ] --END-- [ RunTime:0.000298s ]

[ 2018-02-12T17:29:43+08:00 ] 140.205.201.42 /phpmyadmin/
INFO: [ app_init ] --START--
INFO: Run Behavior\BuildLiteBehavior [ RunTime:0.000006s ]
INFO: [ app_init ] --END-- [ RunTime:0.000175s ]
INFO: [ app_begin ] --START--
INFO: Run Behavior\ReadHtmlCacheBehavior [ RunTime:0.000246s ]
INFO: [ app_begin ] --END-- [ RunTime:0.000264s ]
ERR: 无法加载控制器:Phpmyadmin

[ 2018-02-12T17:29:43+08:00 ] 140.205.201.42 /phpmyadmin/
INFO: [ app_init ] --START--
INFO: Run Behavior\BuildLiteBehavior [ RunTime:0.000006s ]
INFO: [ app_init ] --END-- [ RunTime:0.000185s ]
INFO: [ app_begin ] --START--
INFO: Run Behavior\ReadHtmlCacheBehavior [ RunTime:0.000244s ]
INFO: [ app_begin ] --END-- [ RunTime:0.000260s ]
ERR: 无法加载控制器:Phpmyadmin

[ 2018-02-12T17:29:44+08:00 ] 140.205.201.42 /phpmyadmin/
INFO: [ app_init ] --START--
INFO: Run Behavior\BuildLiteBehavior [ RunTime:0.000007s ]
INFO: [ app_init ] --END-- [ RunTime:0.000184s ]
INFO: [ app_begin ] --START--
INFO: Run Behavior\ReadHtmlCacheBehavior [ RunTime:0.000254s ]
INFO: [ app_begin ] --END-- [ RunTime:0.000270s ]
ERR: 无法加载控制器:Phpmyadmin

[ 2018-02-12T17:29:44+08:00 ] 140.205.201.42 /phpmyadmin/
INFO: [ app_init ] --START--
INFO: Run Behavior\BuildLiteBehavior [ RunTime:0.000006s ]
INFO: [ app_init ] --END-- [ RunTime:0.000199s ]
INFO: [ app_begin ] --START--
INFO: Run Behavior\ReadHtmlCacheBehavior [ RunTime:0.000261s ]
INFO: [ app_begin ] --END-- [ RunTime:0.000276s ]
ERR: 无法加载控制器:Phpmyadmin

[ 2018-02-12T17:29:44+08:00 ] 140.205.201.42 /phpmyadmin/
INFO: [ app_init ] --START--
INFO: Run Behavior\BuildLiteBehavior [ RunTime:0.000006s ]
INFO: [ app_init ] --END-- [ RunTime:0.000184s ]
INFO: [ app_begin ] --START--
INFO: Run Behavior\ReadHtmlCacheBehavior [ RunTime:0.000256s ]
INFO: [ app_begin ] --END-- [ RunTime:0.000281s ]
ERR: 无法加载控制器:Phpmyadmin

[ 2018-02-12T17:29:44+08:00 ] 140.205.201.42 /phpmyadmin/
INFO: [ app_init ] --START--
INFO: Run Behavior\BuildLiteBehavior [ RunTime:0.000006s ]
INFO: [ app_init ] --END-- [ RunTime:0.000181s ]
INFO: [ app_begin ] --START--
INFO: Run Behavior\ReadHtmlCacheBehavior [ RunTime:0.000251s ]
INFO: [ app_begin ] --END-- [ RunTime:0.000268s ]
ERR: 无法加载控制器:Phpmyadmin

[ 2018-02-12T17:29:44+08:00 ] 140.205.201.42 /phpmyadmin/
INFO: [ app_init ] --START--
INFO: Run Behavior\BuildLiteBehavior [ RunTime:0.000007s ]
INFO: [ app_init ] --END-- [ RunTime:0.000185s ]
INFO: [ app_begin ] --START--
INFO: Run Behavior\ReadHtmlCacheBehavior [ RunTime:0.000243s ]
INFO: [ app_begin ] --END-- [ RunTime:0.000258s ]
ERR: 无法加载控制器:Phpmyadmin

[ 2018-02-12T17:29:44+08:00 ] 140.205.201.42 /phpmyadmin/
INFO: [ app_init ] --START--
INFO: Run Behavior\BuildLiteBehavior [ RunTime:0.000007s ]
INFO: [ app_init ] --END-- [ RunTime:0.000180s ]
INFO: [ app_begin ] --START--
INFO: Run Behavior\ReadHtmlCacheBehavior [ RunTime:0.000252s ]
INFO: [ app_begin ] --END-- [ RunTime:0.000268s ]
ERR: 无法加载控制器:Phpmyadmin

[ 2018-02-12T17:29:44+08:00 ] 140.205.201.42 /phpmyadmin/
INFO: [ app_init ] --START--
INFO: Run Behavior\BuildLiteBehavior [ RunTime:0.000005s ]
INFO: [ app_init ] --END-- [ RunTime:0.000182s ]
INFO: [ app_begin ] --START--
INFO: Run Behavior\ReadHtmlCacheBehavior [ RunTime:0.000245s ]
INFO: [ app_begin ] --END-- [ RunTime:0.000260s ]
ERR: 无法加载控制器:Phpmyadmin

[ 2018-02-12T17:29:44+08:00 ] 140.205.201.42 /phpmyadmin/
INFO: [ app_init ] --START--
INFO: Run Behavior\BuildLiteBehavior [ RunTime:0.000006s ]
INFO: [ app_init ] --END-- [ RunTime:0.000184s ]
INFO: [ app_begin ] --START--
INFO: Run Behavior\ReadHtmlCacheBehavior [ RunTime:0.000242s ]
INFO: [ app_begin ] --END-- [ RunTime:0.000258s ]
ERR: 无法加载控制器:Phpmyadmin

[ 2018-02-12T17:29:44+08:00 ] 140.205.201.42 /phpmyadmin/
INFO: [ app_init ] --START--
INFO: Run Behavior\BuildLiteBehavior [ RunTime:0.000006s ]
INFO: [ app_init ] --END-- [ RunTime:0.000171s ]
INFO: [ app_begin ] --START--
INFO: Run Behavior\ReadHtmlCacheBehavior [ RunTime:0.000247s ]
INFO: [ app_begin ] --END-- [ RunTime:0.000262s ]
ERR: 无法加载控制器:Phpmyadmin

[ 2018-02-12T17:29:44+08:00 ] 140.205.201.42 /phpmyadmin/
INFO: [ app_init ] --START--
INFO: Run Behavior\BuildLiteBehavior [ RunTime:0.000007s ]
INFO: [ app_init ] --END-- [ RunTime:0.000174s ]
INFO: [ app_begin ] --START--
INFO: Run Behavior\ReadHtmlCacheBehavior [ RunTime:0.000254s ]
INFO: [ app_begin ] --END-- [ RunTime:0.000271s ]
ERR: 无法加载控制器:Phpmyadmin

[ 2018-02-12T17:29:44+08:00 ] 140.205.201.42 /phpmyadmin/
INFO: [ app_init ] --START--
INFO: Run Behavior\BuildLiteBehavior [ RunTime:0.000006s ]
INFO: [ app_init ] --END-- [ RunTime:0.000191s ]
INFO: [ app_begin ] --START--
INFO: Run Behavior\ReadHtmlCacheBehavior [ RunTime:0.000260s ]
INFO: [ app_begin ] --END-- [ RunTime:0.000277s ]
ERR: 无法加载控制器:Phpmyadmin

[ 2018-02-12T17:29:44+08:00 ] 140.205.201.42 /phpmyadmin/
INFO: [ app_init ] --START--
INFO: Run Behavior\BuildLiteBehavior [ RunTime:0.000005s ]
INFO: [ app_init ] --END-- [ RunTime:0.000175s ]
INFO: [ app_begin ] --START--
INFO: Run Behavior\ReadHtmlCacheBehavior [ RunTime:0.000255s ]
INFO: [ app_begin ] --END-- [ RunTime:0.000271s ]
ERR: 无法加载控制器:Phpmyadmin

[ 2018-02-12T17:29:44+08:00 ] 140.205.201.42 /phpmyadmin/
INFO: [ app_init ] --START--
INFO: Run Behavior\BuildLiteBehavior [ RunTime:0.000005s ]
INFO: [ app_init ] --END-- [ RunTime:0.000169s ]
INFO: [ app_begin ] --START--
INFO: Run Behavior\ReadHtmlCacheBehavior [ RunTime:0.000251s ]
INFO: [ app_begin ] --END-- [ RunTime:0.000266s ]
ERR: 无法加载控制器:Phpmyadmin

[ 2018-02-12T17:29:44+08:00 ] 140.205.201.42 /phpmyadmin/
INFO: [ app_init ] --START--
INFO: Run Behavior\BuildLiteBehavior [ RunTime:0.000008s ]
INFO: [ app_init ] --END-- [ RunTime:0.000185s ]
INFO: [ app_begin ] --START--
INFO: Run Behavior\ReadHtmlCacheBehavior [ RunTime:0.000252s ]
INFO: [ app_begin ] --END-- [ RunTime:0.000269s ]
ERR: 无法加载控制器:Phpmyadmin

[ 2018-02-12T17:29:45+08:00 ] 140.205.201.42 /phpmyadmin/
INFO: [ app_init ] --START--
INFO: Run Behavior\BuildLiteBehavior [ RunTime:0.000006s ]
INFO: [ app_init ] --END-- [ RunTime:0.000179s ]
INFO: [ app_begin ] --START--
INFO: Run Behavior\ReadHtmlCacheBehavior [ RunTime:0.000245s ]
INFO: [ app_begin ] --END-- [ RunTime:0.000260s ]
ERR: 无法加载控制器:Phpmyadmin

[ 2018-02-12T17:29:45+08:00 ] 140.205.201.42 /phpmyadmin/
INFO: [ app_init ] --START--
INFO: Run Behavior\BuildLiteBehavior [ RunTime:0.000007s ]
INFO: [ app_init ] --END-- [ RunTime:0.000176s ]
INFO: [ app_begin ] --START--
INFO: Run Behavior\ReadHtmlCacheBehavior [ RunTime:0.000243s ]
INFO: [ app_begin ] --END-- [ RunTime:0.000259s ]
ERR: 无法加载控制器:Phpmyadmin

[ 2018-02-12T17:29:45+08:00 ] 140.205.201.42 /phpmyadmin/
INFO: [ app_init ] --START--
INFO: Run Behavior\BuildLiteBehavior [ RunTime:0.000006s ]
INFO: [ app_init ] --END-- [ RunTime:0.000188s ]
INFO: [ app_begin ] --START--
INFO: Run Behavior\ReadHtmlCacheBehavior [ RunTime:0.000251s ]
INFO: [ app_begin ] --END-- [ RunTime:0.000266s ]
ERR: 无法加载控制器:Phpmyadmin

[ 2018-02-12T17:29:45+08:00 ] 140.205.201.42 /phpmyadmin/
INFO: [ app_init ] --START--
INFO: Run Behavior\BuildLiteBehavior [ RunTime:0.000007s ]
INFO: [ app_init ] --END-- [ RunTime:0.000175s ]
INFO: [ app_begin ] --START--
INFO: Run Behavior\ReadHtmlCacheBehavior [ RunTime:0.000247s ]
INFO: [ app_begin ] --END-- [ RunTime:0.000265s ]
ERR: 无法加载控制器:Phpmyadmin

[ 2018-02-12T17:37:23+08:00 ] 140.205.201.42 /rs-status
INFO: [ app_init ] --START--
INFO: Run Behavior\BuildLiteBehavior [ RunTime:0.000006s ]
INFO: [ app_init ] --END-- [ RunTime:0.000169s ]
INFO: [ app_begin ] --START--
INFO: Run Behavior\ReadHtmlCacheBehavior [ RunTime:0.000236s ]
INFO: [ app_begin ] --END-- [ RunTime:0.000252s ]
ERR: 无法加载控制器:Rs-status

[ 2018-02-12T17:57:42+08:00 ] 140.205.201.42 /index.php
INFO: [ app_init ] --START--
INFO: Run Behavior\BuildLiteBehavior [ RunTime:0.000006s ]
INFO: [ app_init ] --END-- [ RunTime:0.000172s ]
INFO: [ app_begin ] --START--
INFO: Run Behavior\ReadHtmlCacheBehavior [ RunTime:0.000250s ]
INFO: [ app_begin ] --END-- [ RunTime:0.000265s ]
INFO: [ view_parse ] --START--
INFO: [ template_filter ] --START--
INFO: Run Behavior\ContentReplaceBehavior [ RunTime:0.000030s ]
INFO: [ template_filter ] --END-- [ RunTime:0.000051s ]
INFO: Run Behavior\ParseTemplateBehavior [ RunTime:0.003517s ]
INFO: [ view_parse ] --END-- [ RunTime:0.003534s ]
INFO: [ view_filter ] --START--
INFO: Run Behavior\WriteHtmlCacheBehavior [ RunTime:0.000064s ]
INFO: [ view_filter ] --END-- [ RunTime:0.000075s ]
INFO: [ app_end ] --START--
INFO: Run Behavior\ShowPageTraceBehavior [ RunTime:0.000273s ]
INFO: [ app_end ] --END-- [ RunTime:0.000286s ]

[ 2018-02-12T19:16:43+08:00 ] 172.82.166.210 /cache/global/img/gs.gif
INFO: [ app_init ] --START--
INFO: Run Behavior\BuildLiteBehavior [ RunTime:0.000006s ]
INFO: [ app_init ] --END-- [ RunTime:0.000195s ]

[ 2018-02-12T19:27:47+08:00 ] 107.170.232.4 /
INFO: [ app_init ] --START--
INFO: Run Behavior\BuildLiteBehavior [ RunTime:0.000007s ]
INFO: [ app_init ] --END-- [ RunTime:0.000186s ]
INFO: [ app_begin ] --START--
INFO: Run Behavior\ReadHtmlCacheBehavior [ RunTime:0.000282s ]
INFO: [ app_begin ] --END-- [ RunTime:0.000299s ]
INFO: [ view_parse ] --START--
INFO: [ template_filter ] --START--
INFO: Run Behavior\ContentReplaceBehavior [ RunTime:0.000039s ]
INFO: [ template_filter ] --END-- [ RunTime:0.000060s ]
INFO: Run Behavior\ParseTemplateBehavior [ RunTime:0.003773s ]
INFO: [ view_parse ] --END-- [ RunTime:0.003790s ]
INFO: [ view_filter ] --START--
INFO: Run Behavior\WriteHtmlCacheBehavior [ RunTime:0.000069s ]
INFO: [ view_filter ] --END-- [ RunTime:0.000081s ]
INFO: [ app_end ] --START--
INFO: Run Behavior\ShowPageTraceBehavior [ RunTime:0.000274s ]
INFO: [ app_end ] --END-- [ RunTime:0.000287s ]

[ 2018-02-12T20:27:04+08:00 ] 140.205.225.198 /wls-wsat/CoordinatorPortType
INFO: [ app_init ] --START--
INFO: Run Behavior\BuildLiteBehavior [ RunTime:0.000007s ]
INFO: [ app_init ] --END-- [ RunTime:0.000200s ]
INFO: [ app_begin ] --START--
INFO: Run Behavior\ReadHtmlCacheBehavior [ RunTime:0.000260s ]
INFO: [ app_begin ] --END-- [ RunTime:0.000275s ]
ERR: 无法加载控制器:Wls-wsat

[ 2018-02-12T20:47:15+08:00 ] 140.205.225.198 /master-status
INFO: [ app_init ] --START--
INFO: Run Behavior\BuildLiteBehavior [ RunTime:0.000007s ]
INFO: [ app_init ] --END-- [ RunTime:0.000176s ]
INFO: [ app_begin ] --START--
INFO: Run Behavior\ReadHtmlCacheBehavior [ RunTime:0.000242s ]
INFO: [ app_begin ] --END-- [ RunTime:0.000258s ]
ERR: 无法加载控制器:Master-status

[ 2018-02-12T20:47:15+08:00 ] 140.205.225.198 /
INFO: [ app_init ] --START--
INFO: Run Behavior\BuildLiteBehavior [ RunTime:0.000007s ]
INFO: [ app_init ] --END-- [ RunTime:0.000184s ]
INFO: [ app_begin ] --START--
INFO: Run Behavior\ReadHtmlCacheBehavior [ RunTime:0.000238s ]
INFO: [ app_begin ] --END-- [ RunTime:0.000252s ]
INFO: [ view_parse ] --START--
INFO: [ template_filter ] --START--
INFO: Run Behavior\ContentReplaceBehavior [ RunTime:0.000032s ]
INFO: [ template_filter ] --END-- [ RunTime:0.000051s ]
INFO: Run Behavior\ParseTemplateBehavior [ RunTime:0.003506s ]
INFO: [ view_parse ] --END-- [ RunTime:0.003522s ]
INFO: [ view_filter ] --START--
INFO: Run Behavior\WriteHtmlCacheBehavior [ RunTime:0.000070s ]
INFO: [ view_filter ] --END-- [ RunTime:0.000082s ]
INFO: [ app_end ] --START--
INFO: Run Behavior\ShowPageTraceBehavior [ RunTime:0.000269s ]
INFO: [ app_end ] --END-- [ RunTime:0.000281s ]

[ 2018-02-12T20:56:01+08:00 ] 140.205.225.198 /phpmyadmin/
INFO: [ app_init ] --START--
INFO: Run Behavior\BuildLiteBehavior [ RunTime:0.000008s ]
INFO: [ app_init ] --END-- [ RunTime:0.000185s ]
INFO: [ app_begin ] --START--
INFO: Run Behavior\ReadHtmlCacheBehavior [ RunTime:0.000254s ]
INFO: [ app_begin ] --END-- [ RunTime:0.000271s ]
ERR: 无法加载控制器:Phpmyadmin

[ 2018-02-12T20:56:02+08:00 ] 140.205.225.198 /phpmyadmin/
INFO: [ app_init ] --START--
INFO: Run Behavior\BuildLiteBehavior [ RunTime:0.000007s ]
INFO: [ app_init ] --END-- [ RunTime:0.000176s ]
INFO: [ app_begin ] --START--
INFO: Run Behavior\ReadHtmlCacheBehavior [ RunTime:0.000240s ]
INFO: [ app_begin ] --END-- [ RunTime:0.000256s ]
ERR: 无法加载控制器:Phpmyadmin

[ 2018-02-12T20:56:02+08:00 ] 140.205.225.198 /phpmyadmin/
INFO: [ app_init ] --START--
INFO: Run Behavior\BuildLiteBehavior [ RunTime:0.000007s ]
INFO: [ app_init ] --END-- [ RunTime:0.000205s ]
INFO: [ app_begin ] --START--
INFO: Run Behavior\ReadHtmlCacheBehavior [ RunTime:0.000254s ]
INFO: [ app_begin ] --END-- [ RunTime:0.000271s ]
ERR: 无法加载控制器:Phpmyadmin

[ 2018-02-12T20:56:02+08:00 ] 140.205.225.198 /phpmyadmin/
INFO: [ app_init ] --START--
INFO: Run Behavior\BuildLiteBehavior [ RunTime:0.000007s ]
INFO: [ app_init ] --END-- [ RunTime:0.000195s ]
INFO: [ app_begin ] --START--
INFO: Run Behavior\ReadHtmlCacheBehavior [ RunTime:0.000233s ]
INFO: [ app_begin ] --END-- [ RunTime:0.000249s ]
ERR: 无法加载控制器:Phpmyadmin

[ 2018-02-12T20:56:02+08:00 ] 140.205.225.198 /phpmyadmin/
INFO: [ app_init ] --START--
INFO: Run Behavior\BuildLiteBehavior [ RunTime:0.000007s ]
INFO: [ app_init ] --END-- [ RunTime:0.000211s ]
INFO: [ app_begin ] --START--
INFO: Run Behavior\ReadHtmlCacheBehavior [ RunTime:0.000251s ]
INFO: [ app_begin ] --END-- [ RunTime:0.000268s ]
ERR: 无法加载控制器:Phpmyadmin

[ 2018-02-12T20:56:02+08:00 ] 140.205.225.198 /phpmyadmin/
INFO: [ app_init ] --START--
INFO: Run Behavior\BuildLiteBehavior [ RunTime:0.000007s ]
INFO: [ app_init ] --END-- [ RunTime:0.000173s ]
INFO: [ app_begin ] --START--
INFO: Run Behavior\ReadHtmlCacheBehavior [ RunTime:0.000257s ]
INFO: [ app_begin ] --END-- [ RunTime:0.000273s ]
ERR: 无法加载控制器:Phpmyadmin

[ 2018-02-12T20:56:02+08:00 ] 140.205.225.198 /phpmyadmin/
INFO: [ app_init ] --START--
INFO: Run Behavior\BuildLiteBehavior [ RunTime:0.000006s ]
INFO: [ app_init ] --END-- [ RunTime:0.000173s ]
INFO: [ app_begin ] --START--
INFO: Run Behavior\ReadHtmlCacheBehavior [ RunTime:0.000236s ]
INFO: [ app_begin ] --END-- [ RunTime:0.000252s ]
ERR: 无法加载控制器:Phpmyadmin

[ 2018-02-12T20:56:02+08:00 ] 140.205.225.198 /phpmyadmin/
INFO: [ app_init ] --START--
INFO: Run Behavior\BuildLiteBehavior [ RunTime:0.000007s ]
INFO: [ app_init ] --END-- [ RunTime:0.000182s ]
INFO: [ app_begin ] --START--
INFO: Run Behavior\ReadHtmlCacheBehavior [ RunTime:0.000255s ]
INFO: [ app_begin ] --END-- [ RunTime:0.000273s ]
ERR: 无法加载控制器:Phpmyadmin

[ 2018-02-12T20:56:02+08:00 ] 140.205.225.198 /phpmyadmin/
INFO: [ app_init ] --START--
INFO: Run Behavior\BuildLiteBehavior [ RunTime:0.000006s ]
INFO: [ app_init ] --END-- [ RunTime:0.000184s ]
INFO: [ app_begin ] --START--
INFO: Run Behavior\ReadHtmlCacheBehavior [ RunTime:0.000250s ]
INFO: [ app_begin ] --END-- [ RunTime:0.000266s ]
ERR: 无法加载控制器:Phpmyadmin

[ 2018-02-12T20:56:02+08:00 ] 140.205.225.198 /phpmyadmin/
INFO: [ app_init ] --START--
INFO: Run Behavior\BuildLiteBehavior [ RunTime:0.000006s ]
INFO: [ app_init ] --END-- [ RunTime:0.000180s ]
INFO: [ app_begin ] --START--
INFO: Run Behavior\ReadHtmlCacheBehavior [ RunTime:0.000276s ]
INFO: [ app_begin ] --END-- [ RunTime:0.000293s ]
ERR: 无法加载控制器:Phpmyadmin

[ 2018-02-12T20:56:02+08:00 ] 140.205.225.198 /phpmyadmin/
INFO: [ app_init ] --START--
INFO: Run Behavior\BuildLiteBehavior [ RunTime:0.000007s ]
INFO: [ app_init ] --END-- [ RunTime:0.000182s ]
INFO: [ app_begin ] --START--
INFO: Run Behavior\ReadHtmlCacheBehavior [ RunTime:0.000274s ]
INFO: [ app_begin ] --END-- [ RunTime:0.000291s ]
ERR: 无法加载控制器:Phpmyadmin

[ 2018-02-12T20:56:02+08:00 ] 140.205.225.198 /phpmyadmin/
INFO: [ app_init ] --START--
INFO: Run Behavior\BuildLiteBehavior [ RunTime:0.000006s ]
INFO: [ app_init ] --END-- [ RunTime:0.000171s ]
INFO: [ app_begin ] --START--
INFO: Run Behavior\ReadHtmlCacheBehavior [ RunTime:0.000234s ]
INFO: [ app_begin ] --END-- [ RunTime:0.000249s ]
ERR: 无法加载控制器:Phpmyadmin

[ 2018-02-12T20:56:02+08:00 ] 140.205.225.198 /phpmyadmin/
INFO: [ app_init ] --START--
INFO: Run Behavior\BuildLiteBehavior [ RunTime:0.000006s ]
INFO: [ app_init ] --END-- [ RunTime:0.000205s ]
INFO: [ app_begin ] --START--
INFO: Run Behavior\ReadHtmlCacheBehavior [ RunTime:0.000267s ]
INFO: [ app_begin ] --END-- [ RunTime:0.000283s ]
ERR: 无法加载控制器:Phpmyadmin

[ 2018-02-12T20:56:02+08:00 ] 140.205.225.198 /phpmyadmin/
INFO: [ app_init ] --START--
INFO: Run Behavior\BuildLiteBehavior [ RunTime:0.000007s ]
INFO: [ app_init ] --END-- [ RunTime:0.000179s ]
INFO: [ app_begin ] --START--
INFO: Run Behavior\ReadHtmlCacheBehavior [ RunTime:0.000266s ]
INFO: [ app_begin ] --END-- [ RunTime:0.000283s ]
ERR: 无法加载控制器:Phpmyadmin

[ 2018-02-12T20:56:03+08:00 ] 140.205.225.198 /phpmyadmin/
INFO: [ app_init ] --START--
INFO: Run Behavior\BuildLiteBehavior [ RunTime:0.000008s ]
INFO: [ app_init ] --END-- [ RunTime:0.000185s ]
INFO: [ app_begin ] --START--
INFO: Run Behavior\ReadHtmlCacheBehavior [ RunTime:0.000278s ]
INFO: [ app_begin ] --END-- [ RunTime:0.000295s ]
ERR: 无法加载控制器:Phpmyadmin

[ 2018-02-12T20:56:03+08:00 ] 140.205.225.198 /phpmyadmin/
INFO: [ app_init ] --START--
INFO: Run Behavior\BuildLiteBehavior [ RunTime:0.000006s ]
INFO: [ app_init ] --END-- [ RunTime:0.000179s ]
INFO: [ app_begin ] --START--
INFO: Run Behavior\ReadHtmlCacheBehavior [ RunTime:0.000257s ]
INFO: [ app_begin ] --END-- [ RunTime:0.000275s ]
ERR: 无法加载控制器:Phpmyadmin

[ 2018-02-12T20:56:03+08:00 ] 140.205.225.198 /phpmyadmin/
INFO: [ app_init ] --START--
INFO: Run Behavior\BuildLiteBehavior [ RunTime:0.000007s ]
INFO: [ app_init ] --END-- [ RunTime:0.000179s ]
INFO: [ app_begin ] --START--
INFO: Run Behavior\ReadHtmlCacheBehavior [ RunTime:0.000244s ]
INFO: [ app_begin ] --END-- [ RunTime:0.000259s ]
ERR: 无法加载控制器:Phpmyadmin

[ 2018-02-12T20:56:03+08:00 ] 140.205.225.198 /phpmyadmin/
INFO: [ app_init ] --START--
INFO: Run Behavior\BuildLiteBehavior [ RunTime:0.000007s ]
INFO: [ app_init ] --END-- [ RunTime:0.000174s ]
INFO: [ app_begin ] --START--
INFO: Run Behavior\ReadHtmlCacheBehavior [ RunTime:0.000234s ]
INFO: [ app_begin ] --END-- [ RunTime:0.000249s ]
ERR: 无法加载控制器:Phpmyadmin

[ 2018-02-12T20:56:03+08:00 ] 140.205.225.198 /phpmyadmin/
INFO: [ app_init ] --START--
INFO: Run Behavior\BuildLiteBehavior [ RunTime:0.000006s ]
INFO: [ app_init ] --END-- [ RunTime:0.000181s ]
INFO: [ app_begin ] --START--
INFO: Run Behavior\ReadHtmlCacheBehavior [ RunTime:0.000250s ]
INFO: [ app_begin ] --END-- [ RunTime:0.000281s ]
ERR: 无法加载控制器:Phpmyadmin

[ 2018-02-12T20:56:03+08:00 ] 140.205.225.198 /phpmyadmin/
INFO: [ app_init ] --START--
INFO: Run Behavior\BuildLiteBehavior [ RunTime:0.000006s ]
INFO: [ app_init ] --END-- [ RunTime:0.000184s ]
INFO: [ app_begin ] --START--
INFO: Run Behavior\ReadHtmlCacheBehavior [ RunTime:0.000258s ]
INFO: [ app_begin ] --END-- [ RunTime:0.000276s ]
ERR: 无法加载控制器:Phpmyadmin

[ 2018-02-12T23:16:05+08:00 ] 80.82.78.50 /cache/global/img/gs.gif
INFO: [ app_init ] --START--
INFO: Run Behavior\BuildLiteBehavior [ RunTime:0.000006s ]
INFO: [ app_init ] --END-- [ RunTime:0.000180s ]

